16:03:43.071 [main                     ] DEBUG Logger               - Configured Logger
16:03:43.075 [main                     ] DEBUG GameApplication      - Logging settings
Title: JFX Invaders
Version: 0.0
Width: 640
Height: 480
Fullscreen: false
Intro: false
Profiling: false
Single step:false
App Mode: DEVELOPER
Menu Key: ESCAPE
Stage Style: DECORATED
Scene Factory: class com.almasb.fxgl.app.scene.SceneFactory

16:03:43.361 [JavaFX Application Thread] DEBUG FXGLApplication      - Initializing FXGL
16:03:43.362 [JavaFX Application Thread] INFO  Engine               - FXGL-11.17 (16.07.2021 15.46) on WINDOWS (J:17.0.2 FX:17.0.1)
16:03:43.362 [JavaFX Application Thread] DEBUG Engine               - JRE Vendor Name: Oracle Corporation
16:03:43.362 [JavaFX Application Thread] DEBUG Engine               - Running on OS: Windows 10 version 10.0
16:03:43.362 [JavaFX Application Thread] DEBUG Engine               - Architecture: amd64
16:03:43.362 [JavaFX Application Thread] INFO  Engine               - Source code and latest versions at: https://github.com/AlmasB/FXGL
16:03:43.362 [JavaFX Application Thread] INFO  Engine               -              Join the FXGL chat at: https://gitter.im/AlmasB/FXGL
16:03:43.438 [JavaFX Application Thread] DEBUG PrimaryStageWindow   - Creating a JavaFX scene
16:03:43.473 [JavaFX Application Thread] DEBUG PrimaryStageWindow   - Target settings size: 640.0 x 480.0
16:03:43.473 [JavaFX Application Thread] DEBUG PrimaryStageWindow   - Scaled scene size:    640.0 x 480.0
16:03:43.473 [JavaFX Application Thread] DEBUG PrimaryStageWindow   - Scaled ratio: (1.0, 1.0)
16:03:43.474 [JavaFX Application Thread] DEBUG PrimaryStageWindow   - Set initial scene to FXGLStartupScene
16:03:43.478 [JavaFX Application Thread] DEBUG PrimaryStageWindow   - Opening main window
16:03:43.540 [JavaFX Application Thread] DEBUG PrimaryStageWindow   - Window border size: (16.0, 39.0)
16:03:43.540 [JavaFX Application Thread] DEBUG PrimaryStageWindow   - Scaled size: 640.0 x 480.0
16:03:43.540 [JavaFX Application Thread] DEBUG PrimaryStageWindow   - Scaled ratio: (1.0, 1.0)
16:03:43.540 [JavaFX Application Thread] DEBUG PrimaryStageWindow   - Scene size: 640.0 x 480.0
16:03:43.541 [JavaFX Application Thread] DEBUG PrimaryStageWindow   - Stage size: 656.0 x 519.0
16:03:43.550 [FXGL Background Thread 1 ] DEBUG Engine               - Initializing environment variables
16:03:43.593 [FXGL Background Thread 1 ] DEBUG FXGLAssetLoaderServi - User app class for loading assets: class com.bdn.jfxinvaders.InvadersApp
16:03:43.593 [FXGL Background Thread 1 ] DEBUG GameApplicationServi - Applying CSS: fxgl_dark.css
16:03:43.595 [FXGL Background Thread 1 ] DEBUG FXGLAssetLoaderServi - Loading from file system: jar:file:///C:/Users/georg/.m2/repository/com/github/almasb/fxgl/11.17/fxgl-11.17.jar!/fxglassets/ui/css/fxgl_dark.css
16:03:43.640 [FXGL Background Thread 1 ] DEBUG GameApplicationServi - Initializing application scenes
16:03:43.688 [FXGL Background Thread 1 ] DEBUG GameWorld            - Game world initialized
16:03:43.742 [FXGL Background Thread 1 ] DEBUG PhysicsWorld         - Physics world initialized: appHeight=480, physics.ppm=50.0
16:03:43.742 [FXGL Background Thread 1 ] DEBUG PhysicsWorld         - Using strategy: BRUTE_FORCE
16:03:43.745 [FXGL Background Thread 1 ] DEBUG GameScene            - Game scene initialized: 640x480
16:03:43.760 [FXGL Background Thread 1 ] WARN  FXGL.DefaultMenu     - FXGLDefaultMenu is not designed for resolutions < 800x600
16:03:43.760 [FXGL Background Thread 1 ] DEBUG FXGL.DefaultMenu     - createMenuBodyMainMenu()
16:03:43.773 [FXGL Background Thread 1 ] DEBUG FXGL.DefaultMenu     - createOptionsMenu()
16:03:43.792 [FXGL Background Thread 1 ] DEBUG FXGLAssetLoaderServi - Loading from file system: jar:file:///C:/Users/georg/.m2/repository/com/github/almasb/fxgl/11.17/fxgl-11.17.jar!/fxglassets/textures/particles/smoke.png
16:03:43.895 [FXGL Background Thread 1 ] DEBUG FXGLAssetLoaderServi - Loading from file system: jar:file:///C:/Users/georg/.m2/repository/com/github/almasb/fxgl/11.17/fxgl-11.17.jar!/fxglassets/textures/particles/trace_horizontal.png
16:03:43.922 [FXGL Background Thread 1 ] WARN  FXGL.DefaultMenu     - FXGLDefaultMenu is not designed for resolutions < 800x600
16:03:43.922 [FXGL Background Thread 1 ] DEBUG FXGL.DefaultMenu     - createMenuBodyGameMenu()
16:03:43.923 [FXGL Background Thread 1 ] DEBUG FXGL.DefaultMenu     - createOptionsMenu()
16:03:43.936 [FXGL Background Thread 1 ] DEBUG GameApplicationServi - Application scenes initialized
16:03:43.945 [FXGL Background Thread 1 ] DEBUG SystemBundleService  - Loading FXGL system data
16:03:43.948 [FXGL Background Thread 1 ] DEBUG FileSystemAccess     - Reading from: C:\Users\georg\IdeaProjects\JFXInvaders\system\fxgl.bundle
16:03:43.952 [FXGL Background Thread 1 ] DEBUG SystemBundleService  - Bundle FXGL: {}
16:03:43.952 [FXGL Background Thread 1 ] DEBUG UpdaterService       - Checking for updates
16:03:43.955 [FXGL Background Thread 4 ] DEBUG FXGLApplication      - Loading fonts
16:03:43.956 [FXGL Background Thread 1 ] DEBUG FXGLApplication      - Loading default localization
16:03:43.956 [FXGL Background Thread 4 ] DEBUG FXGLAssetLoaderServi - Loading from file system: jar:file:///C:/Users/georg/.m2/repository/com/github/almasb/fxgl/11.17/fxgl-11.17.jar!/fxglassets/ui/fonts/VarelaRound-Regular.ttf
16:03:43.956 [FXGL Background Thread 1 ] DEBUG FXGLAssetLoaderServi - Loading from file system: jar:file:///C:/Users/georg/.m2/repository/com/github/almasb/fxgl/11.17/fxgl-11.17.jar!/fxglassets/languages/english.lang
16:03:43.967 [FXGL Background Thread 1 ] INFO  FXGLApplication      - FXGL initialization took: 0.418 sec
16:03:43.981 [JavaFX Application Thread] DEBUG Input                - Registered new binding: Move Left - Left
16:03:43.981 [JavaFX Application Thread] DEBUG Input                - Registered new binding: Move Left Alternate - A
16:03:43.981 [JavaFX Application Thread] DEBUG Input                - Registered new binding: Move Right - Right
16:03:43.981 [JavaFX Application Thread] DEBUG Input                - Registered new binding: Move Right Alternate - D
16:03:43.981 [JavaFX Application Thread] DEBUG Input                - Registered new binding: Shoot - Space
16:03:43.982 [JavaFX Application Thread] DEBUG FXGLAssetLoaderServi - Loading from file system: jar:file:///C:/Users/georg/.m2/repository/com/github/almasb/fxgl/11.17/fxgl-11.17.jar!/fxglassets/textures/fxgl_icon.png
16:03:43.997 [JavaFX Application Thread] DEBUG FXGLAssetLoaderServi - Loading from file system: jar:file:///C:/Users/georg/.m2/repository/com/github/almasb/fxgl/11.17/fxgl-11.17.jar!/fxglassets/textures/fxgl_default_cursor.png
16:03:43.999 [JavaFX Application Thread] DEBUG Input                - Registered new binding: Screenshot - CTRL+8
16:03:43.999 [JavaFX Application Thread] DEBUG Input                - Registered new binding: System info dump - CTRL+9
16:03:43.999 [JavaFX Application Thread] DEBUG Input                - Registered new binding: Restart - CTRL+R
16:03:44.000 [JavaFX Application Thread] DEBUG Input                - Registered new binding: Toggle Debug Camera - CTRL+C
16:03:44.003 [JavaFX Application Thread] DEBUG LoopRunner           - Starting loop
16:03:44.003 [JavaFX Application Thread] DEBUG LoopRunner           - Initializing JavaFX AnimationTimerLoop
16:03:44.005 [JavaFX Application Thread] DEBUG Input                - Clearing active input actions
16:03:44.013 [JavaFX Application Thread] DEBUG GameApplicationServi - Removing overlay from FXGLStartupScene and adding to FXGLMainMenuDummyScene
16:03:44.014 [JavaFX Application Thread] DEBUG PrimaryStageWindow   - FXGLStartupScene -> FXGLMainMenuDummyScene
16:03:44.014 [JavaFX Application Thread] DEBUG PrimaryStageWindow   - Push state: FXGLDefaultMenu
16:03:44.018 [JavaFX Application Thread] DEBUG Input                - Clearing active input actions
16:03:44.026 [JavaFX Application Thread] DEBUG GameApplicationServi - Removing overlay from FXGLMainMenuDummyScene and adding to FXGLDefaultMenu
16:03:44.027 [JavaFX Application Thread] DEBUG PrimaryStageWindow   - FXGLMainMenuDummyScene -> FXGLDefaultMenu
16:03:44.031 [FXGL Background Thread 4 ] DEBUG FXGLAssetLoaderServi - Loading from file system: jar:file:///C:/Users/georg/.m2/repository/com/github/almasb/fxgl/11.17/fxgl-11.17.jar!/fxglassets/ui/fonts/Abel-Regular.ttf
16:03:44.043 [FXGL Background Thread 4 ] DEBUG FXGLAssetLoaderServi - Loading from file system: jar:file:///C:/Users/georg/.m2/repository/com/github/almasb/fxgl/11.17/fxgl-11.17.jar!/fxglassets/ui/fonts/lucida_console.ttf
16:03:44.054 [FXGL Background Thread 4 ] DEBUG FXGLAssetLoaderServi - Loading from file system: jar:file:///C:/Users/georg/.m2/repository/com/github/almasb/fxgl/11.17/fxgl-11.17.jar!/fxglassets/ui/fonts/Courier-Prime.ttf
16:03:44.089 [JavaFX Application Thread] DEBUG FXGLApplication      - Registering font factories with UI factory
16:03:44.448 [FXGL Background Thread 2 ] INFO  UpdaterService       - Your current version:  11.17
16:03:44.449 [FXGL Background Thread 2 ] INFO  UpdaterService       - Latest stable version: 17.3
16:03:46.957 [FXGL Background Thread 3 ] DEBUG Engine               - Logging environment variables
16:03:46.957 [FXGL Background Thread 3 ] DEBUG Engine               - achievements: []
16:03:46.957 [FXGL Background Thread 3 ] DEBUG Engine               - actualHeight: 480.0
16:03:46.958 [FXGL Background Thread 3 ] DEBUG Engine               - actualHeightProperty: ReadOnlyDoubleProperty [value: 480.0]
16:03:46.958 [FXGL Background Thread 3 ] DEBUG Engine               - actualWidth: 640.0
16:03:46.958 [FXGL Background Thread 3 ] DEBUG Engine               - actualWidthProperty: ReadOnlyDoubleProperty [value: 640.0]
16:03:46.958 [FXGL Background Thread 3 ] DEBUG Engine               - appIcon: fxgl_icon.png
16:03:46.958 [FXGL Background Thread 3 ] DEBUG Engine               - applicationMode: DEVELOPER
16:03:46.958 [FXGL Background Thread 3 ] DEBUG Engine               - cSSList: [fxgl_dark.css]
16:03:46.958 [FXGL Background Thread 3 ] DEBUG Engine               - collisionDetectionStrategy: BRUTE_FORCE
16:03:46.959 [FXGL Background Thread 3 ] DEBUG Engine               - configClass: Optional.empty
16:03:46.959 [FXGL Background Thread 3 ] DEBUG Engine               - credits: []
16:03:46.959 [FXGL Background Thread 3 ] DEBUG Engine               - defaultCursor: CursorInfo(imageName=fxgl_default_cursor.png, hotspotX=7.0, hotspotY=6.0)
16:03:46.959 [FXGL Background Thread 3 ] DEBUG Engine               - devBBoxColorProperty: ObjectProperty [value: 0xff0000ff]
16:03:46.960 [FXGL Background Thread 3 ] DEBUG Engine               - devEnableDebugCameraProperty: BooleanProperty [value: false]
16:03:46.960 [FXGL Background Thread 3 ] DEBUG Engine               - devSensorColorProperty: ObjectProperty [value: 0xffff00ff]
16:03:46.960 [FXGL Background Thread 3 ] DEBUG Engine               - devShowBBoxProperty: BooleanProperty [value: false]
16:03:46.960 [FXGL Background Thread 3 ] DEBUG Engine               - devShowPositionProperty: BooleanProperty [value: false]
16:03:46.960 [FXGL Background Thread 3 ] DEBUG Engine               - enabledMenuItems: []
16:03:46.960 [FXGL Background Thread 3 ] DEBUG Engine               - engineServices: [class com.almasb.fxgl.app.services.FXGLAssetLoaderService, class com.almasb.fxgl.app.FXGLApplication$GameApplicationService, class com.almasb.fxgl.app.services.FXGLDialogService, class com.almasb.fxgl.app.services.IOTaskExecutorService, class com.almasb.fxgl.io.FileSystemService, class com.almasb.fxgl.localization.LocalizationService, class com.almasb.fxgl.app.services.SystemBundleService, class com.almasb.fxgl.profile.SaveLoadService, class com.almasb.fxgl.ui.FXGLUIFactoryServiceProvider, class com.almasb.fxgl.ui.FXGLDialogFactoryServiceProvider, class com.almasb.fxgl.audio.AudioPlayer, class com.almasb.fxgl.notification.impl.NotificationServiceProvider, class com.almasb.fxgl.achievement.AchievementService, class com.almasb.fxgl.cutscene.CutsceneService, class com.almasb.fxgl.minigames.MiniGameService, class com.almasb.fxgl.net.NetService, class com.almasb.fxgl.app.services.UpdaterService, class com.almasb.fxgl.dev.DevService]
16:03:46.961 [FXGL Background Thread 3 ] DEBUG Engine               - fontGame: Abel-Regular.ttf
16:03:46.961 [FXGL Background Thread 3 ] DEBUG Engine               - fontMono: lucida_console.ttf
16:03:46.961 [FXGL Background Thread 3 ] DEBUG Engine               - fontText: Courier-Prime.ttf
16:03:46.961 [FXGL Background Thread 3 ] DEBUG Engine               - fontUI: VarelaRound-Regular.ttf
16:03:46.961 [FXGL Background Thread 3 ] DEBUG Engine               - fullScreen: BooleanProperty [value: false]
16:03:46.961 [FXGL Background Thread 3 ] DEBUG Engine               - gameDifficulty: MEDIUM
16:03:46.961 [FXGL Background Thread 3 ] DEBUG Engine               - gameDifficultyProperty: ObjectProperty [value: MEDIUM]
16:03:46.962 [FXGL Background Thread 3 ] DEBUG Engine               - globalMusicVolume: 0.5
16:03:46.962 [FXGL Background Thread 3 ] DEBUG Engine               - globalMusicVolumeProperty: DoubleProperty [value: 0.5]
16:03:46.962 [FXGL Background Thread 3 ] DEBUG Engine               - globalSoundVolume: 0.5
16:03:46.962 [FXGL Background Thread 3 ] DEBUG Engine               - globalSoundVolumeProperty: DoubleProperty [value: 0.5]
16:03:46.962 [FXGL Background Thread 3 ] DEBUG Engine               - height: 480
16:03:46.962 [FXGL Background Thread 3 ] DEBUG Engine               - is3D: false
16:03:46.962 [FXGL Background Thread 3 ] DEBUG Engine               - isAndroid: false
16:03:46.962 [FXGL Background Thread 3 ] DEBUG Engine               - isBrowser: false
16:03:46.962 [FXGL Background Thread 3 ] DEBUG Engine               - isClickFeedbackEnabled: false
16:03:46.962 [FXGL Background Thread 3 ] DEBUG Engine               - isCloseConfirmation: false
16:03:46.962 [FXGL Background Thread 3 ] DEBUG Engine               - isDesktop: true
16:03:46.962 [FXGL Background Thread 3 ] DEBUG Engine               - isDeveloperMenuEnabled: false
16:03:46.962 [FXGL Background Thread 3 ] DEBUG Engine               - isEntityPreloadEnabled: true
16:03:46.962 [FXGL Background Thread 3 ] DEBUG Engine               - isExperimentalTiledLargeMap: false
16:03:46.962 [FXGL Background Thread 3 ] DEBUG Engine               - isFileSystemWriteAllowed: true
16:03:46.962 [FXGL Background Thread 3 ] DEBUG Engine               - isFullScreenAllowed: false
16:03:46.962 [FXGL Background Thread 3 ] DEBUG Engine               - isFullScreenFromStart: false
16:03:46.962 [FXGL Background Thread 3 ] DEBUG Engine               - isGameMenuEnabled: true
16:03:46.963 [FXGL Background Thread 3 ] DEBUG Engine               - isIOS: false
16:03:46.963 [FXGL Background Thread 3 ] DEBUG Engine               - isIntroEnabled: false
16:03:46.963 [FXGL Background Thread 3 ] DEBUG Engine               - isLinux: false
16:03:46.963 [FXGL Background Thread 3 ] DEBUG Engine               - isMac: false
16:03:46.963 [FXGL Background Thread 3 ] DEBUG Engine               - isMainMenuEnabled: true
16:03:46.963 [FXGL Background Thread 3 ] DEBUG Engine               - isManualResizeEnabled: false
16:03:46.963 [FXGL Background Thread 3 ] DEBUG Engine               - isMobile: false
16:03:46.963 [FXGL Background Thread 3 ] DEBUG Engine               - isNative: false
16:03:46.963 [FXGL Background Thread 3 ] DEBUG Engine               - isPauseMusicWhenMinimized: true
16:03:46.963 [FXGL Background Thread 3 ] DEBUG Engine               - isPreserveResizeRatio: false
16:03:46.963 [FXGL Background Thread 3 ] DEBUG Engine               - isProfilingEnabled: false
16:03:46.964 [FXGL Background Thread 3 ] DEBUG Engine               - isScaleAffectedOnResize: true
16:03:46.964 [FXGL Background Thread 3 ] DEBUG Engine               - isSingleStep: false
16:03:46.964 [FXGL Background Thread 3 ] DEBUG Engine               - isUserProfileEnabled: false
16:03:46.964 [FXGL Background Thread 3 ] DEBUG Engine               - isWindows: true
16:03:46.964 [FXGL Background Thread 3 ] DEBUG Engine               - language: ObjectProperty [value: ENGLISH]
16:03:46.964 [FXGL Background Thread 3 ] DEBUG Engine               - menuKey: ESCAPE
16:03:46.964 [FXGL Background Thread 3 ] DEBUG Engine               - mouseSensitivity: 0.2
16:03:46.964 [FXGL Background Thread 3 ] DEBUG Engine               - notificationViewClass: class com.almasb.fxgl.notification.view.XboxNotificationView
16:03:46.964 [FXGL Background Thread 3 ] DEBUG Engine               - pixelsPerMeter: 50.0
16:03:46.964 [FXGL Background Thread 3 ] DEBUG Engine               - platform: WINDOWS
16:03:46.964 [FXGL Background Thread 3 ] DEBUG Engine               - prefHeightProperty: ReadOnlyDoubleProperty [value: 480.0]
16:03:46.965 [FXGL Background Thread 3 ] DEBUG Engine               - prefWidthProperty: ReadOnlyDoubleProperty [value: 640.0]
16:03:46.965 [FXGL Background Thread 3 ] DEBUG Engine               - profileDir: profiles/
16:03:46.965 [FXGL Background Thread 3 ] DEBUG Engine               - profileName: StringProperty [value: DEFAULT]
16:03:46.965 [FXGL Background Thread 3 ] DEBUG Engine               - randomSeed: -1
16:03:46.965 [FXGL Background Thread 3 ] DEBUG Engine               - runtimeInfo: RuntimeInfo(platform=WINDOWS, version=11.17, build=16.07.2021 15.46)
16:03:46.966 [FXGL Background Thread 3 ] DEBUG Engine               - saveFileExt: sav
16:03:46.966 [FXGL Background Thread 3 ] DEBUG Engine               - scaledHeightProp$fxgl: DoubleProperty [bound, value: 480.0]
16:03:46.966 [FXGL Background Thread 3 ] DEBUG Engine               - scaledWidthProp$fxgl: DoubleProperty [bound, value: 640.0]
16:03:46.966 [FXGL Background Thread 3 ] DEBUG Engine               - sceneFactory: com.almasb.fxgl.app.scene.SceneFactory@302c2132
16:03:46.966 [FXGL Background Thread 3 ] DEBUG Engine               - secondsIn24h: 60
16:03:46.966 [FXGL Background Thread 3 ] DEBUG Engine               - soundMenuBack: menu/back.wav
16:03:46.966 [FXGL Background Thread 3 ] DEBUG Engine               - soundMenuPress: menu/press.wav
16:03:46.966 [FXGL Background Thread 3 ] DEBUG Engine               - soundMenuSelect: menu/select.wav
16:03:46.967 [FXGL Background Thread 3 ] DEBUG Engine               - soundNotification: core/notification.wav
16:03:46.967 [FXGL Background Thread 3 ] DEBUG Engine               - stageStyle: DECORATED
16:03:46.967 [FXGL Background Thread 3 ] DEBUG Engine               - supportedLanguages: [ENGLISH, FRENCH, GERMAN, HUNGARIAN, RUSSIAN]
16:03:46.967 [FXGL Background Thread 3 ] DEBUG Engine               - ticksPerSecond: -1
16:03:46.967 [FXGL Background Thread 3 ] DEBUG Engine               - title: JFX Invaders
16:03:46.967 [FXGL Background Thread 3 ] DEBUG Engine               - urlGithub: https://github.com/AlmasB/FXGL
16:03:46.967 [FXGL Background Thread 3 ] DEBUG Engine               - urlLeaderboard: http://fxgl-top.herokuapp.com/
16:03:46.967 [FXGL Background Thread 3 ] DEBUG Engine               - urlPOM: https://raw.githubusercontent.com/AlmasB/FXGL/release/README.md
16:03:46.967 [FXGL Background Thread 3 ] DEBUG Engine               - userAppClass: class com.bdn.jfxinvaders.InvadersApp
16:03:46.967 [FXGL Background Thread 3 ] DEBUG Engine               - version: 0.0
16:03:46.969 [FXGL Background Thread 3 ] DEBUG Engine               - versionCheckDays: 7
16:03:46.969 [FXGL Background Thread 3 ] DEBUG Engine               - width: 640
16:03:46.969 [FXGL Background Thread 3 ] DEBUG Engine               - Logging services
16:03:46.969 [FXGL Background Thread 3 ] DEBUG Engine               - class com.almasb.fxgl.app.services.FXGLAssetLoaderService
16:03:46.969 [FXGL Background Thread 3 ] DEBUG Engine               - class com.almasb.fxgl.app.FXGLApplication$GameApplicationService
16:03:46.969 [FXGL Background Thread 3 ] DEBUG Engine               - class com.almasb.fxgl.app.services.FXGLDialogService
16:03:46.969 [FXGL Background Thread 3 ] DEBUG Engine               - class com.almasb.fxgl.app.services.IOTaskExecutorService
16:03:46.969 [FXGL Background Thread 3 ] DEBUG Engine               - class com.almasb.fxgl.io.FileSystemService
16:03:46.969 [FXGL Background Thread 3 ] DEBUG Engine               - class com.almasb.fxgl.localization.LocalizationService
16:03:46.969 [FXGL Background Thread 3 ] DEBUG Engine               - class com.almasb.fxgl.app.services.SystemBundleService
16:03:46.969 [FXGL Background Thread 3 ] DEBUG Engine               - class com.almasb.fxgl.profile.SaveLoadService
16:03:46.969 [FXGL Background Thread 3 ] DEBUG Engine               - class com.almasb.fxgl.ui.FXGLUIFactoryServiceProvider
16:03:46.969 [FXGL Background Thread 3 ] DEBUG Engine               - class com.almasb.fxgl.ui.FXGLDialogFactoryServiceProvider
16:03:46.969 [FXGL Background Thread 3 ] DEBUG Engine               - class com.almasb.fxgl.audio.AudioPlayer
16:03:46.969 [FXGL Background Thread 3 ] DEBUG Engine               - class com.almasb.fxgl.notification.impl.NotificationServiceProvider
16:03:46.971 [FXGL Background Thread 3 ] DEBUG Engine               - class com.almasb.fxgl.achievement.AchievementService
16:03:46.971 [FXGL Background Thread 3 ] DEBUG Engine               - class com.almasb.fxgl.cutscene.CutsceneService
16:03:46.971 [FXGL Background Thread 3 ] DEBUG Engine               - class com.almasb.fxgl.minigames.MiniGameService
16:03:46.971 [FXGL Background Thread 3 ] DEBUG Engine               - class com.almasb.fxgl.net.NetService
16:03:46.971 [FXGL Background Thread 3 ] DEBUG Engine               - class com.almasb.fxgl.app.services.UpdaterService
16:03:46.971 [FXGL Background Thread 3 ] DEBUG Engine               - class com.almasb.fxgl.dev.DevService
16:03:47.044 [JavaFX Application Thread] DEBUG Menu                 - fireNewGame()
16:03:47.044 [JavaFX Application Thread] DEBUG GameApplicationServi - Starting new game
16:03:47.053 [JavaFX Application Thread] DEBUG PrimaryStageWindow   - Pop state: FXGLDefaultMenu
16:03:47.053 [JavaFX Application Thread] DEBUG Input                - Clearing active input actions
16:03:47.054 [JavaFX Application Thread] DEBUG GameApplicationServi - Removing overlay from FXGLDefaultMenu and adding to FXGLMainMenuDummyScene
16:03:47.055 [JavaFX Application Thread] DEBUG PrimaryStageWindow   - FXGLMainMenuDummyScene <- FXGLDefaultMenu
16:03:47.056 [JavaFX Application Thread] DEBUG Input                - Clearing active input actions
16:03:47.066 [JavaFX Application Thread] DEBUG GameApplicationServi - Removing overlay from FXGLMainMenuDummyScene and adding to FXGLLoadingScene
16:03:47.067 [JavaFX Application Thread] DEBUG PrimaryStageWindow   - FXGLMainMenuDummyScene -> FXGLLoadingScene
16:03:47.067 [JavaFX Application Thread] DEBUG GameApplicationServi - Clearing previous game
16:03:47.067 [JavaFX Application Thread] DEBUG GameScene            - Clearing game scene
16:03:47.067 [JavaFX Application Thread] DEBUG GameWorld            - Clearing game world
16:03:47.067 [JavaFX Application Thread] DEBUG PhysicsWorld         - Clearing physics world
16:03:47.070 [FXGL Background Thread 2 ] DEBUG FXGLApplication      - Initializing game
16:03:47.078 [FXGL Background Thread 2 ] DEBUG FXGLAssetLoaderServi - Loading from file system: file:/C:/Users/georg/IdeaProjects/JFXInvaders/target/classes/assets/music/backgroundmusic.mp3
16:03:47.238 [FXGL Background Thread 2 ] DEBUG AudioPlayer          - Playing music com.almasb.fxgl.audio.Music@7715312c
16:03:47.242 [FXGL Background Thread 2 ] DEBUG FXGLAssetLoaderServi - Loading from file system: file:/C:/Users/georg/IdeaProjects/JFXInvaders/target/classes/assets/textures/space.png
16:03:47.269 [FXGL Background Thread 2 ] DEBUG FXGLAssetLoaderServi - Loading from file system: file:/C:/Users/georg/IdeaProjects/JFXInvaders/target/classes/assets/textures/ship.png
16:03:47.289 [FXGL Background Thread 2 ] DEBUG FXGLAssetLoaderServi - Loading from file system: file:/C:/Users/georg/IdeaProjects/JFXInvaders/target/classes/assets/textures/greenalien.png
16:03:47.301 [FXGL Background Thread 2 ] INFO  FXGLApplication      - Game initialization took: 0.231 sec
16:03:47.302 [JavaFX Application Thread] DEBUG Input                - Clearing active input actions
16:03:47.307 [JavaFX Application Thread] DEBUG GameApplicationServi - Removing overlay from FXGLLoadingScene and adding to GameScene
16:03:47.308 [JavaFX Application Thread] DEBUG PrimaryStageWindow   - FXGLLoadingScene -> GameScene
16:03:55.285 [JavaFX Application Thread] DEBUG FXGLAssetLoaderServi - Loading from file system: file:/C:/Users/georg/IdeaProjects/JFXInvaders/target/classes/assets/sounds/shot.wav
16:03:55.293 [JavaFX Application Thread] DEBUG FXGLAssetLoaderServi - Loading from file system: file:/C:/Users/georg/IdeaProjects/JFXInvaders/target/classes/assets/textures/shipbullet.png
16:04:00.712 [JavaFX Application Thread] DEBUG FXGLAssetLoaderServi - Loading from file system: file:/C:/Users/georg/IdeaProjects/JFXInvaders/target/classes/assets/sounds/alienexplosion.wav
16:04:00.716 [JavaFX Application Thread] DEBUG FXGLAssetLoaderServi - Loading from file system: file:/C:/Users/georg/IdeaProjects/JFXInvaders/target/classes/assets/textures/explosion.png
16:04:00.719 [JavaFX Application Thread] DEBUG FXGLAssetLoaderServi - Loading from file system: file:/C:/Users/georg/IdeaProjects/JFXInvaders/target/classes/assets/textures/attackUp.png
16:04:31.929 [JavaFX Application Thread] DEBUG FXGLAssetLoaderServi - Loading from file system: file:/C:/Users/georg/IdeaProjects/JFXInvaders/target/classes/assets/textures/extrashot.png
16:04:32.152 [JavaFX Application Thread] DEBUG FXGLAssetLoaderServi - Loading from file system: file:/C:/Users/georg/IdeaProjects/JFXInvaders/target/classes/assets/textures/orangealien.png
16:05:13.980 [JavaFX Application Thread] DEBUG PrimaryStageWindow   - Push state: FXGLDefaultMenu
16:05:13.980 [JavaFX Application Thread] DEBUG Input                - Clearing active input actions
16:05:13.981 [JavaFX Application Thread] DEBUG GameApplicationServi - Removing overlay from GameScene and adding to FXGLDefaultMenu
16:05:13.981 [JavaFX Application Thread] DEBUG PrimaryStageWindow   - GameScene -> FXGLDefaultMenu
16:05:18.160 [JavaFX Application Thread] DEBUG Menu                 - fireResume()
16:05:18.160 [JavaFX Application Thread] DEBUG PrimaryStageWindow   - Pop state: FXGLDefaultMenu
16:05:18.160 [JavaFX Application Thread] DEBUG Input                - Clearing active input actions
16:05:18.160 [JavaFX Application Thread] DEBUG GameApplicationServi - Removing overlay from FXGLDefaultMenu and adding to GameScene
16:05:18.160 [JavaFX Application Thread] DEBUG PrimaryStageWindow   - GameScene <- FXGLDefaultMenu
16:05:20.758 [JavaFX Application Thread] DEBUG FXGLAssetLoaderServi - Loading from file system: file:/C:/Users/georg/IdeaProjects/JFXInvaders/target/classes/assets/textures/redalien.png
16:05:35.719 [JavaFX Application Thread] DEBUG PrimaryStageWindow   - Push state: FXGLDefaultMenu
16:05:35.719 [JavaFX Application Thread] DEBUG Input                - Clearing active input actions
16:05:35.721 [JavaFX Application Thread] DEBUG GameApplicationServi - Removing overlay from GameScene and adding to FXGLDefaultMenu
16:05:35.721 [JavaFX Application Thread] DEBUG PrimaryStageWindow   - GameScene -> FXGLDefaultMenu
16:05:39.606 [JavaFX Application Thread] DEBUG FXGLApplication      - Exiting FXGL
16:05:39.606 [JavaFX Application Thread] DEBUG LoopRunner           - Stopping loop
16:05:39.606 [JavaFX Application Thread] DEBUG SystemBundleService  - Saving FXGL system data
16:05:39.607 [JavaFX Application Thread] DEBUG FileSystemAccess     - Writing to: C:\Users\georg\IdeaProjects\JFXInvaders\system\fxgl.bundle
16:05:39.609 [JavaFX Application Thread] DEBUG Async                - Shutting down background threads
16:05:39.609 [JavaFX Application Thread] DEBUG PrimaryStageWindow   - Closing main window
16:05:39.615 [JavaFX Application Thread] DEBUG Logger               - Closing Logger
