15:00:49.973 [main                     ] DEBUG Logger               - Configured Logger
15:00:49.976 [main                     ] DEBUG GameApplication      - Logging settings
Title: JFX Invaders
Version: 0.0
Width: 640
Height: 480
Fullscreen: false
Intro: false
Profiling: false
Single step:false
App Mode: DEVELOPER
Menu Key: ESCAPE
Stage Style: DECORATED
Scene Factory: class com.almasb.fxgl.app.scene.SceneFactory

15:00:50.194 [JavaFX Application Thread] DEBUG FXGLApplication      - Initializing FXGL
15:00:50.195 [JavaFX Application Thread] INFO  Engine               - FXGL-11.17 (16.07.2021 15.46) on WINDOWS (J:17.0.2 FX:17.0.1)
15:00:50.196 [JavaFX Application Thread] DEBUG Engine               - JRE Vendor Name: Oracle Corporation
15:00:50.196 [JavaFX Application Thread] DEBUG Engine               - Running on OS: Windows 10 version 10.0
15:00:50.196 [JavaFX Application Thread] DEBUG Engine               - Architecture: amd64
15:00:50.196 [JavaFX Application Thread] INFO  Engine               - Source code and latest versions at: https://github.com/AlmasB/FXGL
15:00:50.196 [JavaFX Application Thread] INFO  Engine               -              Join the FXGL chat at: https://gitter.im/AlmasB/FXGL
15:00:50.256 [JavaFX Application Thread] DEBUG PrimaryStageWindow   - Creating a JavaFX scene
15:00:50.284 [JavaFX Application Thread] DEBUG PrimaryStageWindow   - Target settings size: 640.0 x 480.0
15:00:50.285 [JavaFX Application Thread] DEBUG PrimaryStageWindow   - Scaled scene size:    640.0 x 480.0
15:00:50.285 [JavaFX Application Thread] DEBUG PrimaryStageWindow   - Scaled ratio: (1.0, 1.0)
15:00:50.285 [JavaFX Application Thread] DEBUG PrimaryStageWindow   - Set initial scene to FXGLStartupScene
15:00:50.290 [JavaFX Application Thread] DEBUG PrimaryStageWindow   - Opening main window
15:00:50.342 [JavaFX Application Thread] DEBUG PrimaryStageWindow   - Window border size: (16.0, 39.0)
15:00:50.342 [JavaFX Application Thread] DEBUG PrimaryStageWindow   - Scaled size: 640.0 x 480.0
15:00:50.342 [JavaFX Application Thread] DEBUG PrimaryStageWindow   - Scaled ratio: (1.0, 1.0)
15:00:50.343 [JavaFX Application Thread] DEBUG PrimaryStageWindow   - Scene size: 640.0 x 480.0
15:00:50.343 [JavaFX Application Thread] DEBUG PrimaryStageWindow   - Stage size: 656.0 x 519.0
15:00:50.348 [FXGL Background Thread 1 ] DEBUG Engine               - Initializing environment variables
15:00:50.376 [FXGL Background Thread 1 ] DEBUG FXGLAssetLoaderServi - User app class for loading assets: class com.bdn.jfxinvaders.InvadersApp
15:00:50.377 [FXGL Background Thread 1 ] DEBUG GameApplicationServi - Applying CSS: fxgl_dark.css
15:00:50.377 [FXGL Background Thread 1 ] DEBUG FXGLAssetLoaderServi - Loading from file system: jar:file:///C:/Users/georg/.m2/repository/com/github/almasb/fxgl/11.17/fxgl-11.17.jar!/fxglassets/ui/css/fxgl_dark.css
15:00:50.414 [FXGL Background Thread 1 ] DEBUG GameApplicationServi - Initializing application scenes
15:00:50.444 [FXGL Background Thread 1 ] DEBUG GameWorld            - Game world initialized
15:00:50.482 [FXGL Background Thread 1 ] DEBUG PhysicsWorld         - Physics world initialized: appHeight=480, physics.ppm=50.0
15:00:50.482 [FXGL Background Thread 1 ] DEBUG PhysicsWorld         - Using strategy: BRUTE_FORCE
15:00:50.484 [FXGL Background Thread 1 ] DEBUG GameScene            - Game scene initialized: 640x480
15:00:50.493 [FXGL Background Thread 1 ] WARN  FXGL.DefaultMenu     - FXGLDefaultMenu is not designed for resolutions < 800x600
15:00:50.493 [FXGL Background Thread 1 ] DEBUG FXGL.DefaultMenu     - createMenuBodyMainMenu()
15:00:50.504 [FXGL Background Thread 1 ] DEBUG FXGL.DefaultMenu     - createOptionsMenu()
15:00:50.513 [FXGL Background Thread 1 ] DEBUG FXGLAssetLoaderServi - Loading from file system: jar:file:///C:/Users/georg/.m2/repository/com/github/almasb/fxgl/11.17/fxgl-11.17.jar!/fxglassets/textures/particles/smoke.png
15:00:50.583 [FXGL Background Thread 1 ] DEBUG FXGLAssetLoaderServi - Loading from file system: jar:file:///C:/Users/georg/.m2/repository/com/github/almasb/fxgl/11.17/fxgl-11.17.jar!/fxglassets/textures/particles/trace_horizontal.png
15:00:50.606 [FXGL Background Thread 1 ] WARN  FXGL.DefaultMenu     - FXGLDefaultMenu is not designed for resolutions < 800x600
15:00:50.606 [FXGL Background Thread 1 ] DEBUG FXGL.DefaultMenu     - createMenuBodyGameMenu()
15:00:50.607 [FXGL Background Thread 1 ] DEBUG FXGL.DefaultMenu     - createOptionsMenu()
15:00:50.620 [FXGL Background Thread 1 ] DEBUG GameApplicationServi - Application scenes initialized
15:00:50.626 [FXGL Background Thread 1 ] DEBUG SystemBundleService  - Loading FXGL system data
15:00:50.629 [FXGL Background Thread 1 ] DEBUG FileSystemAccess     - Reading from: C:\Users\georg\IdeaProjects\JFXInvaders\system\fxgl.bundle
15:00:50.633 [FXGL Background Thread 1 ] DEBUG SystemBundleService  - Bundle FXGL: {}
15:00:50.633 [FXGL Background Thread 1 ] DEBUG UpdaterService       - Checking for updates
15:00:50.637 [FXGL Background Thread 4 ] DEBUG FXGLApplication      - Loading fonts
15:00:50.637 [FXGL Background Thread 1 ] DEBUG FXGLApplication      - Loading default localization
15:00:50.637 [FXGL Background Thread 4 ] DEBUG FXGLAssetLoaderServi - Loading from file system: jar:file:///C:/Users/georg/.m2/repository/com/github/almasb/fxgl/11.17/fxgl-11.17.jar!/fxglassets/ui/fonts/VarelaRound-Regular.ttf
15:00:50.637 [FXGL Background Thread 1 ] DEBUG FXGLAssetLoaderServi - Loading from file system: jar:file:///C:/Users/georg/.m2/repository/com/github/almasb/fxgl/11.17/fxgl-11.17.jar!/fxglassets/languages/english.lang
15:00:50.645 [FXGL Background Thread 1 ] INFO  FXGLApplication      - FXGL initialization took: 0.298 sec
15:00:50.652 [JavaFX Application Thread] DEBUG Input                - Registered new binding: Move Left - Left
15:00:50.653 [JavaFX Application Thread] DEBUG Input                - Registered new binding: Move Left Alternate - A
15:00:50.653 [JavaFX Application Thread] DEBUG Input                - Registered new binding: Move Right - Right
15:00:50.653 [JavaFX Application Thread] DEBUG Input                - Registered new binding: Move Right Alternate - D
15:00:50.653 [JavaFX Application Thread] DEBUG Input                - Registered new binding: Shoot - Space
15:00:50.653 [JavaFX Application Thread] DEBUG FXGLAssetLoaderServi - Loading from file system: jar:file:///C:/Users/georg/.m2/repository/com/github/almasb/fxgl/11.17/fxgl-11.17.jar!/fxglassets/textures/fxgl_icon.png
15:00:50.668 [JavaFX Application Thread] DEBUG FXGLAssetLoaderServi - Loading from file system: jar:file:///C:/Users/georg/.m2/repository/com/github/almasb/fxgl/11.17/fxgl-11.17.jar!/fxglassets/textures/fxgl_default_cursor.png
15:00:50.670 [JavaFX Application Thread] DEBUG Input                - Registered new binding: Screenshot - CTRL+8
15:00:50.670 [JavaFX Application Thread] DEBUG Input                - Registered new binding: System info dump - CTRL+9
15:00:50.670 [JavaFX Application Thread] DEBUG Input                - Registered new binding: Restart - CTRL+R
15:00:50.671 [JavaFX Application Thread] DEBUG Input                - Registered new binding: Toggle Debug Camera - CTRL+C
15:00:50.673 [JavaFX Application Thread] DEBUG LoopRunner           - Starting loop
15:00:50.673 [JavaFX Application Thread] DEBUG LoopRunner           - Initializing JavaFX AnimationTimerLoop
15:00:50.674 [JavaFX Application Thread] DEBUG Input                - Clearing active input actions
15:00:50.680 [JavaFX Application Thread] DEBUG GameApplicationServi - Removing overlay from FXGLStartupScene and adding to FXGLMainMenuDummyScene
15:00:50.680 [JavaFX Application Thread] DEBUG PrimaryStageWindow   - FXGLStartupScene -> FXGLMainMenuDummyScene
15:00:50.681 [JavaFX Application Thread] DEBUG PrimaryStageWindow   - Push state: FXGLDefaultMenu
15:00:50.683 [JavaFX Application Thread] DEBUG Input                - Clearing active input actions
15:00:50.690 [JavaFX Application Thread] DEBUG GameApplicationServi - Removing overlay from FXGLMainMenuDummyScene and adding to FXGLDefaultMenu
15:00:50.690 [JavaFX Application Thread] DEBUG PrimaryStageWindow   - FXGLMainMenuDummyScene -> FXGLDefaultMenu
15:00:50.693 [FXGL Background Thread 4 ] DEBUG FXGLAssetLoaderServi - Loading from file system: jar:file:///C:/Users/georg/.m2/repository/com/github/almasb/fxgl/11.17/fxgl-11.17.jar!/fxglassets/ui/fonts/Abel-Regular.ttf
15:00:50.700 [FXGL Background Thread 4 ] DEBUG FXGLAssetLoaderServi - Loading from file system: jar:file:///C:/Users/georg/.m2/repository/com/github/almasb/fxgl/11.17/fxgl-11.17.jar!/fxglassets/ui/fonts/lucida_console.ttf
15:00:50.708 [FXGL Background Thread 4 ] DEBUG FXGLAssetLoaderServi - Loading from file system: jar:file:///C:/Users/georg/.m2/repository/com/github/almasb/fxgl/11.17/fxgl-11.17.jar!/fxglassets/ui/fonts/Courier-Prime.ttf
15:00:50.736 [JavaFX Application Thread] DEBUG FXGLApplication      - Registering font factories with UI factory
15:00:50.886 [FXGL Background Thread 2 ] INFO  UpdaterService       - Your current version:  11.17
15:00:50.886 [FXGL Background Thread 2 ] INFO  UpdaterService       - Latest stable version: 17.3
15:00:51.327 [JavaFX Application Thread] DEBUG Menu                 - fireNewGame()
15:00:51.328 [JavaFX Application Thread] DEBUG GameApplicationServi - Starting new game
15:00:51.331 [JavaFX Application Thread] DEBUG PrimaryStageWindow   - Pop state: FXGLDefaultMenu
15:00:51.331 [JavaFX Application Thread] DEBUG Input                - Clearing active input actions
15:00:51.332 [JavaFX Application Thread] DEBUG GameApplicationServi - Removing overlay from FXGLDefaultMenu and adding to FXGLMainMenuDummyScene
15:00:51.332 [JavaFX Application Thread] DEBUG PrimaryStageWindow   - FXGLMainMenuDummyScene <- FXGLDefaultMenu
15:00:51.332 [JavaFX Application Thread] DEBUG Input                - Clearing active input actions
15:00:51.336 [JavaFX Application Thread] DEBUG GameApplicationServi - Removing overlay from FXGLMainMenuDummyScene and adding to FXGLLoadingScene
15:00:51.336 [JavaFX Application Thread] DEBUG PrimaryStageWindow   - FXGLMainMenuDummyScene -> FXGLLoadingScene
15:00:51.337 [JavaFX Application Thread] DEBUG GameApplicationServi - Clearing previous game
15:00:51.337 [JavaFX Application Thread] DEBUG GameScene            - Clearing game scene
15:00:51.337 [JavaFX Application Thread] DEBUG GameWorld            - Clearing game world
15:00:51.337 [JavaFX Application Thread] DEBUG PhysicsWorld         - Clearing physics world
15:00:51.339 [FXGL Background Thread 2 ] DEBUG FXGLApplication      - Initializing game
15:00:51.343 [FXGL Background Thread 2 ] DEBUG FXGLAssetLoaderServi - Loading from file system: file:/C:/Users/georg/IdeaProjects/JFXInvaders/target/classes/assets/music/backgroundmusic.mp3
15:00:51.460 [FXGL Background Thread 2 ] DEBUG AudioPlayer          - Playing music com.almasb.fxgl.audio.Music@89209dd
15:00:51.462 [FXGL Background Thread 2 ] DEBUG FXGLAssetLoaderServi - Loading from file system: file:/C:/Users/georg/IdeaProjects/JFXInvaders/target/classes/assets/textures/space.png
15:00:51.479 [FXGL Background Thread 2 ] DEBUG FXGLAssetLoaderServi - Loading from file system: file:/C:/Users/georg/IdeaProjects/JFXInvaders/target/classes/assets/textures/ship.png
15:00:51.490 [FXGL Background Thread 2 ] DEBUG FXGLAssetLoaderServi - Loading from file system: file:/C:/Users/georg/IdeaProjects/JFXInvaders/target/classes/assets/textures/greenalien.png
15:00:51.501 [FXGL Background Thread 2 ] INFO  FXGLApplication      - Game initialization took: 0.162 sec
15:00:51.501 [JavaFX Application Thread] DEBUG Input                - Clearing active input actions
15:00:51.505 [JavaFX Application Thread] DEBUG GameApplicationServi - Removing overlay from FXGLLoadingScene and adding to GameScene
15:00:51.506 [JavaFX Application Thread] DEBUG PrimaryStageWindow   - FXGLLoadingScene -> GameScene
15:00:52.524 [JavaFX Application Thread] DEBUG FXGLAssetLoaderServi - Loading from file system: file:/C:/Users/georg/IdeaProjects/JFXInvaders/target/classes/assets/sounds/shot.wav
15:00:52.529 [JavaFX Application Thread] DEBUG FXGLAssetLoaderServi - Loading from file system: file:/C:/Users/georg/IdeaProjects/JFXInvaders/target/classes/assets/textures/shipbullet.png
15:00:53.636 [FXGL Background Thread 3 ] DEBUG Engine               - Logging environment variables
15:00:53.636 [FXGL Background Thread 3 ] DEBUG Engine               - achievements: []
15:00:53.636 [FXGL Background Thread 3 ] DEBUG Engine               - actualHeight: 480.0
15:00:53.636 [FXGL Background Thread 3 ] DEBUG Engine               - actualHeightProperty: ReadOnlyDoubleProperty [value: 480.0]
15:00:53.636 [FXGL Background Thread 3 ] DEBUG Engine               - actualWidth: 640.0
15:00:53.636 [FXGL Background Thread 3 ] DEBUG Engine               - actualWidthProperty: ReadOnlyDoubleProperty [value: 640.0]
15:00:53.636 [FXGL Background Thread 3 ] DEBUG Engine               - appIcon: fxgl_icon.png
15:00:53.637 [FXGL Background Thread 3 ] DEBUG Engine               - applicationMode: DEVELOPER
15:00:53.637 [FXGL Background Thread 3 ] DEBUG Engine               - cSSList: [fxgl_dark.css]
15:00:53.637 [FXGL Background Thread 3 ] DEBUG Engine               - collisionDetectionStrategy: BRUTE_FORCE
15:00:53.637 [FXGL Background Thread 3 ] DEBUG Engine               - configClass: Optional.empty
15:00:53.637 [FXGL Background Thread 3 ] DEBUG Engine               - credits: []
15:00:53.637 [FXGL Background Thread 3 ] DEBUG Engine               - defaultCursor: CursorInfo(imageName=fxgl_default_cursor.png, hotspotX=7.0, hotspotY=6.0)
15:00:53.637 [FXGL Background Thread 3 ] DEBUG Engine               - devBBoxColorProperty: ObjectProperty [value: 0xff0000ff]
15:00:53.637 [FXGL Background Thread 3 ] DEBUG Engine               - devEnableDebugCameraProperty: BooleanProperty [value: false]
15:00:53.637 [FXGL Background Thread 3 ] DEBUG Engine               - devSensorColorProperty: ObjectProperty [value: 0xffff00ff]
15:00:53.637 [FXGL Background Thread 3 ] DEBUG Engine               - devShowBBoxProperty: BooleanProperty [value: false]
15:00:53.637 [FXGL Background Thread 3 ] DEBUG Engine               - devShowPositionProperty: BooleanProperty [value: false]
15:00:53.637 [FXGL Background Thread 3 ] DEBUG Engine               - enabledMenuItems: []
15:00:53.637 [FXGL Background Thread 3 ] DEBUG Engine               - engineServices: [class com.almasb.fxgl.app.services.FXGLAssetLoaderService, class com.almasb.fxgl.app.FXGLApplication$GameApplicationService, class com.almasb.fxgl.app.services.FXGLDialogService, class com.almasb.fxgl.app.services.IOTaskExecutorService, class com.almasb.fxgl.io.FileSystemService, class com.almasb.fxgl.localization.LocalizationService, class com.almasb.fxgl.app.services.SystemBundleService, class com.almasb.fxgl.profile.SaveLoadService, class com.almasb.fxgl.ui.FXGLUIFactoryServiceProvider, class com.almasb.fxgl.ui.FXGLDialogFactoryServiceProvider, class com.almasb.fxgl.audio.AudioPlayer, class com.almasb.fxgl.notification.impl.NotificationServiceProvider, class com.almasb.fxgl.achievement.AchievementService, class com.almasb.fxgl.cutscene.CutsceneService, class com.almasb.fxgl.minigames.MiniGameService, class com.almasb.fxgl.net.NetService, class com.almasb.fxgl.app.services.UpdaterService, class com.almasb.fxgl.dev.DevService]
15:00:53.638 [FXGL Background Thread 3 ] DEBUG Engine               - fontGame: Abel-Regular.ttf
15:00:53.638 [FXGL Background Thread 3 ] DEBUG Engine               - fontMono: lucida_console.ttf
15:00:53.638 [FXGL Background Thread 3 ] DEBUG Engine               - fontText: Courier-Prime.ttf
15:00:53.638 [FXGL Background Thread 3 ] DEBUG Engine               - fontUI: VarelaRound-Regular.ttf
15:00:53.638 [FXGL Background Thread 3 ] DEBUG Engine               - fullScreen: BooleanProperty [value: false]
15:00:53.638 [FXGL Background Thread 3 ] DEBUG Engine               - gameDifficulty: MEDIUM
15:00:53.638 [FXGL Background Thread 3 ] DEBUG Engine               - gameDifficultyProperty: ObjectProperty [value: MEDIUM]
15:00:53.638 [FXGL Background Thread 3 ] DEBUG Engine               - globalMusicVolume: 0.5
15:00:53.638 [FXGL Background Thread 3 ] DEBUG Engine               - globalMusicVolumeProperty: DoubleProperty [value: 0.5]
15:00:53.638 [FXGL Background Thread 3 ] DEBUG Engine               - globalSoundVolume: 0.5
15:00:53.638 [FXGL Background Thread 3 ] DEBUG Engine               - globalSoundVolumeProperty: DoubleProperty [value: 0.5]
15:00:53.638 [FXGL Background Thread 3 ] DEBUG Engine               - height: 480
15:00:53.639 [FXGL Background Thread 3 ] DEBUG Engine               - is3D: false
15:00:53.639 [FXGL Background Thread 3 ] DEBUG Engine               - isAndroid: false
15:00:53.639 [FXGL Background Thread 3 ] DEBUG Engine               - isBrowser: false
15:00:53.639 [FXGL Background Thread 3 ] DEBUG Engine               - isClickFeedbackEnabled: false
15:00:53.639 [FXGL Background Thread 3 ] DEBUG Engine               - isCloseConfirmation: false
15:00:53.639 [FXGL Background Thread 3 ] DEBUG Engine               - isDesktop: true
15:00:53.639 [FXGL Background Thread 3 ] DEBUG Engine               - isDeveloperMenuEnabled: false
15:00:53.639 [FXGL Background Thread 3 ] DEBUG Engine               - isEntityPreloadEnabled: true
15:00:53.639 [FXGL Background Thread 3 ] DEBUG Engine               - isExperimentalTiledLargeMap: false
15:00:53.639 [FXGL Background Thread 3 ] DEBUG Engine               - isFileSystemWriteAllowed: true
15:00:53.639 [FXGL Background Thread 3 ] DEBUG Engine               - isFullScreenAllowed: false
15:00:53.639 [FXGL Background Thread 3 ] DEBUG Engine               - isFullScreenFromStart: false
15:00:53.639 [FXGL Background Thread 3 ] DEBUG Engine               - isGameMenuEnabled: true
15:00:53.639 [FXGL Background Thread 3 ] DEBUG Engine               - isIOS: false
15:00:53.639 [FXGL Background Thread 3 ] DEBUG Engine               - isIntroEnabled: false
15:00:53.639 [FXGL Background Thread 3 ] DEBUG Engine               - isLinux: false
15:00:53.640 [FXGL Background Thread 3 ] DEBUG Engine               - isMac: false
15:00:53.640 [FXGL Background Thread 3 ] DEBUG Engine               - isMainMenuEnabled: true
15:00:53.640 [FXGL Background Thread 3 ] DEBUG Engine               - isManualResizeEnabled: false
15:00:53.640 [FXGL Background Thread 3 ] DEBUG Engine               - isMobile: false
15:00:53.640 [FXGL Background Thread 3 ] DEBUG Engine               - isNative: false
15:00:53.640 [FXGL Background Thread 3 ] DEBUG Engine               - isPauseMusicWhenMinimized: true
15:00:53.640 [FXGL Background Thread 3 ] DEBUG Engine               - isPreserveResizeRatio: false
15:00:53.640 [FXGL Background Thread 3 ] DEBUG Engine               - isProfilingEnabled: false
15:00:53.640 [FXGL Background Thread 3 ] DEBUG Engine               - isScaleAffectedOnResize: true
15:00:53.640 [FXGL Background Thread 3 ] DEBUG Engine               - isSingleStep: false
15:00:53.640 [FXGL Background Thread 3 ] DEBUG Engine               - isUserProfileEnabled: false
15:00:53.640 [FXGL Background Thread 3 ] DEBUG Engine               - isWindows: true
15:00:53.640 [FXGL Background Thread 3 ] DEBUG Engine               - language: ObjectProperty [value: ENGLISH]
15:00:53.641 [FXGL Background Thread 3 ] DEBUG Engine               - menuKey: ESCAPE
15:00:53.641 [FXGL Background Thread 3 ] DEBUG Engine               - mouseSensitivity: 0.2
15:00:53.641 [FXGL Background Thread 3 ] DEBUG Engine               - notificationViewClass: class com.almasb.fxgl.notification.view.XboxNotificationView
15:00:53.641 [FXGL Background Thread 3 ] DEBUG Engine               - pixelsPerMeter: 50.0
15:00:53.641 [FXGL Background Thread 3 ] DEBUG Engine               - platform: WINDOWS
15:00:53.641 [FXGL Background Thread 3 ] DEBUG Engine               - prefHeightProperty: ReadOnlyDoubleProperty [value: 480.0]
15:00:53.641 [FXGL Background Thread 3 ] DEBUG Engine               - prefWidthProperty: ReadOnlyDoubleProperty [value: 640.0]
15:00:53.641 [FXGL Background Thread 3 ] DEBUG Engine               - profileDir: profiles/
15:00:53.641 [FXGL Background Thread 3 ] DEBUG Engine               - profileName: StringProperty [value: DEFAULT]
15:00:53.641 [FXGL Background Thread 3 ] DEBUG Engine               - randomSeed: -1
15:00:53.641 [FXGL Background Thread 3 ] DEBUG Engine               - runtimeInfo: RuntimeInfo(platform=WINDOWS, version=11.17, build=16.07.2021 15.46)
15:00:53.641 [FXGL Background Thread 3 ] DEBUG Engine               - saveFileExt: sav
15:00:53.641 [FXGL Background Thread 3 ] DEBUG Engine               - scaledHeightProp$fxgl: DoubleProperty [bound, value: 480.0]
15:00:53.641 [FXGL Background Thread 3 ] DEBUG Engine               - scaledWidthProp$fxgl: DoubleProperty [bound, value: 640.0]
15:00:53.641 [FXGL Background Thread 3 ] DEBUG Engine               - sceneFactory: com.almasb.fxgl.app.scene.SceneFactory@46be4d86
15:00:53.641 [FXGL Background Thread 3 ] DEBUG Engine               - secondsIn24h: 60
15:00:53.642 [FXGL Background Thread 3 ] DEBUG Engine               - soundMenuBack: menu/back.wav
15:00:53.642 [FXGL Background Thread 3 ] DEBUG Engine               - soundMenuPress: menu/press.wav
15:00:53.642 [FXGL Background Thread 3 ] DEBUG Engine               - soundMenuSelect: menu/select.wav
15:00:53.642 [FXGL Background Thread 3 ] DEBUG Engine               - soundNotification: core/notification.wav
15:00:53.642 [FXGL Background Thread 3 ] DEBUG Engine               - stageStyle: DECORATED
15:00:53.642 [FXGL Background Thread 3 ] DEBUG Engine               - supportedLanguages: [ENGLISH, FRENCH, GERMAN, HUNGARIAN, RUSSIAN]
15:00:53.642 [FXGL Background Thread 3 ] DEBUG Engine               - ticksPerSecond: -1
15:00:53.642 [FXGL Background Thread 3 ] DEBUG Engine               - title: JFX Invaders
15:00:53.642 [FXGL Background Thread 3 ] DEBUG Engine               - urlGithub: https://github.com/AlmasB/FXGL
15:00:53.642 [FXGL Background Thread 3 ] DEBUG Engine               - urlLeaderboard: http://fxgl-top.herokuapp.com/
15:00:53.642 [FXGL Background Thread 3 ] DEBUG Engine               - urlPOM: https://raw.githubusercontent.com/AlmasB/FXGL/release/README.md
15:00:53.642 [FXGL Background Thread 3 ] DEBUG Engine               - userAppClass: class com.bdn.jfxinvaders.InvadersApp
15:00:53.642 [FXGL Background Thread 3 ] DEBUG Engine               - version: 0.0
15:00:53.643 [FXGL Background Thread 3 ] DEBUG Engine               - versionCheckDays: 7
15:00:53.643 [FXGL Background Thread 3 ] DEBUG Engine               - width: 640
15:00:53.643 [FXGL Background Thread 3 ] DEBUG Engine               - Logging services
15:00:53.643 [FXGL Background Thread 3 ] DEBUG Engine               - class com.almasb.fxgl.app.services.FXGLAssetLoaderService
15:00:53.643 [FXGL Background Thread 3 ] DEBUG Engine               - class com.almasb.fxgl.app.FXGLApplication$GameApplicationService
15:00:53.643 [FXGL Background Thread 3 ] DEBUG Engine               - class com.almasb.fxgl.app.services.FXGLDialogService
15:00:53.643 [FXGL Background Thread 3 ] DEBUG Engine               - class com.almasb.fxgl.app.services.IOTaskExecutorService
15:00:53.643 [FXGL Background Thread 3 ] DEBUG Engine               - class com.almasb.fxgl.io.FileSystemService
15:00:53.643 [FXGL Background Thread 3 ] DEBUG Engine               - class com.almasb.fxgl.localization.LocalizationService
15:00:53.643 [FXGL Background Thread 3 ] DEBUG Engine               - class com.almasb.fxgl.app.services.SystemBundleService
15:00:53.643 [FXGL Background Thread 3 ] DEBUG Engine               - class com.almasb.fxgl.profile.SaveLoadService
15:00:53.643 [FXGL Background Thread 3 ] DEBUG Engine               - class com.almasb.fxgl.ui.FXGLUIFactoryServiceProvider
15:00:53.643 [FXGL Background Thread 3 ] DEBUG Engine               - class com.almasb.fxgl.ui.FXGLDialogFactoryServiceProvider
15:00:53.643 [FXGL Background Thread 3 ] DEBUG Engine               - class com.almasb.fxgl.audio.AudioPlayer
15:00:53.643 [FXGL Background Thread 3 ] DEBUG Engine               - class com.almasb.fxgl.notification.impl.NotificationServiceProvider
15:00:53.643 [FXGL Background Thread 3 ] DEBUG Engine               - class com.almasb.fxgl.achievement.AchievementService
15:00:53.644 [FXGL Background Thread 3 ] DEBUG Engine               - class com.almasb.fxgl.cutscene.CutsceneService
15:00:53.644 [FXGL Background Thread 3 ] DEBUG Engine               - class com.almasb.fxgl.minigames.MiniGameService
15:00:53.644 [FXGL Background Thread 3 ] DEBUG Engine               - class com.almasb.fxgl.net.NetService
15:00:53.644 [FXGL Background Thread 3 ] DEBUG Engine               - class com.almasb.fxgl.app.services.UpdaterService
15:00:53.644 [FXGL Background Thread 3 ] DEBUG Engine               - class com.almasb.fxgl.dev.DevService
15:00:57.414 [JavaFX Application Thread] DEBUG FXGLAssetLoaderServi - Loading from file system: file:/C:/Users/georg/IdeaProjects/JFXInvaders/target/classes/assets/sounds/alienexplosion.wav
15:00:57.417 [JavaFX Application Thread] DEBUG FXGLAssetLoaderServi - Loading from file system: file:/C:/Users/georg/IdeaProjects/JFXInvaders/target/classes/assets/textures/explosion.png
15:01:10.381 [JavaFX Application Thread] DEBUG FXGLAssetLoaderServi - Loading from file system: file:/C:/Users/georg/IdeaProjects/JFXInvaders/target/classes/assets/textures/attackUp.png
15:01:15.432 [JavaFX Application Thread] DEBUG FXGLAssetLoaderServi - Loading from file system: file:/C:/Users/georg/IdeaProjects/JFXInvaders/target/classes/assets/textures/extrashot.png
15:01:22.812 [JavaFX Application Thread] DEBUG FXGLApplication      - Exiting FXGL
15:01:22.813 [JavaFX Application Thread] DEBUG LoopRunner           - Stopping loop
15:01:22.813 [JavaFX Application Thread] DEBUG SystemBundleService  - Saving FXGL system data
15:01:22.814 [JavaFX Application Thread] DEBUG FileSystemAccess     - Writing to: C:\Users\georg\IdeaProjects\JFXInvaders\system\fxgl.bundle
15:01:22.815 [JavaFX Application Thread] DEBUG Async                - Shutting down background threads
15:01:22.815 [JavaFX Application Thread] DEBUG PrimaryStageWindow   - Closing main window
15:01:22.822 [JavaFX Application Thread] DEBUG Logger               - Closing Logger
