13:31:24.709 [main                     ] DEBUG Logger               - Configured Logger
13:31:24.712 [main                     ] DEBUG GameApplication      - Logging settings
Title: JFX Invaders
Version: 0.0
Width: 640
Height: 480
Fullscreen: false
Intro: false
Profiling: false
Single step:false
App Mode: DEVELOPER
Menu Key: ESCAPE
Stage Style: DECORATED
Scene Factory: class com.almasb.fxgl.app.scene.SceneFactory

13:31:24.929 [JavaFX Application Thread] DEBUG FXGLApplication      - Initializing FXGL
13:31:24.930 [JavaFX Application Thread] INFO  Engine               - FXGL-11.17 (16.07.2021 15.46) on WINDOWS (J:17.0.2 FX:17.0.1)
13:31:24.930 [JavaFX Application Thread] DEBUG Engine               - JRE Vendor Name: Oracle Corporation
13:31:24.930 [JavaFX Application Thread] DEBUG Engine               - Running on OS: Windows 10 version 10.0
13:31:24.930 [JavaFX Application Thread] DEBUG Engine               - Architecture: amd64
13:31:24.930 [JavaFX Application Thread] INFO  Engine               - Source code and latest versions at: https://github.com/AlmasB/FXGL
13:31:24.930 [JavaFX Application Thread] INFO  Engine               -              Join the FXGL chat at: https://gitter.im/AlmasB/FXGL
13:31:24.990 [JavaFX Application Thread] DEBUG PrimaryStageWindow   - Creating a JavaFX scene
13:31:25.018 [JavaFX Application Thread] DEBUG PrimaryStageWindow   - Target settings size: 640.0 x 480.0
13:31:25.018 [JavaFX Application Thread] DEBUG PrimaryStageWindow   - Scaled scene size:    640.0 x 480.0
13:31:25.018 [JavaFX Application Thread] DEBUG PrimaryStageWindow   - Scaled ratio: (1.0, 1.0)
13:31:25.019 [JavaFX Application Thread] DEBUG PrimaryStageWindow   - Set initial scene to FXGLStartupScene
13:31:25.024 [JavaFX Application Thread] DEBUG PrimaryStageWindow   - Opening main window
13:31:25.074 [JavaFX Application Thread] DEBUG PrimaryStageWindow   - Window border size: (16.0, 39.0)
13:31:25.075 [JavaFX Application Thread] DEBUG PrimaryStageWindow   - Scaled size: 640.0 x 480.0
13:31:25.075 [JavaFX Application Thread] DEBUG PrimaryStageWindow   - Scaled ratio: (1.0, 1.0)
13:31:25.075 [JavaFX Application Thread] DEBUG PrimaryStageWindow   - Scene size: 640.0 x 480.0
13:31:25.075 [JavaFX Application Thread] DEBUG PrimaryStageWindow   - Stage size: 656.0 x 519.0
13:31:25.080 [FXGL Background Thread 1 ] DEBUG Engine               - Initializing environment variables
13:31:25.109 [FXGL Background Thread 1 ] DEBUG FXGLAssetLoaderServi - User app class for loading assets: class com.bdn.jfxinvaders.InvadersApp
13:31:25.109 [FXGL Background Thread 1 ] DEBUG GameApplicationServi - Applying CSS: fxgl_dark.css
13:31:25.110 [FXGL Background Thread 1 ] DEBUG FXGLAssetLoaderServi - Loading from file system: jar:file:///C:/Users/georg/.m2/repository/com/github/almasb/fxgl/11.17/fxgl-11.17.jar!/fxglassets/ui/css/fxgl_dark.css
13:31:25.148 [FXGL Background Thread 1 ] DEBUG GameApplicationServi - Initializing application scenes
13:31:25.174 [FXGL Background Thread 1 ] DEBUG GameWorld            - Game world initialized
13:31:25.210 [FXGL Background Thread 1 ] DEBUG PhysicsWorld         - Physics world initialized: appHeight=480, physics.ppm=50.0
13:31:25.210 [FXGL Background Thread 1 ] DEBUG PhysicsWorld         - Using strategy: BRUTE_FORCE
13:31:25.212 [FXGL Background Thread 1 ] DEBUG GameScene            - Game scene initialized: 640x480
13:31:25.221 [FXGL Background Thread 1 ] WARN  FXGL.DefaultMenu     - FXGLDefaultMenu is not designed for resolutions < 800x600
13:31:25.221 [FXGL Background Thread 1 ] DEBUG FXGL.DefaultMenu     - createMenuBodyMainMenu()
13:31:25.231 [FXGL Background Thread 1 ] DEBUG FXGL.DefaultMenu     - createOptionsMenu()
13:31:25.239 [FXGL Background Thread 1 ] DEBUG FXGLAssetLoaderServi - Loading from file system: jar:file:///C:/Users/georg/.m2/repository/com/github/almasb/fxgl/11.17/fxgl-11.17.jar!/fxglassets/textures/particles/smoke.png
13:31:25.307 [FXGL Background Thread 1 ] DEBUG FXGLAssetLoaderServi - Loading from file system: jar:file:///C:/Users/georg/.m2/repository/com/github/almasb/fxgl/11.17/fxgl-11.17.jar!/fxglassets/textures/particles/trace_horizontal.png
13:31:25.328 [FXGL Background Thread 1 ] WARN  FXGL.DefaultMenu     - FXGLDefaultMenu is not designed for resolutions < 800x600
13:31:25.328 [FXGL Background Thread 1 ] DEBUG FXGL.DefaultMenu     - createMenuBodyGameMenu()
13:31:25.328 [FXGL Background Thread 1 ] DEBUG FXGL.DefaultMenu     - createOptionsMenu()
13:31:25.340 [FXGL Background Thread 1 ] DEBUG GameApplicationServi - Application scenes initialized
13:31:25.347 [FXGL Background Thread 1 ] DEBUG SystemBundleService  - Loading FXGL system data
13:31:25.350 [FXGL Background Thread 1 ] DEBUG FileSystemAccess     - Reading from: C:\Users\georg\IdeaProjects\JFXInvaders\system\fxgl.bundle
13:31:25.354 [FXGL Background Thread 1 ] DEBUG SystemBundleService  - Bundle FXGL: {}
13:31:25.354 [FXGL Background Thread 1 ] DEBUG UpdaterService       - Checking for updates
13:31:25.357 [FXGL Background Thread 4 ] DEBUG FXGLApplication      - Loading fonts
13:31:25.357 [FXGL Background Thread 1 ] DEBUG FXGLApplication      - Loading default localization
13:31:25.358 [FXGL Background Thread 4 ] DEBUG FXGLAssetLoaderServi - Loading from file system: jar:file:///C:/Users/georg/.m2/repository/com/github/almasb/fxgl/11.17/fxgl-11.17.jar!/fxglassets/ui/fonts/VarelaRound-Regular.ttf
13:31:25.358 [FXGL Background Thread 1 ] DEBUG FXGLAssetLoaderServi - Loading from file system: jar:file:///C:/Users/georg/.m2/repository/com/github/almasb/fxgl/11.17/fxgl-11.17.jar!/fxglassets/languages/english.lang
13:31:25.367 [FXGL Background Thread 1 ] INFO  FXGLApplication      - FXGL initialization took: 0.287 sec
13:31:25.377 [JavaFX Application Thread] DEBUG Input                - Registered new binding: Move Left - Left
13:31:25.377 [JavaFX Application Thread] DEBUG Input                - Registered new binding: Move Left Alternate - A
13:31:25.377 [JavaFX Application Thread] DEBUG Input                - Registered new binding: Move Right - Right
13:31:25.377 [JavaFX Application Thread] DEBUG Input                - Registered new binding: Move Right Alternate - D
13:31:25.377 [JavaFX Application Thread] DEBUG Input                - Registered new binding: Shoot - Space
13:31:25.378 [JavaFX Application Thread] DEBUG FXGLAssetLoaderServi - Loading from file system: jar:file:///C:/Users/georg/.m2/repository/com/github/almasb/fxgl/11.17/fxgl-11.17.jar!/fxglassets/textures/fxgl_icon.png
13:31:25.390 [JavaFX Application Thread] DEBUG FXGLAssetLoaderServi - Loading from file system: jar:file:///C:/Users/georg/.m2/repository/com/github/almasb/fxgl/11.17/fxgl-11.17.jar!/fxglassets/textures/fxgl_default_cursor.png
13:31:25.392 [JavaFX Application Thread] DEBUG Input                - Registered new binding: Screenshot - CTRL+8
13:31:25.393 [JavaFX Application Thread] DEBUG Input                - Registered new binding: System info dump - CTRL+9
13:31:25.393 [JavaFX Application Thread] DEBUG Input                - Registered new binding: Restart - CTRL+R
13:31:25.393 [JavaFX Application Thread] DEBUG Input                - Registered new binding: Toggle Debug Camera - CTRL+C
13:31:25.394 [JavaFX Application Thread] DEBUG LoopRunner           - Starting loop
13:31:25.395 [JavaFX Application Thread] DEBUG LoopRunner           - Initializing JavaFX AnimationTimerLoop
13:31:25.396 [JavaFX Application Thread] DEBUG Input                - Clearing active input actions
13:31:25.401 [JavaFX Application Thread] DEBUG GameApplicationServi - Removing overlay from FXGLStartupScene and adding to FXGLMainMenuDummyScene
13:31:25.401 [JavaFX Application Thread] DEBUG PrimaryStageWindow   - FXGLStartupScene -> FXGLMainMenuDummyScene
13:31:25.402 [JavaFX Application Thread] DEBUG PrimaryStageWindow   - Push state: FXGLDefaultMenu
13:31:25.406 [JavaFX Application Thread] DEBUG Input                - Clearing active input actions
13:31:25.411 [FXGL Background Thread 4 ] DEBUG FXGLAssetLoaderServi - Loading from file system: jar:file:///C:/Users/georg/.m2/repository/com/github/almasb/fxgl/11.17/fxgl-11.17.jar!/fxglassets/ui/fonts/Abel-Regular.ttf
13:31:25.411 [JavaFX Application Thread] DEBUG GameApplicationServi - Removing overlay from FXGLMainMenuDummyScene and adding to FXGLDefaultMenu
13:31:25.411 [JavaFX Application Thread] DEBUG PrimaryStageWindow   - FXGLMainMenuDummyScene -> FXGLDefaultMenu
13:31:25.418 [FXGL Background Thread 4 ] DEBUG FXGLAssetLoaderServi - Loading from file system: jar:file:///C:/Users/georg/.m2/repository/com/github/almasb/fxgl/11.17/fxgl-11.17.jar!/fxglassets/ui/fonts/lucida_console.ttf
13:31:25.426 [FXGL Background Thread 4 ] DEBUG FXGLAssetLoaderServi - Loading from file system: jar:file:///C:/Users/georg/.m2/repository/com/github/almasb/fxgl/11.17/fxgl-11.17.jar!/fxglassets/ui/fonts/Courier-Prime.ttf
13:31:25.459 [JavaFX Application Thread] DEBUG FXGLApplication      - Registering font factories with UI factory
13:31:25.730 [FXGL Background Thread 2 ] INFO  UpdaterService       - Your current version:  11.17
13:31:25.731 [FXGL Background Thread 2 ] INFO  UpdaterService       - Latest stable version: 17.3
13:31:26.481 [JavaFX Application Thread] DEBUG Menu                 - fireNewGame()
13:31:26.482 [JavaFX Application Thread] DEBUG GameApplicationServi - Starting new game
13:31:26.483 [JavaFX Application Thread] DEBUG PrimaryStageWindow   - Pop state: FXGLDefaultMenu
13:31:26.483 [JavaFX Application Thread] DEBUG Input                - Clearing active input actions
13:31:26.483 [JavaFX Application Thread] DEBUG GameApplicationServi - Removing overlay from FXGLDefaultMenu and adding to FXGLMainMenuDummyScene
13:31:26.484 [JavaFX Application Thread] DEBUG PrimaryStageWindow   - FXGLMainMenuDummyScene <- FXGLDefaultMenu
13:31:26.484 [JavaFX Application Thread] DEBUG Input                - Clearing active input actions
13:31:26.488 [JavaFX Application Thread] DEBUG GameApplicationServi - Removing overlay from FXGLMainMenuDummyScene and adding to FXGLLoadingScene
13:31:26.489 [JavaFX Application Thread] DEBUG PrimaryStageWindow   - FXGLMainMenuDummyScene -> FXGLLoadingScene
13:31:26.489 [JavaFX Application Thread] DEBUG GameApplicationServi - Clearing previous game
13:31:26.489 [JavaFX Application Thread] DEBUG GameScene            - Clearing game scene
13:31:26.489 [JavaFX Application Thread] DEBUG GameWorld            - Clearing game world
13:31:26.489 [JavaFX Application Thread] DEBUG PhysicsWorld         - Clearing physics world
13:31:26.490 [FXGL Background Thread 2 ] DEBUG FXGLApplication      - Initializing game
13:31:26.494 [FXGL Background Thread 2 ] WARN  FXGLAssetLoaderServi - Asset "/assets/music/backgroundmusic.mp3" was not found!
13:31:26.494 [FXGL Background Thread 2 ] WARN  FXGLAssetLoaderServi - Failed to load MUSIC
13:31:26.496 [FXGL Background Thread 2 ] DEBUG AudioPlayer          - Playing music com.almasb.fxgl.audio.Music@144447a9
13:31:26.497 [FXGL Background Thread 2 ] DEBUG FXGLAssetLoaderServi - Loading from file system: file:/C:/Users/georg/IdeaProjects/JFXInvaders/target/classes/assets/textures/ship.png
13:31:26.507 [FXGL Background Thread 2 ] DEBUG FXGLAssetLoaderServi - Loading from file system: file:/C:/Users/georg/IdeaProjects/JFXInvaders/target/classes/assets/textures/greenalien.png
13:31:26.519 [FXGL Background Thread 2 ] INFO  FXGLApplication      - Game initialization took: 0.029 sec
13:31:26.519 [JavaFX Application Thread] DEBUG Input                - Clearing active input actions
13:31:26.526 [JavaFX Application Thread] DEBUG GameApplicationServi - Removing overlay from FXGLLoadingScene and adding to GameScene
13:31:26.526 [JavaFX Application Thread] DEBUG PrimaryStageWindow   - FXGLLoadingScene -> GameScene
13:31:28.358 [FXGL Background Thread 3 ] DEBUG Engine               - Logging environment variables
13:31:28.359 [FXGL Background Thread 3 ] DEBUG Engine               - achievements: []
13:31:28.360 [FXGL Background Thread 3 ] DEBUG Engine               - actualHeight: 480.0
13:31:28.360 [FXGL Background Thread 3 ] DEBUG Engine               - actualHeightProperty: ReadOnlyDoubleProperty [value: 480.0]
13:31:28.360 [FXGL Background Thread 3 ] DEBUG Engine               - actualWidth: 640.0
13:31:28.361 [FXGL Background Thread 3 ] DEBUG Engine               - actualWidthProperty: ReadOnlyDoubleProperty [value: 640.0]
13:31:28.361 [FXGL Background Thread 3 ] DEBUG Engine               - appIcon: fxgl_icon.png
13:31:28.361 [FXGL Background Thread 3 ] DEBUG Engine               - applicationMode: DEVELOPER
13:31:28.362 [FXGL Background Thread 3 ] DEBUG Engine               - cSSList: [fxgl_dark.css]
13:31:28.362 [FXGL Background Thread 3 ] DEBUG Engine               - collisionDetectionStrategy: BRUTE_FORCE
13:31:28.362 [FXGL Background Thread 3 ] DEBUG Engine               - configClass: Optional.empty
13:31:28.362 [FXGL Background Thread 3 ] DEBUG Engine               - credits: []
13:31:28.363 [FXGL Background Thread 3 ] DEBUG Engine               - defaultCursor: CursorInfo(imageName=fxgl_default_cursor.png, hotspotX=7.0, hotspotY=6.0)
13:31:28.363 [FXGL Background Thread 3 ] DEBUG Engine               - devBBoxColorProperty: ObjectProperty [value: 0xff0000ff]
13:31:28.363 [FXGL Background Thread 3 ] DEBUG Engine               - devEnableDebugCameraProperty: BooleanProperty [value: false]
13:31:28.363 [FXGL Background Thread 3 ] DEBUG Engine               - devSensorColorProperty: ObjectProperty [value: 0xffff00ff]
13:31:28.363 [FXGL Background Thread 3 ] DEBUG Engine               - devShowBBoxProperty: BooleanProperty [value: false]
13:31:28.363 [FXGL Background Thread 3 ] DEBUG Engine               - devShowPositionProperty: BooleanProperty [value: false]
13:31:28.363 [FXGL Background Thread 3 ] DEBUG Engine               - enabledMenuItems: []
13:31:28.363 [FXGL Background Thread 3 ] DEBUG Engine               - engineServices: [class com.almasb.fxgl.app.services.FXGLAssetLoaderService, class com.almasb.fxgl.app.FXGLApplication$GameApplicationService, class com.almasb.fxgl.app.services.FXGLDialogService, class com.almasb.fxgl.app.services.IOTaskExecutorService, class com.almasb.fxgl.io.FileSystemService, class com.almasb.fxgl.localization.LocalizationService, class com.almasb.fxgl.app.services.SystemBundleService, class com.almasb.fxgl.profile.SaveLoadService, class com.almasb.fxgl.ui.FXGLUIFactoryServiceProvider, class com.almasb.fxgl.ui.FXGLDialogFactoryServiceProvider, class com.almasb.fxgl.audio.AudioPlayer, class com.almasb.fxgl.notification.impl.NotificationServiceProvider, class com.almasb.fxgl.achievement.AchievementService, class com.almasb.fxgl.cutscene.CutsceneService, class com.almasb.fxgl.minigames.MiniGameService, class com.almasb.fxgl.net.NetService, class com.almasb.fxgl.app.services.UpdaterService, class com.almasb.fxgl.dev.DevService]
13:31:28.363 [FXGL Background Thread 3 ] DEBUG Engine               - fontGame: Abel-Regular.ttf
13:31:28.363 [FXGL Background Thread 3 ] DEBUG Engine               - fontMono: lucida_console.ttf
13:31:28.363 [FXGL Background Thread 3 ] DEBUG Engine               - fontText: Courier-Prime.ttf
13:31:28.364 [FXGL Background Thread 3 ] DEBUG Engine               - fontUI: VarelaRound-Regular.ttf
13:31:28.364 [FXGL Background Thread 3 ] DEBUG Engine               - fullScreen: BooleanProperty [value: false]
13:31:28.364 [FXGL Background Thread 3 ] DEBUG Engine               - gameDifficulty: MEDIUM
13:31:28.364 [FXGL Background Thread 3 ] DEBUG Engine               - gameDifficultyProperty: ObjectProperty [value: MEDIUM]
13:31:28.364 [FXGL Background Thread 3 ] DEBUG Engine               - globalMusicVolume: 0.5
13:31:28.364 [FXGL Background Thread 3 ] DEBUG Engine               - globalMusicVolumeProperty: DoubleProperty [value: 0.5]
13:31:28.364 [FXGL Background Thread 3 ] DEBUG Engine               - globalSoundVolume: 0.5
13:31:28.364 [FXGL Background Thread 3 ] DEBUG Engine               - globalSoundVolumeProperty: DoubleProperty [value: 0.5]
13:31:28.365 [FXGL Background Thread 3 ] DEBUG Engine               - height: 480
13:31:28.365 [FXGL Background Thread 3 ] DEBUG Engine               - is3D: false
13:31:28.365 [FXGL Background Thread 3 ] DEBUG Engine               - isAndroid: false
13:31:28.365 [FXGL Background Thread 3 ] DEBUG Engine               - isBrowser: false
13:31:28.365 [FXGL Background Thread 3 ] DEBUG Engine               - isClickFeedbackEnabled: false
13:31:28.365 [FXGL Background Thread 3 ] DEBUG Engine               - isCloseConfirmation: false
13:31:28.365 [FXGL Background Thread 3 ] DEBUG Engine               - isDesktop: true
13:31:28.365 [FXGL Background Thread 3 ] DEBUG Engine               - isDeveloperMenuEnabled: false
13:31:28.365 [FXGL Background Thread 3 ] DEBUG Engine               - isEntityPreloadEnabled: true
13:31:28.365 [FXGL Background Thread 3 ] DEBUG Engine               - isExperimentalTiledLargeMap: false
13:31:28.365 [FXGL Background Thread 3 ] DEBUG Engine               - isFileSystemWriteAllowed: true
13:31:28.365 [FXGL Background Thread 3 ] DEBUG Engine               - isFullScreenAllowed: false
13:31:28.365 [FXGL Background Thread 3 ] DEBUG Engine               - isFullScreenFromStart: false
13:31:28.365 [FXGL Background Thread 3 ] DEBUG Engine               - isGameMenuEnabled: true
13:31:28.365 [FXGL Background Thread 3 ] DEBUG Engine               - isIOS: false
13:31:28.365 [FXGL Background Thread 3 ] DEBUG Engine               - isIntroEnabled: false
13:31:28.366 [FXGL Background Thread 3 ] DEBUG Engine               - isLinux: false
13:31:28.366 [FXGL Background Thread 3 ] DEBUG Engine               - isMac: false
13:31:28.366 [FXGL Background Thread 3 ] DEBUG Engine               - isMainMenuEnabled: true
13:31:28.366 [FXGL Background Thread 3 ] DEBUG Engine               - isManualResizeEnabled: false
13:31:28.366 [FXGL Background Thread 3 ] DEBUG Engine               - isMobile: false
13:31:28.366 [FXGL Background Thread 3 ] DEBUG Engine               - isNative: false
13:31:28.366 [FXGL Background Thread 3 ] DEBUG Engine               - isPauseMusicWhenMinimized: true
13:31:28.366 [FXGL Background Thread 3 ] DEBUG Engine               - isPreserveResizeRatio: false
13:31:28.366 [FXGL Background Thread 3 ] DEBUG Engine               - isProfilingEnabled: false
13:31:28.366 [FXGL Background Thread 3 ] DEBUG Engine               - isScaleAffectedOnResize: true
13:31:28.366 [FXGL Background Thread 3 ] DEBUG Engine               - isSingleStep: false
13:31:28.366 [FXGL Background Thread 3 ] DEBUG Engine               - isUserProfileEnabled: false
13:31:28.366 [FXGL Background Thread 3 ] DEBUG Engine               - isWindows: true
13:31:28.366 [FXGL Background Thread 3 ] DEBUG Engine               - language: ObjectProperty [value: ENGLISH]
13:31:28.366 [FXGL Background Thread 3 ] DEBUG Engine               - menuKey: ESCAPE
13:31:28.367 [FXGL Background Thread 3 ] DEBUG Engine               - mouseSensitivity: 0.2
13:31:28.367 [FXGL Background Thread 3 ] DEBUG Engine               - notificationViewClass: class com.almasb.fxgl.notification.view.XboxNotificationView
13:31:28.367 [FXGL Background Thread 3 ] DEBUG Engine               - pixelsPerMeter: 50.0
13:31:28.367 [FXGL Background Thread 3 ] DEBUG Engine               - platform: WINDOWS
13:31:28.367 [FXGL Background Thread 3 ] DEBUG Engine               - prefHeightProperty: ReadOnlyDoubleProperty [value: 480.0]
13:31:28.367 [FXGL Background Thread 3 ] DEBUG Engine               - prefWidthProperty: ReadOnlyDoubleProperty [value: 640.0]
13:31:28.367 [FXGL Background Thread 3 ] DEBUG Engine               - profileDir: profiles/
13:31:28.367 [FXGL Background Thread 3 ] DEBUG Engine               - profileName: StringProperty [value: DEFAULT]
13:31:28.367 [FXGL Background Thread 3 ] DEBUG Engine               - randomSeed: -1
13:31:28.367 [FXGL Background Thread 3 ] DEBUG Engine               - runtimeInfo: RuntimeInfo(platform=WINDOWS, version=11.17, build=16.07.2021 15.46)
13:31:28.367 [FXGL Background Thread 3 ] DEBUG Engine               - saveFileExt: sav
13:31:28.367 [FXGL Background Thread 3 ] DEBUG Engine               - scaledHeightProp$fxgl: DoubleProperty [bound, value: 480.0]
13:31:28.367 [FXGL Background Thread 3 ] DEBUG Engine               - scaledWidthProp$fxgl: DoubleProperty [bound, value: 640.0]
13:31:28.368 [FXGL Background Thread 3 ] DEBUG Engine               - sceneFactory: com.almasb.fxgl.app.scene.SceneFactory@28804f9c
13:31:28.368 [FXGL Background Thread 3 ] DEBUG Engine               - secondsIn24h: 60
13:31:28.368 [FXGL Background Thread 3 ] DEBUG Engine               - soundMenuBack: menu/back.wav
13:31:28.368 [FXGL Background Thread 3 ] DEBUG Engine               - soundMenuPress: menu/press.wav
13:31:28.368 [FXGL Background Thread 3 ] DEBUG Engine               - soundMenuSelect: menu/select.wav
13:31:28.368 [FXGL Background Thread 3 ] DEBUG Engine               - soundNotification: core/notification.wav
13:31:28.368 [FXGL Background Thread 3 ] DEBUG Engine               - stageStyle: DECORATED
13:31:28.368 [FXGL Background Thread 3 ] DEBUG Engine               - supportedLanguages: [ENGLISH, FRENCH, GERMAN, HUNGARIAN, RUSSIAN]
13:31:28.368 [FXGL Background Thread 3 ] DEBUG Engine               - ticksPerSecond: -1
13:31:28.368 [FXGL Background Thread 3 ] DEBUG Engine               - title: JFX Invaders
13:31:28.368 [FXGL Background Thread 3 ] DEBUG Engine               - urlGithub: https://github.com/AlmasB/FXGL
13:31:28.368 [FXGL Background Thread 3 ] DEBUG Engine               - urlLeaderboard: http://fxgl-top.herokuapp.com/
13:31:28.368 [FXGL Background Thread 3 ] DEBUG Engine               - urlPOM: https://raw.githubusercontent.com/AlmasB/FXGL/release/README.md
13:31:28.368 [FXGL Background Thread 3 ] DEBUG Engine               - userAppClass: class com.bdn.jfxinvaders.InvadersApp
13:31:28.368 [FXGL Background Thread 3 ] DEBUG Engine               - version: 0.0
13:31:28.368 [FXGL Background Thread 3 ] DEBUG Engine               - versionCheckDays: 7
13:31:28.368 [FXGL Background Thread 3 ] DEBUG Engine               - width: 640
13:31:28.368 [FXGL Background Thread 3 ] DEBUG Engine               - Logging services
13:31:28.368 [FXGL Background Thread 3 ] DEBUG Engine               - class com.almasb.fxgl.app.services.FXGLAssetLoaderService
13:31:28.369 [FXGL Background Thread 3 ] DEBUG Engine               - class com.almasb.fxgl.app.FXGLApplication$GameApplicationService
13:31:28.369 [FXGL Background Thread 3 ] DEBUG Engine               - class com.almasb.fxgl.app.services.FXGLDialogService
13:31:28.369 [FXGL Background Thread 3 ] DEBUG Engine               - class com.almasb.fxgl.app.services.IOTaskExecutorService
13:31:28.369 [FXGL Background Thread 3 ] DEBUG Engine               - class com.almasb.fxgl.io.FileSystemService
13:31:28.369 [FXGL Background Thread 3 ] DEBUG Engine               - class com.almasb.fxgl.localization.LocalizationService
13:31:28.369 [FXGL Background Thread 3 ] DEBUG Engine               - class com.almasb.fxgl.app.services.SystemBundleService
13:31:28.369 [FXGL Background Thread 3 ] DEBUG Engine               - class com.almasb.fxgl.profile.SaveLoadService
13:31:28.369 [FXGL Background Thread 3 ] DEBUG Engine               - class com.almasb.fxgl.ui.FXGLUIFactoryServiceProvider
13:31:28.369 [FXGL Background Thread 3 ] DEBUG Engine               - class com.almasb.fxgl.ui.FXGLDialogFactoryServiceProvider
13:31:28.369 [FXGL Background Thread 3 ] DEBUG Engine               - class com.almasb.fxgl.audio.AudioPlayer
13:31:28.369 [FXGL Background Thread 3 ] DEBUG Engine               - class com.almasb.fxgl.notification.impl.NotificationServiceProvider
13:31:28.369 [FXGL Background Thread 3 ] DEBUG Engine               - class com.almasb.fxgl.achievement.AchievementService
13:31:28.369 [FXGL Background Thread 3 ] DEBUG Engine               - class com.almasb.fxgl.cutscene.CutsceneService
13:31:28.369 [FXGL Background Thread 3 ] DEBUG Engine               - class com.almasb.fxgl.minigames.MiniGameService
13:31:28.369 [FXGL Background Thread 3 ] DEBUG Engine               - class com.almasb.fxgl.net.NetService
13:31:28.369 [FXGL Background Thread 3 ] DEBUG Engine               - class com.almasb.fxgl.app.services.UpdaterService
13:31:28.370 [FXGL Background Thread 3 ] DEBUG Engine               - class com.almasb.fxgl.dev.DevService
13:31:37.057 [JavaFX Application Thread] DEBUG FXGLApplication      - Exiting FXGL
13:31:37.057 [JavaFX Application Thread] DEBUG LoopRunner           - Stopping loop
13:31:37.057 [JavaFX Application Thread] DEBUG SystemBundleService  - Saving FXGL system data
13:31:37.058 [JavaFX Application Thread] DEBUG FileSystemAccess     - Writing to: C:\Users\georg\IdeaProjects\JFXInvaders\system\fxgl.bundle
13:31:37.059 [JavaFX Application Thread] DEBUG Async                - Shutting down background threads
13:31:37.059 [JavaFX Application Thread] DEBUG PrimaryStageWindow   - Closing main window
13:31:37.067 [JavaFX Application Thread] DEBUG Logger               - Closing Logger
