13:34:11.403 [main                     ] DEBUG Logger               - Configured Logger
13:34:11.407 [main                     ] DEBUG GameApplication      - Logging settings
Title: JFX Invaders
Version: 0.0
Width: 640
Height: 480
Fullscreen: false
Intro: false
Profiling: false
Single step:false
App Mode: DEVELOPER
Menu Key: ESCAPE
Stage Style: DECORATED
Scene Factory: class com.almasb.fxgl.app.scene.SceneFactory

13:34:11.625 [JavaFX Application Thread] DEBUG FXGLApplication      - Initializing FXGL
13:34:11.626 [JavaFX Application Thread] INFO  Engine               - FXGL-11.17 (16.07.2021 15.46) on WINDOWS (J:17.0.2 FX:17.0.1)
13:34:11.626 [JavaFX Application Thread] DEBUG Engine               - JRE Vendor Name: Oracle Corporation
13:34:11.626 [JavaFX Application Thread] DEBUG Engine               - Running on OS: Windows 10 version 10.0
13:34:11.626 [JavaFX Application Thread] DEBUG Engine               - Architecture: amd64
13:34:11.626 [JavaFX Application Thread] INFO  Engine               - Source code and latest versions at: https://github.com/AlmasB/FXGL
13:34:11.626 [JavaFX Application Thread] INFO  Engine               -              Join the FXGL chat at: https://gitter.im/AlmasB/FXGL
13:34:11.690 [JavaFX Application Thread] DEBUG PrimaryStageWindow   - Creating a JavaFX scene
13:34:11.718 [JavaFX Application Thread] DEBUG PrimaryStageWindow   - Target settings size: 640.0 x 480.0
13:34:11.718 [JavaFX Application Thread] DEBUG PrimaryStageWindow   - Scaled scene size:    640.0 x 480.0
13:34:11.719 [JavaFX Application Thread] DEBUG PrimaryStageWindow   - Scaled ratio: (1.0, 1.0)
13:34:11.719 [JavaFX Application Thread] DEBUG PrimaryStageWindow   - Set initial scene to FXGLStartupScene
13:34:11.723 [JavaFX Application Thread] DEBUG PrimaryStageWindow   - Opening main window
13:34:11.774 [JavaFX Application Thread] DEBUG PrimaryStageWindow   - Window border size: (16.0, 39.0)
13:34:11.774 [JavaFX Application Thread] DEBUG PrimaryStageWindow   - Scaled size: 640.0 x 480.0
13:34:11.775 [JavaFX Application Thread] DEBUG PrimaryStageWindow   - Scaled ratio: (1.0, 1.0)
13:34:11.775 [JavaFX Application Thread] DEBUG PrimaryStageWindow   - Scene size: 640.0 x 480.0
13:34:11.775 [JavaFX Application Thread] DEBUG PrimaryStageWindow   - Stage size: 656.0 x 519.0
13:34:11.780 [FXGL Background Thread 1 ] DEBUG Engine               - Initializing environment variables
13:34:11.808 [FXGL Background Thread 1 ] DEBUG FXGLAssetLoaderServi - User app class for loading assets: class com.bdn.jfxinvaders.InvadersApp
13:34:11.808 [FXGL Background Thread 1 ] DEBUG GameApplicationServi - Applying CSS: fxgl_dark.css
13:34:11.809 [FXGL Background Thread 1 ] DEBUG FXGLAssetLoaderServi - Loading from file system: jar:file:///C:/Users/georg/.m2/repository/com/github/almasb/fxgl/11.17/fxgl-11.17.jar!/fxglassets/ui/css/fxgl_dark.css
13:34:11.843 [FXGL Background Thread 1 ] DEBUG GameApplicationServi - Initializing application scenes
13:34:11.866 [FXGL Background Thread 1 ] DEBUG GameWorld            - Game world initialized
13:34:11.900 [FXGL Background Thread 1 ] DEBUG PhysicsWorld         - Physics world initialized: appHeight=480, physics.ppm=50.0
13:34:11.900 [FXGL Background Thread 1 ] DEBUG PhysicsWorld         - Using strategy: BRUTE_FORCE
13:34:11.902 [FXGL Background Thread 1 ] DEBUG GameScene            - Game scene initialized: 640x480
13:34:11.911 [FXGL Background Thread 1 ] WARN  FXGL.DefaultMenu     - FXGLDefaultMenu is not designed for resolutions < 800x600
13:34:11.911 [FXGL Background Thread 1 ] DEBUG FXGL.DefaultMenu     - createMenuBodyMainMenu()
13:34:11.922 [FXGL Background Thread 1 ] DEBUG FXGL.DefaultMenu     - createOptionsMenu()
13:34:11.931 [FXGL Background Thread 1 ] DEBUG FXGLAssetLoaderServi - Loading from file system: jar:file:///C:/Users/georg/.m2/repository/com/github/almasb/fxgl/11.17/fxgl-11.17.jar!/fxglassets/textures/particles/smoke.png
13:34:12.004 [FXGL Background Thread 1 ] DEBUG FXGLAssetLoaderServi - Loading from file system: jar:file:///C:/Users/georg/.m2/repository/com/github/almasb/fxgl/11.17/fxgl-11.17.jar!/fxglassets/textures/particles/trace_horizontal.png
13:34:12.027 [FXGL Background Thread 1 ] WARN  FXGL.DefaultMenu     - FXGLDefaultMenu is not designed for resolutions < 800x600
13:34:12.027 [FXGL Background Thread 1 ] DEBUG FXGL.DefaultMenu     - createMenuBodyGameMenu()
13:34:12.028 [FXGL Background Thread 1 ] DEBUG FXGL.DefaultMenu     - createOptionsMenu()
13:34:12.041 [FXGL Background Thread 1 ] DEBUG GameApplicationServi - Application scenes initialized
13:34:12.047 [FXGL Background Thread 1 ] DEBUG SystemBundleService  - Loading FXGL system data
13:34:12.050 [FXGL Background Thread 1 ] DEBUG FileSystemAccess     - Reading from: C:\Users\georg\IdeaProjects\JFXInvaders\system\fxgl.bundle
13:34:12.054 [FXGL Background Thread 1 ] DEBUG SystemBundleService  - Bundle FXGL: {}
13:34:12.054 [FXGL Background Thread 1 ] DEBUG UpdaterService       - Checking for updates
13:34:12.057 [FXGL Background Thread 4 ] DEBUG FXGLApplication      - Loading fonts
13:34:12.057 [FXGL Background Thread 1 ] DEBUG FXGLApplication      - Loading default localization
13:34:12.057 [FXGL Background Thread 4 ] DEBUG FXGLAssetLoaderServi - Loading from file system: jar:file:///C:/Users/georg/.m2/repository/com/github/almasb/fxgl/11.17/fxgl-11.17.jar!/fxglassets/ui/fonts/VarelaRound-Regular.ttf
13:34:12.057 [FXGL Background Thread 1 ] DEBUG FXGLAssetLoaderServi - Loading from file system: jar:file:///C:/Users/georg/.m2/repository/com/github/almasb/fxgl/11.17/fxgl-11.17.jar!/fxglassets/languages/english.lang
13:34:12.068 [FXGL Background Thread 1 ] INFO  FXGLApplication      - FXGL initialization took: 0.289 sec
13:34:12.077 [JavaFX Application Thread] DEBUG Input                - Registered new binding: Move Left - Left
13:34:12.077 [JavaFX Application Thread] DEBUG Input                - Registered new binding: Move Left Alternate - A
13:34:12.077 [JavaFX Application Thread] DEBUG Input                - Registered new binding: Move Right - Right
13:34:12.077 [JavaFX Application Thread] DEBUG Input                - Registered new binding: Move Right Alternate - D
13:34:12.077 [JavaFX Application Thread] DEBUG Input                - Registered new binding: Shoot - Space
13:34:12.078 [JavaFX Application Thread] DEBUG FXGLAssetLoaderServi - Loading from file system: jar:file:///C:/Users/georg/.m2/repository/com/github/almasb/fxgl/11.17/fxgl-11.17.jar!/fxglassets/textures/fxgl_icon.png
13:34:12.095 [JavaFX Application Thread] DEBUG FXGLAssetLoaderServi - Loading from file system: jar:file:///C:/Users/georg/.m2/repository/com/github/almasb/fxgl/11.17/fxgl-11.17.jar!/fxglassets/textures/fxgl_default_cursor.png
13:34:12.097 [JavaFX Application Thread] DEBUG Input                - Registered new binding: Screenshot - CTRL+8
13:34:12.097 [JavaFX Application Thread] DEBUG Input                - Registered new binding: System info dump - CTRL+9
13:34:12.097 [JavaFX Application Thread] DEBUG Input                - Registered new binding: Restart - CTRL+R
13:34:12.099 [JavaFX Application Thread] DEBUG Input                - Registered new binding: Toggle Debug Camera - CTRL+C
13:34:12.100 [JavaFX Application Thread] DEBUG LoopRunner           - Starting loop
13:34:12.100 [JavaFX Application Thread] DEBUG LoopRunner           - Initializing JavaFX AnimationTimerLoop
13:34:12.102 [JavaFX Application Thread] DEBUG Input                - Clearing active input actions
13:34:12.107 [JavaFX Application Thread] DEBUG GameApplicationServi - Removing overlay from FXGLStartupScene and adding to FXGLMainMenuDummyScene
13:34:12.107 [JavaFX Application Thread] DEBUG PrimaryStageWindow   - FXGLStartupScene -> FXGLMainMenuDummyScene
13:34:12.107 [JavaFX Application Thread] DEBUG PrimaryStageWindow   - Push state: FXGLDefaultMenu
13:34:12.112 [JavaFX Application Thread] DEBUG Input                - Clearing active input actions
13:34:12.114 [FXGL Background Thread 4 ] DEBUG FXGLAssetLoaderServi - Loading from file system: jar:file:///C:/Users/georg/.m2/repository/com/github/almasb/fxgl/11.17/fxgl-11.17.jar!/fxglassets/ui/fonts/Abel-Regular.ttf
13:34:12.117 [JavaFX Application Thread] DEBUG GameApplicationServi - Removing overlay from FXGLMainMenuDummyScene and adding to FXGLDefaultMenu
13:34:12.117 [JavaFX Application Thread] DEBUG PrimaryStageWindow   - FXGLMainMenuDummyScene -> FXGLDefaultMenu
13:34:12.120 [FXGL Background Thread 4 ] DEBUG FXGLAssetLoaderServi - Loading from file system: jar:file:///C:/Users/georg/.m2/repository/com/github/almasb/fxgl/11.17/fxgl-11.17.jar!/fxglassets/ui/fonts/lucida_console.ttf
13:34:12.128 [FXGL Background Thread 4 ] DEBUG FXGLAssetLoaderServi - Loading from file system: jar:file:///C:/Users/georg/.m2/repository/com/github/almasb/fxgl/11.17/fxgl-11.17.jar!/fxglassets/ui/fonts/Courier-Prime.ttf
13:34:12.162 [JavaFX Application Thread] DEBUG FXGLApplication      - Registering font factories with UI factory
13:34:12.309 [FXGL Background Thread 2 ] INFO  UpdaterService       - Your current version:  11.17
13:34:12.309 [FXGL Background Thread 2 ] INFO  UpdaterService       - Latest stable version: 17.3
13:34:12.845 [JavaFX Application Thread] DEBUG Menu                 - fireNewGame()
13:34:12.845 [JavaFX Application Thread] DEBUG GameApplicationServi - Starting new game
13:34:12.848 [JavaFX Application Thread] DEBUG PrimaryStageWindow   - Pop state: FXGLDefaultMenu
13:34:12.848 [JavaFX Application Thread] DEBUG Input                - Clearing active input actions
13:34:12.848 [JavaFX Application Thread] DEBUG GameApplicationServi - Removing overlay from FXGLDefaultMenu and adding to FXGLMainMenuDummyScene
13:34:12.848 [JavaFX Application Thread] DEBUG PrimaryStageWindow   - FXGLMainMenuDummyScene <- FXGLDefaultMenu
13:34:12.849 [JavaFX Application Thread] DEBUG Input                - Clearing active input actions
13:34:12.853 [JavaFX Application Thread] DEBUG GameApplicationServi - Removing overlay from FXGLMainMenuDummyScene and adding to FXGLLoadingScene
13:34:12.853 [JavaFX Application Thread] DEBUG PrimaryStageWindow   - FXGLMainMenuDummyScene -> FXGLLoadingScene
13:34:12.853 [JavaFX Application Thread] DEBUG GameApplicationServi - Clearing previous game
13:34:12.854 [JavaFX Application Thread] DEBUG GameScene            - Clearing game scene
13:34:12.854 [JavaFX Application Thread] DEBUG GameWorld            - Clearing game world
13:34:12.854 [JavaFX Application Thread] DEBUG PhysicsWorld         - Clearing physics world
13:34:12.855 [FXGL Background Thread 2 ] DEBUG FXGLApplication      - Initializing game
13:34:12.859 [FXGL Background Thread 2 ] DEBUG FXGLAssetLoaderServi - Loading from file system: file:/C:/Users/georg/IdeaProjects/JFXInvaders/target/classes/assets/music/backgroundmusic.mp3
13:34:12.986 [FXGL Background Thread 2 ] DEBUG AudioPlayer          - Playing music com.almasb.fxgl.audio.Music@5695e934
13:34:12.989 [FXGL Background Thread 2 ] DEBUG FXGLAssetLoaderServi - Loading from file system: file:/C:/Users/georg/IdeaProjects/JFXInvaders/target/classes/assets/textures/ship.png
13:34:12.999 [FXGL Background Thread 2 ] DEBUG FXGLAssetLoaderServi - Loading from file system: file:/C:/Users/georg/IdeaProjects/JFXInvaders/target/classes/assets/textures/greenalien.png
13:34:13.011 [FXGL Background Thread 2 ] INFO  FXGLApplication      - Game initialization took: 0.155 sec
13:34:13.015 [JavaFX Application Thread] DEBUG Input                - Clearing active input actions
13:34:13.020 [JavaFX Application Thread] DEBUG GameApplicationServi - Removing overlay from FXGLLoadingScene and adding to GameScene
13:34:13.020 [JavaFX Application Thread] DEBUG PrimaryStageWindow   - FXGLLoadingScene -> GameScene
13:34:14.177 [JavaFX Application Thread] DEBUG FXGLAssetLoaderServi - Loading from file system: file:/C:/Users/georg/IdeaProjects/JFXInvaders/target/classes/assets/sounds/shot.wav
13:34:14.182 [JavaFX Application Thread] DEBUG FXGLAssetLoaderServi - Loading from file system: file:/C:/Users/georg/IdeaProjects/JFXInvaders/target/classes/assets/textures/shipbullet.png
13:34:15.058 [FXGL Background Thread 3 ] DEBUG Engine               - Logging environment variables
13:34:15.058 [FXGL Background Thread 3 ] DEBUG Engine               - achievements: []
13:34:15.058 [FXGL Background Thread 3 ] DEBUG Engine               - actualHeight: 480.0
13:34:15.058 [FXGL Background Thread 3 ] DEBUG Engine               - actualHeightProperty: ReadOnlyDoubleProperty [value: 480.0]
13:34:15.058 [FXGL Background Thread 3 ] DEBUG Engine               - actualWidth: 640.0
13:34:15.058 [FXGL Background Thread 3 ] DEBUG Engine               - actualWidthProperty: ReadOnlyDoubleProperty [value: 640.0]
13:34:15.058 [FXGL Background Thread 3 ] DEBUG Engine               - appIcon: fxgl_icon.png
13:34:15.059 [FXGL Background Thread 3 ] DEBUG Engine               - applicationMode: DEVELOPER
13:34:15.059 [FXGL Background Thread 3 ] DEBUG Engine               - cSSList: [fxgl_dark.css]
13:34:15.059 [FXGL Background Thread 3 ] DEBUG Engine               - collisionDetectionStrategy: BRUTE_FORCE
13:34:15.059 [FXGL Background Thread 3 ] DEBUG Engine               - configClass: Optional.empty
13:34:15.059 [FXGL Background Thread 3 ] DEBUG Engine               - credits: []
13:34:15.059 [FXGL Background Thread 3 ] DEBUG Engine               - defaultCursor: CursorInfo(imageName=fxgl_default_cursor.png, hotspotX=7.0, hotspotY=6.0)
13:34:15.059 [FXGL Background Thread 3 ] DEBUG Engine               - devBBoxColorProperty: ObjectProperty [value: 0xff0000ff]
13:34:15.059 [FXGL Background Thread 3 ] DEBUG Engine               - devEnableDebugCameraProperty: BooleanProperty [value: false]
13:34:15.059 [FXGL Background Thread 3 ] DEBUG Engine               - devSensorColorProperty: ObjectProperty [value: 0xffff00ff]
13:34:15.059 [FXGL Background Thread 3 ] DEBUG Engine               - devShowBBoxProperty: BooleanProperty [value: false]
13:34:15.060 [FXGL Background Thread 3 ] DEBUG Engine               - devShowPositionProperty: BooleanProperty [value: false]
13:34:15.060 [FXGL Background Thread 3 ] DEBUG Engine               - enabledMenuItems: []
13:34:15.060 [FXGL Background Thread 3 ] DEBUG Engine               - engineServices: [class com.almasb.fxgl.app.services.FXGLAssetLoaderService, class com.almasb.fxgl.app.FXGLApplication$GameApplicationService, class com.almasb.fxgl.app.services.FXGLDialogService, class com.almasb.fxgl.app.services.IOTaskExecutorService, class com.almasb.fxgl.io.FileSystemService, class com.almasb.fxgl.localization.LocalizationService, class com.almasb.fxgl.app.services.SystemBundleService, class com.almasb.fxgl.profile.SaveLoadService, class com.almasb.fxgl.ui.FXGLUIFactoryServiceProvider, class com.almasb.fxgl.ui.FXGLDialogFactoryServiceProvider, class com.almasb.fxgl.audio.AudioPlayer, class com.almasb.fxgl.notification.impl.NotificationServiceProvider, class com.almasb.fxgl.achievement.AchievementService, class com.almasb.fxgl.cutscene.CutsceneService, class com.almasb.fxgl.minigames.MiniGameService, class com.almasb.fxgl.net.NetService, class com.almasb.fxgl.app.services.UpdaterService, class com.almasb.fxgl.dev.DevService]
13:34:15.060 [FXGL Background Thread 3 ] DEBUG Engine               - fontGame: Abel-Regular.ttf
13:34:15.060 [FXGL Background Thread 3 ] DEBUG Engine               - fontMono: lucida_console.ttf
13:34:15.060 [FXGL Background Thread 3 ] DEBUG Engine               - fontText: Courier-Prime.ttf
13:34:15.060 [FXGL Background Thread 3 ] DEBUG Engine               - fontUI: VarelaRound-Regular.ttf
13:34:15.060 [FXGL Background Thread 3 ] DEBUG Engine               - fullScreen: BooleanProperty [value: false]
13:34:15.060 [FXGL Background Thread 3 ] DEBUG Engine               - gameDifficulty: MEDIUM
13:34:15.060 [FXGL Background Thread 3 ] DEBUG Engine               - gameDifficultyProperty: ObjectProperty [value: MEDIUM]
13:34:15.060 [FXGL Background Thread 3 ] DEBUG Engine               - globalMusicVolume: 0.5
13:34:15.060 [FXGL Background Thread 3 ] DEBUG Engine               - globalMusicVolumeProperty: DoubleProperty [value: 0.5]
13:34:15.060 [FXGL Background Thread 3 ] DEBUG Engine               - globalSoundVolume: 0.5
13:34:15.060 [FXGL Background Thread 3 ] DEBUG Engine               - globalSoundVolumeProperty: DoubleProperty [value: 0.5]
13:34:15.060 [FXGL Background Thread 3 ] DEBUG Engine               - height: 480
13:34:15.061 [FXGL Background Thread 3 ] DEBUG Engine               - is3D: false
13:34:15.061 [FXGL Background Thread 3 ] DEBUG Engine               - isAndroid: false
13:34:15.061 [FXGL Background Thread 3 ] DEBUG Engine               - isBrowser: false
13:34:15.061 [FXGL Background Thread 3 ] DEBUG Engine               - isClickFeedbackEnabled: false
13:34:15.061 [FXGL Background Thread 3 ] DEBUG Engine               - isCloseConfirmation: false
13:34:15.061 [FXGL Background Thread 3 ] DEBUG Engine               - isDesktop: true
13:34:15.061 [FXGL Background Thread 3 ] DEBUG Engine               - isDeveloperMenuEnabled: false
13:34:15.061 [FXGL Background Thread 3 ] DEBUG Engine               - isEntityPreloadEnabled: true
13:34:15.061 [FXGL Background Thread 3 ] DEBUG Engine               - isExperimentalTiledLargeMap: false
13:34:15.061 [FXGL Background Thread 3 ] DEBUG Engine               - isFileSystemWriteAllowed: true
13:34:15.061 [FXGL Background Thread 3 ] DEBUG Engine               - isFullScreenAllowed: false
13:34:15.061 [FXGL Background Thread 3 ] DEBUG Engine               - isFullScreenFromStart: false
13:34:15.061 [FXGL Background Thread 3 ] DEBUG Engine               - isGameMenuEnabled: true
13:34:15.061 [FXGL Background Thread 3 ] DEBUG Engine               - isIOS: false
13:34:15.061 [FXGL Background Thread 3 ] DEBUG Engine               - isIntroEnabled: false
13:34:15.062 [FXGL Background Thread 3 ] DEBUG Engine               - isLinux: false
13:34:15.062 [FXGL Background Thread 3 ] DEBUG Engine               - isMac: false
13:34:15.062 [FXGL Background Thread 3 ] DEBUG Engine               - isMainMenuEnabled: true
13:34:15.062 [FXGL Background Thread 3 ] DEBUG Engine               - isManualResizeEnabled: false
13:34:15.062 [FXGL Background Thread 3 ] DEBUG Engine               - isMobile: false
13:34:15.062 [FXGL Background Thread 3 ] DEBUG Engine               - isNative: false
13:34:15.062 [FXGL Background Thread 3 ] DEBUG Engine               - isPauseMusicWhenMinimized: true
13:34:15.062 [FXGL Background Thread 3 ] DEBUG Engine               - isPreserveResizeRatio: false
13:34:15.062 [FXGL Background Thread 3 ] DEBUG Engine               - isProfilingEnabled: false
13:34:15.062 [FXGL Background Thread 3 ] DEBUG Engine               - isScaleAffectedOnResize: true
13:34:15.062 [FXGL Background Thread 3 ] DEBUG Engine               - isSingleStep: false
13:34:15.062 [FXGL Background Thread 3 ] DEBUG Engine               - isUserProfileEnabled: false
13:34:15.063 [FXGL Background Thread 3 ] DEBUG Engine               - isWindows: true
13:34:15.063 [FXGL Background Thread 3 ] DEBUG Engine               - language: ObjectProperty [value: ENGLISH]
13:34:15.063 [FXGL Background Thread 3 ] DEBUG Engine               - menuKey: ESCAPE
13:34:15.063 [FXGL Background Thread 3 ] DEBUG Engine               - mouseSensitivity: 0.2
13:34:15.063 [FXGL Background Thread 3 ] DEBUG Engine               - notificationViewClass: class com.almasb.fxgl.notification.view.XboxNotificationView
13:34:15.063 [FXGL Background Thread 3 ] DEBUG Engine               - pixelsPerMeter: 50.0
13:34:15.063 [FXGL Background Thread 3 ] DEBUG Engine               - platform: WINDOWS
13:34:15.063 [FXGL Background Thread 3 ] DEBUG Engine               - prefHeightProperty: ReadOnlyDoubleProperty [value: 480.0]
13:34:15.063 [FXGL Background Thread 3 ] DEBUG Engine               - prefWidthProperty: ReadOnlyDoubleProperty [value: 640.0]
13:34:15.063 [FXGL Background Thread 3 ] DEBUG Engine               - profileDir: profiles/
13:34:15.063 [FXGL Background Thread 3 ] DEBUG Engine               - profileName: StringProperty [value: DEFAULT]
13:34:15.064 [FXGL Background Thread 3 ] DEBUG Engine               - randomSeed: -1
13:34:15.064 [FXGL Background Thread 3 ] DEBUG Engine               - runtimeInfo: RuntimeInfo(platform=WINDOWS, version=11.17, build=16.07.2021 15.46)
13:34:15.064 [FXGL Background Thread 3 ] DEBUG Engine               - saveFileExt: sav
13:34:15.064 [FXGL Background Thread 3 ] DEBUG Engine               - scaledHeightProp$fxgl: DoubleProperty [bound, value: 480.0]
13:34:15.064 [FXGL Background Thread 3 ] DEBUG Engine               - scaledWidthProp$fxgl: DoubleProperty [bound, value: 640.0]
13:34:15.064 [FXGL Background Thread 3 ] DEBUG Engine               - sceneFactory: com.almasb.fxgl.app.scene.SceneFactory@7589dcd4
13:34:15.064 [FXGL Background Thread 3 ] DEBUG Engine               - secondsIn24h: 60
13:34:15.064 [FXGL Background Thread 3 ] DEBUG Engine               - soundMenuBack: menu/back.wav
13:34:15.064 [FXGL Background Thread 3 ] DEBUG Engine               - soundMenuPress: menu/press.wav
13:34:15.064 [FXGL Background Thread 3 ] DEBUG Engine               - soundMenuSelect: menu/select.wav
13:34:15.064 [FXGL Background Thread 3 ] DEBUG Engine               - soundNotification: core/notification.wav
13:34:15.064 [FXGL Background Thread 3 ] DEBUG Engine               - stageStyle: DECORATED
13:34:15.064 [FXGL Background Thread 3 ] DEBUG Engine               - supportedLanguages: [ENGLISH, FRENCH, GERMAN, HUNGARIAN, RUSSIAN]
13:34:15.064 [FXGL Background Thread 3 ] DEBUG Engine               - ticksPerSecond: -1
13:34:15.064 [FXGL Background Thread 3 ] DEBUG Engine               - title: JFX Invaders
13:34:15.064 [FXGL Background Thread 3 ] DEBUG Engine               - urlGithub: https://github.com/AlmasB/FXGL
13:34:15.064 [FXGL Background Thread 3 ] DEBUG Engine               - urlLeaderboard: http://fxgl-top.herokuapp.com/
13:34:15.065 [FXGL Background Thread 3 ] DEBUG Engine               - urlPOM: https://raw.githubusercontent.com/AlmasB/FXGL/release/README.md
13:34:15.072 [FXGL Background Thread 3 ] DEBUG Engine               - userAppClass: class com.bdn.jfxinvaders.InvadersApp
13:34:15.072 [FXGL Background Thread 3 ] DEBUG Engine               - version: 0.0
13:34:15.072 [FXGL Background Thread 3 ] DEBUG Engine               - versionCheckDays: 7
13:34:15.072 [FXGL Background Thread 3 ] DEBUG Engine               - width: 640
13:34:15.072 [FXGL Background Thread 3 ] DEBUG Engine               - Logging services
13:34:15.072 [FXGL Background Thread 3 ] DEBUG Engine               - class com.almasb.fxgl.app.services.FXGLAssetLoaderService
13:34:15.072 [FXGL Background Thread 3 ] DEBUG Engine               - class com.almasb.fxgl.app.FXGLApplication$GameApplicationService
13:34:15.072 [FXGL Background Thread 3 ] DEBUG Engine               - class com.almasb.fxgl.app.services.FXGLDialogService
13:34:15.072 [FXGL Background Thread 3 ] DEBUG Engine               - class com.almasb.fxgl.app.services.IOTaskExecutorService
13:34:15.072 [FXGL Background Thread 3 ] DEBUG Engine               - class com.almasb.fxgl.io.FileSystemService
13:34:15.072 [FXGL Background Thread 3 ] DEBUG Engine               - class com.almasb.fxgl.localization.LocalizationService
13:34:15.073 [FXGL Background Thread 3 ] DEBUG Engine               - class com.almasb.fxgl.app.services.SystemBundleService
13:34:15.073 [FXGL Background Thread 3 ] DEBUG Engine               - class com.almasb.fxgl.profile.SaveLoadService
13:34:15.073 [FXGL Background Thread 3 ] DEBUG Engine               - class com.almasb.fxgl.ui.FXGLUIFactoryServiceProvider
13:34:15.073 [FXGL Background Thread 3 ] DEBUG Engine               - class com.almasb.fxgl.ui.FXGLDialogFactoryServiceProvider
13:34:15.073 [FXGL Background Thread 3 ] DEBUG Engine               - class com.almasb.fxgl.audio.AudioPlayer
13:34:15.073 [FXGL Background Thread 3 ] DEBUG Engine               - class com.almasb.fxgl.notification.impl.NotificationServiceProvider
13:34:15.073 [FXGL Background Thread 3 ] DEBUG Engine               - class com.almasb.fxgl.achievement.AchievementService
13:34:15.073 [FXGL Background Thread 3 ] DEBUG Engine               - class com.almasb.fxgl.cutscene.CutsceneService
13:34:15.073 [FXGL Background Thread 3 ] DEBUG Engine               - class com.almasb.fxgl.minigames.MiniGameService
13:34:15.073 [FXGL Background Thread 3 ] DEBUG Engine               - class com.almasb.fxgl.net.NetService
13:34:15.073 [FXGL Background Thread 3 ] DEBUG Engine               - class com.almasb.fxgl.app.services.UpdaterService
13:34:15.073 [FXGL Background Thread 3 ] DEBUG Engine               - class com.almasb.fxgl.dev.DevService
13:34:20.034 [JavaFX Application Thread] DEBUG FXGLAssetLoaderServi - Loading from file system: file:/C:/Users/georg/IdeaProjects/JFXInvaders/target/classes/assets/sounds/alienexplosion.wav
13:34:20.037 [JavaFX Application Thread] DEBUG FXGLAssetLoaderServi - Loading from file system: file:/C:/Users/georg/IdeaProjects/JFXInvaders/target/classes/assets/textures/explosion.png
13:34:25.696 [JavaFX Application Thread] DEBUG FXGLApplication      - Exiting FXGL
13:34:25.696 [JavaFX Application Thread] DEBUG LoopRunner           - Stopping loop
13:34:25.696 [JavaFX Application Thread] DEBUG SystemBundleService  - Saving FXGL system data
13:34:25.697 [JavaFX Application Thread] DEBUG FileSystemAccess     - Writing to: C:\Users\georg\IdeaProjects\JFXInvaders\system\fxgl.bundle
13:34:25.698 [JavaFX Application Thread] DEBUG Async                - Shutting down background threads
13:34:25.699 [JavaFX Application Thread] DEBUG PrimaryStageWindow   - Closing main window
13:34:25.705 [JavaFX Application Thread] DEBUG Logger               - Closing Logger
