10:49:31.270 [main                     ] DEBUG Logger               - Configured Logger
10:49:31.273 [main                     ] DEBUG GameApplication      - Logging settings
Title: JFX Invaders
Version: 0.0
Width: 640
Height: 480
Fullscreen: false
Intro: false
Profiling: false
Single step:false
App Mode: DEVELOPER
Menu Key: ESCAPE
Stage Style: DECORATED
Scene Factory: class com.almasb.fxgl.app.scene.SceneFactory

10:49:31.495 [JavaFX Application Thread] DEBUG FXGLApplication      - Initializing FXGL
10:49:31.496 [JavaFX Application Thread] INFO  Engine               - FXGL-11.17 (16.07.2021 15.46) on WINDOWS (J:17.0.2 FX:17.0.1)
10:49:31.497 [JavaFX Application Thread] DEBUG Engine               - JRE Vendor Name: Oracle Corporation
10:49:31.497 [JavaFX Application Thread] DEBUG Engine               - Running on OS: Windows 10 version 10.0
10:49:31.497 [JavaFX Application Thread] DEBUG Engine               - Architecture: amd64
10:49:31.497 [JavaFX Application Thread] INFO  Engine               - Source code and latest versions at: https://github.com/AlmasB/FXGL
10:49:31.497 [JavaFX Application Thread] INFO  Engine               -              Join the FXGL chat at: https://gitter.im/AlmasB/FXGL
10:49:31.556 [JavaFX Application Thread] DEBUG PrimaryStageWindow   - Creating a JavaFX scene
10:49:31.584 [JavaFX Application Thread] DEBUG PrimaryStageWindow   - Target settings size: 640.0 x 480.0
10:49:31.584 [JavaFX Application Thread] DEBUG PrimaryStageWindow   - Scaled scene size:    640.0 x 480.0
10:49:31.584 [JavaFX Application Thread] DEBUG PrimaryStageWindow   - Scaled ratio: (1.0, 1.0)
10:49:31.584 [JavaFX Application Thread] DEBUG PrimaryStageWindow   - Set initial scene to FXGLStartupScene
10:49:31.588 [JavaFX Application Thread] DEBUG PrimaryStageWindow   - Opening main window
10:49:31.639 [JavaFX Application Thread] DEBUG PrimaryStageWindow   - Window border size: (16.0, 39.0)
10:49:31.639 [JavaFX Application Thread] DEBUG PrimaryStageWindow   - Scaled size: 640.0 x 480.0
10:49:31.639 [JavaFX Application Thread] DEBUG PrimaryStageWindow   - Scaled ratio: (1.0, 1.0)
10:49:31.639 [JavaFX Application Thread] DEBUG PrimaryStageWindow   - Scene size: 640.0 x 480.0
10:49:31.639 [JavaFX Application Thread] DEBUG PrimaryStageWindow   - Stage size: 656.0 x 519.0
10:49:31.644 [FXGL Background Thread 1 ] DEBUG Engine               - Initializing environment variables
10:49:31.673 [FXGL Background Thread 1 ] DEBUG FXGLAssetLoaderServi - User app class for loading assets: class com.bdn.jfxinvaders.InvadersApp
10:49:31.674 [FXGL Background Thread 1 ] DEBUG GameApplicationServi - Applying CSS: fxgl_dark.css
10:49:31.674 [FXGL Background Thread 1 ] DEBUG FXGLAssetLoaderServi - Loading from file system: jar:file:///C:/Users/georg/.m2/repository/com/github/almasb/fxgl/11.17/fxgl-11.17.jar!/fxglassets/ui/css/fxgl_dark.css
10:49:31.709 [FXGL Background Thread 1 ] DEBUG GameApplicationServi - Initializing application scenes
10:49:31.739 [FXGL Background Thread 1 ] DEBUG GameWorld            - Game world initialized
10:49:31.785 [FXGL Background Thread 1 ] DEBUG PhysicsWorld         - Physics world initialized: appHeight=480, physics.ppm=50.0
10:49:31.785 [FXGL Background Thread 1 ] DEBUG PhysicsWorld         - Using strategy: BRUTE_FORCE
10:49:31.787 [FXGL Background Thread 1 ] DEBUG GameScene            - Game scene initialized: 640x480
10:49:31.796 [FXGL Background Thread 1 ] WARN  FXGL.DefaultMenu     - FXGLDefaultMenu is not designed for resolutions < 800x600
10:49:31.796 [FXGL Background Thread 1 ] DEBUG FXGL.DefaultMenu     - createMenuBodyMainMenu()
10:49:31.805 [FXGL Background Thread 1 ] DEBUG FXGL.DefaultMenu     - createOptionsMenu()
10:49:31.812 [FXGL Background Thread 1 ] DEBUG FXGLAssetLoaderServi - Loading from file system: jar:file:///C:/Users/georg/.m2/repository/com/github/almasb/fxgl/11.17/fxgl-11.17.jar!/fxglassets/textures/particles/smoke.png
10:49:31.881 [FXGL Background Thread 1 ] DEBUG FXGLAssetLoaderServi - Loading from file system: jar:file:///C:/Users/georg/.m2/repository/com/github/almasb/fxgl/11.17/fxgl-11.17.jar!/fxglassets/textures/particles/trace_horizontal.png
10:49:31.903 [FXGL Background Thread 1 ] WARN  FXGL.DefaultMenu     - FXGLDefaultMenu is not designed for resolutions < 800x600
10:49:31.904 [FXGL Background Thread 1 ] DEBUG FXGL.DefaultMenu     - createMenuBodyGameMenu()
10:49:31.905 [FXGL Background Thread 1 ] DEBUG FXGL.DefaultMenu     - createOptionsMenu()
10:49:31.916 [FXGL Background Thread 1 ] DEBUG GameApplicationServi - Application scenes initialized
10:49:31.922 [FXGL Background Thread 1 ] DEBUG SystemBundleService  - Loading FXGL system data
10:49:31.926 [FXGL Background Thread 1 ] DEBUG FileSystemAccess     - Reading from: C:\Users\georg\IdeaProjects\JFXInvaders\system\fxgl.bundle
10:49:31.930 [FXGL Background Thread 1 ] DEBUG SystemBundleService  - Bundle FXGL: {}
10:49:31.930 [FXGL Background Thread 1 ] DEBUG UpdaterService       - Checking for updates
10:49:31.933 [FXGL Background Thread 1 ] DEBUG FXGLApplication      - Loading default localization
10:49:31.934 [FXGL Background Thread 1 ] DEBUG FXGLAssetLoaderServi - Loading from file system: jar:file:///C:/Users/georg/.m2/repository/com/github/almasb/fxgl/11.17/fxgl-11.17.jar!/fxglassets/languages/english.lang
10:49:31.936 [FXGL Background Thread 4 ] DEBUG FXGLApplication      - Loading fonts
10:49:31.937 [FXGL Background Thread 4 ] DEBUG FXGLAssetLoaderServi - Loading from file system: jar:file:///C:/Users/georg/.m2/repository/com/github/almasb/fxgl/11.17/fxgl-11.17.jar!/fxglassets/ui/fonts/VarelaRound-Regular.ttf
10:49:31.943 [FXGL Background Thread 1 ] INFO  FXGLApplication      - FXGL initialization took: 0.299 sec
10:49:31.956 [JavaFX Application Thread] DEBUG Input                - Registered new binding: Move Left - Left
10:49:31.956 [JavaFX Application Thread] DEBUG Input                - Registered new binding: Move Left Alternate - A
10:49:31.956 [JavaFX Application Thread] DEBUG Input                - Registered new binding: Move Right - Right
10:49:31.956 [JavaFX Application Thread] DEBUG Input                - Registered new binding: Move Right Alternate - D
10:49:31.956 [JavaFX Application Thread] DEBUG Input                - Registered new binding: Shoot - Space
10:49:31.957 [JavaFX Application Thread] DEBUG FXGLAssetLoaderServi - Loading from file system: jar:file:///C:/Users/georg/.m2/repository/com/github/almasb/fxgl/11.17/fxgl-11.17.jar!/fxglassets/textures/fxgl_icon.png
10:49:31.974 [JavaFX Application Thread] DEBUG FXGLAssetLoaderServi - Loading from file system: jar:file:///C:/Users/georg/.m2/repository/com/github/almasb/fxgl/11.17/fxgl-11.17.jar!/fxglassets/textures/fxgl_default_cursor.png
10:49:31.976 [JavaFX Application Thread] DEBUG Input                - Registered new binding: Screenshot - CTRL+8
10:49:31.976 [JavaFX Application Thread] DEBUG Input                - Registered new binding: System info dump - CTRL+9
10:49:31.976 [JavaFX Application Thread] DEBUG Input                - Registered new binding: Restart - CTRL+R
10:49:31.977 [JavaFX Application Thread] DEBUG Input                - Registered new binding: Toggle Debug Camera - CTRL+C
10:49:31.978 [JavaFX Application Thread] DEBUG LoopRunner           - Starting loop
10:49:31.978 [JavaFX Application Thread] DEBUG LoopRunner           - Initializing JavaFX AnimationTimerLoop
10:49:31.980 [JavaFX Application Thread] DEBUG Input                - Clearing active input actions
10:49:31.985 [JavaFX Application Thread] DEBUG GameApplicationServi - Removing overlay from FXGLStartupScene and adding to FXGLMainMenuDummyScene
10:49:31.985 [JavaFX Application Thread] DEBUG PrimaryStageWindow   - FXGLStartupScene -> FXGLMainMenuDummyScene
10:49:31.985 [JavaFX Application Thread] DEBUG PrimaryStageWindow   - Push state: FXGLDefaultMenu
10:49:31.989 [JavaFX Application Thread] DEBUG Input                - Clearing active input actions
10:49:31.995 [JavaFX Application Thread] DEBUG GameApplicationServi - Removing overlay from FXGLMainMenuDummyScene and adding to FXGLDefaultMenu
10:49:31.995 [FXGL Background Thread 4 ] DEBUG FXGLAssetLoaderServi - Loading from file system: jar:file:///C:/Users/georg/.m2/repository/com/github/almasb/fxgl/11.17/fxgl-11.17.jar!/fxglassets/ui/fonts/Abel-Regular.ttf
10:49:31.995 [JavaFX Application Thread] DEBUG PrimaryStageWindow   - FXGLMainMenuDummyScene -> FXGLDefaultMenu
10:49:32.002 [FXGL Background Thread 4 ] DEBUG FXGLAssetLoaderServi - Loading from file system: jar:file:///C:/Users/georg/.m2/repository/com/github/almasb/fxgl/11.17/fxgl-11.17.jar!/fxglassets/ui/fonts/lucida_console.ttf
10:49:32.011 [FXGL Background Thread 4 ] DEBUG FXGLAssetLoaderServi - Loading from file system: jar:file:///C:/Users/georg/.m2/repository/com/github/almasb/fxgl/11.17/fxgl-11.17.jar!/fxglassets/ui/fonts/Courier-Prime.ttf
10:49:32.038 [JavaFX Application Thread] DEBUG FXGLApplication      - Registering font factories with UI factory
10:49:32.271 [FXGL Background Thread 2 ] INFO  UpdaterService       - Your current version:  11.17
10:49:32.271 [FXGL Background Thread 2 ] INFO  UpdaterService       - Latest stable version: 17.3
10:49:32.841 [JavaFX Application Thread] DEBUG Menu                 - fireNewGame()
10:49:32.842 [JavaFX Application Thread] DEBUG GameApplicationServi - Starting new game
10:49:32.843 [JavaFX Application Thread] DEBUG PrimaryStageWindow   - Pop state: FXGLDefaultMenu
10:49:32.843 [JavaFX Application Thread] DEBUG Input                - Clearing active input actions
10:49:32.843 [JavaFX Application Thread] DEBUG GameApplicationServi - Removing overlay from FXGLDefaultMenu and adding to FXGLMainMenuDummyScene
10:49:32.844 [JavaFX Application Thread] DEBUG PrimaryStageWindow   - FXGLMainMenuDummyScene <- FXGLDefaultMenu
10:49:32.844 [JavaFX Application Thread] DEBUG Input                - Clearing active input actions
10:49:32.849 [JavaFX Application Thread] DEBUG GameApplicationServi - Removing overlay from FXGLMainMenuDummyScene and adding to FXGLLoadingScene
10:49:32.849 [JavaFX Application Thread] DEBUG PrimaryStageWindow   - FXGLMainMenuDummyScene -> FXGLLoadingScene
10:49:32.849 [JavaFX Application Thread] DEBUG GameApplicationServi - Clearing previous game
10:49:32.849 [JavaFX Application Thread] DEBUG GameScene            - Clearing game scene
10:49:32.849 [JavaFX Application Thread] DEBUG GameWorld            - Clearing game world
10:49:32.849 [JavaFX Application Thread] DEBUG PhysicsWorld         - Clearing physics world
10:49:32.850 [FXGL Background Thread 2 ] DEBUG FXGLApplication      - Initializing game
10:49:32.854 [FXGL Background Thread 2 ] DEBUG FXGLAssetLoaderServi - Loading from file system: file:/C:/Users/georg/IdeaProjects/JFXInvaders/target/classes/assets/textures/ship.png
10:49:32.865 [FXGL Background Thread 2 ] DEBUG FXGLAssetLoaderServi - Loading from file system: file:/C:/Users/georg/IdeaProjects/JFXInvaders/target/classes/assets/textures/greenalien.png
10:49:32.888 [FXGL Background Thread 2 ] INFO  FXGLApplication      - Game initialization took: 0.037 sec
10:49:32.888 [JavaFX Application Thread] DEBUG Input                - Clearing active input actions
10:49:32.893 [JavaFX Application Thread] DEBUG GameApplicationServi - Removing overlay from FXGLLoadingScene and adding to GameScene
10:49:32.893 [JavaFX Application Thread] DEBUG PrimaryStageWindow   - FXGLLoadingScene -> GameScene
10:49:34.934 [FXGL Background Thread 3 ] DEBUG Engine               - Logging environment variables
10:49:34.934 [FXGL Background Thread 3 ] DEBUG Engine               - achievements: []
10:49:34.934 [FXGL Background Thread 3 ] DEBUG Engine               - actualHeight: 480.0
10:49:34.934 [FXGL Background Thread 3 ] DEBUG Engine               - actualHeightProperty: ReadOnlyDoubleProperty [value: 480.0]
10:49:34.934 [FXGL Background Thread 3 ] DEBUG Engine               - actualWidth: 640.0
10:49:34.934 [FXGL Background Thread 3 ] DEBUG Engine               - actualWidthProperty: ReadOnlyDoubleProperty [value: 640.0]
10:49:34.934 [FXGL Background Thread 3 ] DEBUG Engine               - appIcon: fxgl_icon.png
10:49:34.934 [FXGL Background Thread 3 ] DEBUG Engine               - applicationMode: DEVELOPER
10:49:34.934 [FXGL Background Thread 3 ] DEBUG Engine               - cSSList: [fxgl_dark.css]
10:49:34.934 [FXGL Background Thread 3 ] DEBUG Engine               - collisionDetectionStrategy: BRUTE_FORCE
10:49:34.934 [FXGL Background Thread 3 ] DEBUG Engine               - configClass: Optional.empty
10:49:34.934 [FXGL Background Thread 3 ] DEBUG Engine               - credits: []
10:49:34.935 [FXGL Background Thread 3 ] DEBUG Engine               - defaultCursor: CursorInfo(imageName=fxgl_default_cursor.png, hotspotX=7.0, hotspotY=6.0)
10:49:34.935 [FXGL Background Thread 3 ] DEBUG Engine               - devBBoxColorProperty: ObjectProperty [value: 0xff0000ff]
10:49:34.935 [FXGL Background Thread 3 ] DEBUG Engine               - devEnableDebugCameraProperty: BooleanProperty [value: false]
10:49:34.935 [FXGL Background Thread 3 ] DEBUG Engine               - devSensorColorProperty: ObjectProperty [value: 0xffff00ff]
10:49:34.935 [FXGL Background Thread 3 ] DEBUG Engine               - devShowBBoxProperty: BooleanProperty [value: false]
10:49:34.935 [FXGL Background Thread 3 ] DEBUG Engine               - devShowPositionProperty: BooleanProperty [value: false]
10:49:34.935 [FXGL Background Thread 3 ] DEBUG Engine               - enabledMenuItems: []
10:49:34.935 [FXGL Background Thread 3 ] DEBUG Engine               - engineServices: [class com.almasb.fxgl.app.services.FXGLAssetLoaderService, class com.almasb.fxgl.app.FXGLApplication$GameApplicationService, class com.almasb.fxgl.app.services.FXGLDialogService, class com.almasb.fxgl.app.services.IOTaskExecutorService, class com.almasb.fxgl.io.FileSystemService, class com.almasb.fxgl.localization.LocalizationService, class com.almasb.fxgl.app.services.SystemBundleService, class com.almasb.fxgl.profile.SaveLoadService, class com.almasb.fxgl.ui.FXGLUIFactoryServiceProvider, class com.almasb.fxgl.ui.FXGLDialogFactoryServiceProvider, class com.almasb.fxgl.audio.AudioPlayer, class com.almasb.fxgl.notification.impl.NotificationServiceProvider, class com.almasb.fxgl.achievement.AchievementService, class com.almasb.fxgl.cutscene.CutsceneService, class com.almasb.fxgl.minigames.MiniGameService, class com.almasb.fxgl.net.NetService, class com.almasb.fxgl.app.services.UpdaterService, class com.almasb.fxgl.dev.DevService]
10:49:34.935 [FXGL Background Thread 3 ] DEBUG Engine               - fontGame: Abel-Regular.ttf
10:49:34.935 [FXGL Background Thread 3 ] DEBUG Engine               - fontMono: lucida_console.ttf
10:49:34.935 [FXGL Background Thread 3 ] DEBUG Engine               - fontText: Courier-Prime.ttf
10:49:34.935 [FXGL Background Thread 3 ] DEBUG Engine               - fontUI: VarelaRound-Regular.ttf
10:49:34.935 [FXGL Background Thread 3 ] DEBUG Engine               - fullScreen: BooleanProperty [value: false]
10:49:34.935 [FXGL Background Thread 3 ] DEBUG Engine               - gameDifficulty: MEDIUM
10:49:34.935 [FXGL Background Thread 3 ] DEBUG Engine               - gameDifficultyProperty: ObjectProperty [value: MEDIUM]
10:49:34.935 [FXGL Background Thread 3 ] DEBUG Engine               - globalMusicVolume: 0.5
10:49:34.935 [FXGL Background Thread 3 ] DEBUG Engine               - globalMusicVolumeProperty: DoubleProperty [value: 0.5]
10:49:34.936 [FXGL Background Thread 3 ] DEBUG Engine               - globalSoundVolume: 0.5
10:49:34.936 [FXGL Background Thread 3 ] DEBUG Engine               - globalSoundVolumeProperty: DoubleProperty [value: 0.5]
10:49:34.936 [FXGL Background Thread 3 ] DEBUG Engine               - height: 480
10:49:34.936 [FXGL Background Thread 3 ] DEBUG Engine               - is3D: false
10:49:34.936 [FXGL Background Thread 3 ] DEBUG Engine               - isAndroid: false
10:49:34.936 [FXGL Background Thread 3 ] DEBUG Engine               - isBrowser: false
10:49:34.936 [FXGL Background Thread 3 ] DEBUG Engine               - isClickFeedbackEnabled: false
10:49:34.936 [FXGL Background Thread 3 ] DEBUG Engine               - isCloseConfirmation: false
10:49:34.936 [FXGL Background Thread 3 ] DEBUG Engine               - isDesktop: true
10:49:34.936 [FXGL Background Thread 3 ] DEBUG Engine               - isDeveloperMenuEnabled: false
10:49:34.936 [FXGL Background Thread 3 ] DEBUG Engine               - isEntityPreloadEnabled: true
10:49:34.936 [FXGL Background Thread 3 ] DEBUG Engine               - isExperimentalTiledLargeMap: false
10:49:34.936 [FXGL Background Thread 3 ] DEBUG Engine               - isFileSystemWriteAllowed: true
10:49:34.936 [FXGL Background Thread 3 ] DEBUG Engine               - isFullScreenAllowed: false
10:49:34.936 [FXGL Background Thread 3 ] DEBUG Engine               - isFullScreenFromStart: false
10:49:34.936 [FXGL Background Thread 3 ] DEBUG Engine               - isGameMenuEnabled: true
10:49:34.936 [FXGL Background Thread 3 ] DEBUG Engine               - isIOS: false
10:49:34.937 [FXGL Background Thread 3 ] DEBUG Engine               - isIntroEnabled: false
10:49:34.937 [FXGL Background Thread 3 ] DEBUG Engine               - isLinux: false
10:49:34.937 [FXGL Background Thread 3 ] DEBUG Engine               - isMac: false
10:49:34.937 [FXGL Background Thread 3 ] DEBUG Engine               - isMainMenuEnabled: true
10:49:34.937 [FXGL Background Thread 3 ] DEBUG Engine               - isManualResizeEnabled: false
10:49:34.937 [FXGL Background Thread 3 ] DEBUG Engine               - isMobile: false
10:49:34.937 [FXGL Background Thread 3 ] DEBUG Engine               - isNative: false
10:49:34.937 [FXGL Background Thread 3 ] DEBUG Engine               - isPauseMusicWhenMinimized: true
10:49:34.937 [FXGL Background Thread 3 ] DEBUG Engine               - isPreserveResizeRatio: false
10:49:34.937 [FXGL Background Thread 3 ] DEBUG Engine               - isProfilingEnabled: false
10:49:34.937 [FXGL Background Thread 3 ] DEBUG Engine               - isScaleAffectedOnResize: true
10:49:34.937 [FXGL Background Thread 3 ] DEBUG Engine               - isSingleStep: false
10:49:34.937 [FXGL Background Thread 3 ] DEBUG Engine               - isUserProfileEnabled: false
10:49:34.937 [FXGL Background Thread 3 ] DEBUG Engine               - isWindows: true
10:49:34.937 [FXGL Background Thread 3 ] DEBUG Engine               - language: ObjectProperty [value: ENGLISH]
10:49:34.937 [FXGL Background Thread 3 ] DEBUG Engine               - menuKey: ESCAPE
10:49:34.938 [FXGL Background Thread 3 ] DEBUG Engine               - mouseSensitivity: 0.2
10:49:34.938 [FXGL Background Thread 3 ] DEBUG Engine               - notificationViewClass: class com.almasb.fxgl.notification.view.XboxNotificationView
10:49:34.938 [FXGL Background Thread 3 ] DEBUG Engine               - pixelsPerMeter: 50.0
10:49:34.938 [FXGL Background Thread 3 ] DEBUG Engine               - platform: WINDOWS
10:49:34.938 [FXGL Background Thread 3 ] DEBUG Engine               - prefHeightProperty: ReadOnlyDoubleProperty [value: 480.0]
10:49:34.938 [FXGL Background Thread 3 ] DEBUG Engine               - prefWidthProperty: ReadOnlyDoubleProperty [value: 640.0]
10:49:34.938 [FXGL Background Thread 3 ] DEBUG Engine               - profileDir: profiles/
10:49:34.938 [FXGL Background Thread 3 ] DEBUG Engine               - profileName: StringProperty [value: DEFAULT]
10:49:34.938 [FXGL Background Thread 3 ] DEBUG Engine               - randomSeed: -1
10:49:34.938 [FXGL Background Thread 3 ] DEBUG Engine               - runtimeInfo: RuntimeInfo(platform=WINDOWS, version=11.17, build=16.07.2021 15.46)
10:49:34.938 [FXGL Background Thread 3 ] DEBUG Engine               - saveFileExt: sav
10:49:34.938 [FXGL Background Thread 3 ] DEBUG Engine               - scaledHeightProp$fxgl: DoubleProperty [bound, value: 480.0]
10:49:34.938 [FXGL Background Thread 3 ] DEBUG Engine               - scaledWidthProp$fxgl: DoubleProperty [bound, value: 640.0]
10:49:34.938 [FXGL Background Thread 3 ] DEBUG Engine               - sceneFactory: com.almasb.fxgl.app.scene.SceneFactory@c75d7dd
10:49:34.940 [FXGL Background Thread 3 ] DEBUG Engine               - secondsIn24h: 60
10:49:34.940 [FXGL Background Thread 3 ] DEBUG Engine               - soundMenuBack: menu/back.wav
10:49:34.940 [FXGL Background Thread 3 ] DEBUG Engine               - soundMenuPress: menu/press.wav
10:49:34.940 [FXGL Background Thread 3 ] DEBUG Engine               - soundMenuSelect: menu/select.wav
10:49:34.940 [FXGL Background Thread 3 ] DEBUG Engine               - soundNotification: core/notification.wav
10:49:34.940 [FXGL Background Thread 3 ] DEBUG Engine               - stageStyle: DECORATED
10:49:34.940 [FXGL Background Thread 3 ] DEBUG Engine               - supportedLanguages: [ENGLISH, FRENCH, GERMAN, HUNGARIAN, RUSSIAN]
10:49:34.940 [FXGL Background Thread 3 ] DEBUG Engine               - ticksPerSecond: -1
10:49:34.940 [FXGL Background Thread 3 ] DEBUG Engine               - title: JFX Invaders
10:49:34.940 [FXGL Background Thread 3 ] DEBUG Engine               - urlGithub: https://github.com/AlmasB/FXGL
10:49:34.940 [FXGL Background Thread 3 ] DEBUG Engine               - urlLeaderboard: http://fxgl-top.herokuapp.com/
10:49:34.940 [FXGL Background Thread 3 ] DEBUG Engine               - urlPOM: https://raw.githubusercontent.com/AlmasB/FXGL/release/README.md
10:49:34.940 [FXGL Background Thread 3 ] DEBUG Engine               - userAppClass: class com.bdn.jfxinvaders.InvadersApp
10:49:34.940 [FXGL Background Thread 3 ] DEBUG Engine               - version: 0.0
10:49:34.940 [FXGL Background Thread 3 ] DEBUG Engine               - versionCheckDays: 7
10:49:34.940 [FXGL Background Thread 3 ] DEBUG Engine               - width: 640
10:49:34.940 [FXGL Background Thread 3 ] DEBUG Engine               - Logging services
10:49:34.940 [FXGL Background Thread 3 ] DEBUG Engine               - class com.almasb.fxgl.app.services.FXGLAssetLoaderService
10:49:34.941 [FXGL Background Thread 3 ] DEBUG Engine               - class com.almasb.fxgl.app.FXGLApplication$GameApplicationService
10:49:34.941 [FXGL Background Thread 3 ] DEBUG Engine               - class com.almasb.fxgl.app.services.FXGLDialogService
10:49:34.941 [FXGL Background Thread 3 ] DEBUG Engine               - class com.almasb.fxgl.app.services.IOTaskExecutorService
10:49:34.941 [FXGL Background Thread 3 ] DEBUG Engine               - class com.almasb.fxgl.io.FileSystemService
10:49:34.941 [FXGL Background Thread 3 ] DEBUG Engine               - class com.almasb.fxgl.localization.LocalizationService
10:49:34.941 [FXGL Background Thread 3 ] DEBUG Engine               - class com.almasb.fxgl.app.services.SystemBundleService
10:49:34.941 [FXGL Background Thread 3 ] DEBUG Engine               - class com.almasb.fxgl.profile.SaveLoadService
10:49:34.941 [FXGL Background Thread 3 ] DEBUG Engine               - class com.almasb.fxgl.ui.FXGLUIFactoryServiceProvider
10:49:34.941 [FXGL Background Thread 3 ] DEBUG Engine               - class com.almasb.fxgl.ui.FXGLDialogFactoryServiceProvider
10:49:34.941 [FXGL Background Thread 3 ] DEBUG Engine               - class com.almasb.fxgl.audio.AudioPlayer
10:49:34.941 [FXGL Background Thread 3 ] DEBUG Engine               - class com.almasb.fxgl.notification.impl.NotificationServiceProvider
10:49:34.941 [FXGL Background Thread 3 ] DEBUG Engine               - class com.almasb.fxgl.achievement.AchievementService
10:49:34.941 [FXGL Background Thread 3 ] DEBUG Engine               - class com.almasb.fxgl.cutscene.CutsceneService
10:49:34.941 [FXGL Background Thread 3 ] DEBUG Engine               - class com.almasb.fxgl.minigames.MiniGameService
10:49:34.941 [FXGL Background Thread 3 ] DEBUG Engine               - class com.almasb.fxgl.net.NetService
10:49:34.942 [FXGL Background Thread 3 ] DEBUG Engine               - class com.almasb.fxgl.app.services.UpdaterService
10:49:34.942 [FXGL Background Thread 3 ] DEBUG Engine               - class com.almasb.fxgl.dev.DevService
10:49:35.180 [JavaFX Application Thread] DEBUG FXGLAssetLoaderServi - Loading from file system: file:/C:/Users/georg/IdeaProjects/JFXInvaders/target/classes/assets/textures/shipbullet.png
10:49:44.834 [JavaFX Application Thread] DEBUG FXGLApplication      - Exiting FXGL
10:49:44.835 [JavaFX Application Thread] DEBUG LoopRunner           - Stopping loop
10:49:44.835 [JavaFX Application Thread] DEBUG SystemBundleService  - Saving FXGL system data
10:49:44.836 [JavaFX Application Thread] DEBUG FileSystemAccess     - Writing to: C:\Users\georg\IdeaProjects\JFXInvaders\system\fxgl.bundle
10:49:44.837 [JavaFX Application Thread] DEBUG Async                - Shutting down background threads
10:49:44.837 [JavaFX Application Thread] DEBUG PrimaryStageWindow   - Closing main window
10:49:44.844 [JavaFX Application Thread] DEBUG Logger               - Closing Logger
