15:23:02.053 [main                     ] DEBUG Logger               - Configured Logger
15:23:02.058 [main                     ] DEBUG GameApplication      - Logging settings
Title: JFX Invaders
Version: 0.0
Width: 640
Height: 480
Fullscreen: false
Intro: false
Profiling: false
Single step:false
App Mode: DEVELOPER
Menu Key: ESCAPE
Stage Style: DECORATED
Scene Factory: class com.almasb.fxgl.app.scene.SceneFactory

15:23:02.283 [JavaFX Application Thread] DEBUG FXGLApplication      - Initializing FXGL
15:23:02.284 [JavaFX Application Thread] INFO  Engine               - FXGL-11.17 (16.07.2021 15.46) on WINDOWS (J:17.0.2 FX:17.0.1)
15:23:02.284 [JavaFX Application Thread] DEBUG Engine               - JRE Vendor Name: Oracle Corporation
15:23:02.284 [JavaFX Application Thread] DEBUG Engine               - Running on OS: Windows 10 version 10.0
15:23:02.284 [JavaFX Application Thread] DEBUG Engine               - Architecture: amd64
15:23:02.284 [JavaFX Application Thread] INFO  Engine               - Source code and latest versions at: https://github.com/AlmasB/FXGL
15:23:02.284 [JavaFX Application Thread] INFO  Engine               -              Join the FXGL chat at: https://gitter.im/AlmasB/FXGL
15:23:02.346 [JavaFX Application Thread] DEBUG PrimaryStageWindow   - Creating a JavaFX scene
15:23:02.372 [JavaFX Application Thread] DEBUG PrimaryStageWindow   - Target settings size: 640.0 x 480.0
15:23:02.372 [JavaFX Application Thread] DEBUG PrimaryStageWindow   - Scaled scene size:    640.0 x 480.0
15:23:02.373 [JavaFX Application Thread] DEBUG PrimaryStageWindow   - Scaled ratio: (1.0, 1.0)
15:23:02.373 [JavaFX Application Thread] DEBUG PrimaryStageWindow   - Set initial scene to FXGLStartupScene
15:23:02.377 [JavaFX Application Thread] DEBUG PrimaryStageWindow   - Opening main window
15:23:02.429 [JavaFX Application Thread] DEBUG PrimaryStageWindow   - Window border size: (16.0, 39.0)
15:23:02.429 [JavaFX Application Thread] DEBUG PrimaryStageWindow   - Scaled size: 640.0 x 480.0
15:23:02.429 [JavaFX Application Thread] DEBUG PrimaryStageWindow   - Scaled ratio: (1.0, 1.0)
15:23:02.429 [JavaFX Application Thread] DEBUG PrimaryStageWindow   - Scene size: 640.0 x 480.0
15:23:02.429 [JavaFX Application Thread] DEBUG PrimaryStageWindow   - Stage size: 656.0 x 519.0
15:23:02.434 [FXGL Background Thread 1 ] DEBUG Engine               - Initializing environment variables
15:23:02.464 [FXGL Background Thread 1 ] DEBUG FXGLAssetLoaderServi - User app class for loading assets: class com.bdn.jfxinvaders.InvadersApp
15:23:02.464 [FXGL Background Thread 1 ] DEBUG GameApplicationServi - Applying CSS: fxgl_dark.css
15:23:02.465 [FXGL Background Thread 1 ] DEBUG FXGLAssetLoaderServi - Loading from file system: jar:file:///C:/Users/georg/.m2/repository/com/github/almasb/fxgl/11.17/fxgl-11.17.jar!/fxglassets/ui/css/fxgl_dark.css
15:23:02.502 [FXGL Background Thread 1 ] DEBUG GameApplicationServi - Initializing application scenes
15:23:02.528 [FXGL Background Thread 1 ] DEBUG GameWorld            - Game world initialized
15:23:02.565 [FXGL Background Thread 1 ] DEBUG PhysicsWorld         - Physics world initialized: appHeight=480, physics.ppm=50.0
15:23:02.565 [FXGL Background Thread 1 ] DEBUG PhysicsWorld         - Using strategy: BRUTE_FORCE
15:23:02.568 [FXGL Background Thread 1 ] DEBUG GameScene            - Game scene initialized: 640x480
15:23:02.579 [FXGL Background Thread 1 ] WARN  FXGL.DefaultMenu     - FXGLDefaultMenu is not designed for resolutions < 800x600
15:23:02.579 [FXGL Background Thread 1 ] DEBUG FXGL.DefaultMenu     - createMenuBodyMainMenu()
15:23:02.589 [FXGL Background Thread 1 ] DEBUG FXGL.DefaultMenu     - createOptionsMenu()
15:23:02.597 [FXGL Background Thread 1 ] DEBUG FXGLAssetLoaderServi - Loading from file system: jar:file:///C:/Users/georg/.m2/repository/com/github/almasb/fxgl/11.17/fxgl-11.17.jar!/fxglassets/textures/particles/smoke.png
15:23:02.668 [FXGL Background Thread 1 ] DEBUG FXGLAssetLoaderServi - Loading from file system: jar:file:///C:/Users/georg/.m2/repository/com/github/almasb/fxgl/11.17/fxgl-11.17.jar!/fxglassets/textures/particles/trace_horizontal.png
15:23:02.694 [FXGL Background Thread 1 ] WARN  FXGL.DefaultMenu     - FXGLDefaultMenu is not designed for resolutions < 800x600
15:23:02.695 [FXGL Background Thread 1 ] DEBUG FXGL.DefaultMenu     - createMenuBodyGameMenu()
15:23:02.696 [FXGL Background Thread 1 ] DEBUG FXGL.DefaultMenu     - createOptionsMenu()
15:23:02.707 [FXGL Background Thread 1 ] DEBUG GameApplicationServi - Application scenes initialized
15:23:02.713 [FXGL Background Thread 1 ] DEBUG SystemBundleService  - Loading FXGL system data
15:23:02.716 [FXGL Background Thread 1 ] DEBUG FileSystemAccess     - Reading from: C:\Users\georg\IdeaProjects\JFXInvaders\system\fxgl.bundle
15:23:02.720 [FXGL Background Thread 1 ] DEBUG SystemBundleService  - Bundle FXGL: {}
15:23:02.720 [FXGL Background Thread 1 ] DEBUG UpdaterService       - Checking for updates
15:23:02.723 [FXGL Background Thread 4 ] DEBUG FXGLApplication      - Loading fonts
15:23:02.724 [FXGL Background Thread 1 ] DEBUG FXGLApplication      - Loading default localization
15:23:02.724 [FXGL Background Thread 4 ] DEBUG FXGLAssetLoaderServi - Loading from file system: jar:file:///C:/Users/georg/.m2/repository/com/github/almasb/fxgl/11.17/fxgl-11.17.jar!/fxglassets/ui/fonts/VarelaRound-Regular.ttf
15:23:02.724 [FXGL Background Thread 1 ] DEBUG FXGLAssetLoaderServi - Loading from file system: jar:file:///C:/Users/georg/.m2/repository/com/github/almasb/fxgl/11.17/fxgl-11.17.jar!/fxglassets/languages/english.lang
15:23:02.732 [FXGL Background Thread 1 ] INFO  FXGLApplication      - FXGL initialization took: 0.297 sec
15:23:02.740 [JavaFX Application Thread] DEBUG Input                - Registered new binding: Move Left - Left
15:23:02.740 [JavaFX Application Thread] DEBUG Input                - Registered new binding: Move Left Alternate - A
15:23:02.740 [JavaFX Application Thread] DEBUG Input                - Registered new binding: Move Right - Right
15:23:02.740 [JavaFX Application Thread] DEBUG Input                - Registered new binding: Move Right Alternate - D
15:23:02.740 [JavaFX Application Thread] DEBUG Input                - Registered new binding: Shoot - Space
15:23:02.740 [JavaFX Application Thread] DEBUG FXGLAssetLoaderServi - Loading from file system: jar:file:///C:/Users/georg/.m2/repository/com/github/almasb/fxgl/11.17/fxgl-11.17.jar!/fxglassets/textures/fxgl_icon.png
15:23:02.761 [JavaFX Application Thread] DEBUG FXGLAssetLoaderServi - Loading from file system: jar:file:///C:/Users/georg/.m2/repository/com/github/almasb/fxgl/11.17/fxgl-11.17.jar!/fxglassets/textures/fxgl_default_cursor.png
15:23:02.763 [JavaFX Application Thread] DEBUG Input                - Registered new binding: Screenshot - CTRL+8
15:23:02.763 [JavaFX Application Thread] DEBUG Input                - Registered new binding: System info dump - CTRL+9
15:23:02.764 [JavaFX Application Thread] DEBUG Input                - Registered new binding: Restart - CTRL+R
15:23:02.764 [JavaFX Application Thread] DEBUG Input                - Registered new binding: Toggle Debug Camera - CTRL+C
15:23:02.765 [JavaFX Application Thread] DEBUG LoopRunner           - Starting loop
15:23:02.765 [JavaFX Application Thread] DEBUG LoopRunner           - Initializing JavaFX AnimationTimerLoop
15:23:02.767 [JavaFX Application Thread] DEBUG Input                - Clearing active input actions
15:23:02.773 [JavaFX Application Thread] DEBUG GameApplicationServi - Removing overlay from FXGLStartupScene and adding to FXGLMainMenuDummyScene
15:23:02.774 [JavaFX Application Thread] DEBUG PrimaryStageWindow   - FXGLStartupScene -> FXGLMainMenuDummyScene
15:23:02.774 [JavaFX Application Thread] DEBUG PrimaryStageWindow   - Push state: FXGLDefaultMenu
15:23:02.778 [JavaFX Application Thread] DEBUG Input                - Clearing active input actions
15:23:02.779 [FXGL Background Thread 4 ] DEBUG FXGLAssetLoaderServi - Loading from file system: jar:file:///C:/Users/georg/.m2/repository/com/github/almasb/fxgl/11.17/fxgl-11.17.jar!/fxglassets/ui/fonts/Abel-Regular.ttf
15:23:02.783 [JavaFX Application Thread] DEBUG GameApplicationServi - Removing overlay from FXGLMainMenuDummyScene and adding to FXGLDefaultMenu
15:23:02.783 [JavaFX Application Thread] DEBUG PrimaryStageWindow   - FXGLMainMenuDummyScene -> FXGLDefaultMenu
15:23:02.785 [FXGL Background Thread 4 ] DEBUG FXGLAssetLoaderServi - Loading from file system: jar:file:///C:/Users/georg/.m2/repository/com/github/almasb/fxgl/11.17/fxgl-11.17.jar!/fxglassets/ui/fonts/lucida_console.ttf
15:23:02.794 [FXGL Background Thread 4 ] DEBUG FXGLAssetLoaderServi - Loading from file system: jar:file:///C:/Users/georg/.m2/repository/com/github/almasb/fxgl/11.17/fxgl-11.17.jar!/fxglassets/ui/fonts/Courier-Prime.ttf
15:23:02.826 [JavaFX Application Thread] DEBUG FXGLApplication      - Registering font factories with UI factory
15:23:03.047 [FXGL Background Thread 2 ] INFO  UpdaterService       - Your current version:  11.17
15:23:03.047 [FXGL Background Thread 2 ] INFO  UpdaterService       - Latest stable version: 17.3
15:23:03.812 [JavaFX Application Thread] DEBUG Menu                 - fireNewGame()
15:23:03.812 [JavaFX Application Thread] DEBUG GameApplicationServi - Starting new game
15:23:03.814 [JavaFX Application Thread] DEBUG PrimaryStageWindow   - Pop state: FXGLDefaultMenu
15:23:03.814 [JavaFX Application Thread] DEBUG Input                - Clearing active input actions
15:23:03.814 [JavaFX Application Thread] DEBUG GameApplicationServi - Removing overlay from FXGLDefaultMenu and adding to FXGLMainMenuDummyScene
15:23:03.814 [JavaFX Application Thread] DEBUG PrimaryStageWindow   - FXGLMainMenuDummyScene <- FXGLDefaultMenu
15:23:03.815 [JavaFX Application Thread] DEBUG Input                - Clearing active input actions
15:23:03.819 [JavaFX Application Thread] DEBUG GameApplicationServi - Removing overlay from FXGLMainMenuDummyScene and adding to FXGLLoadingScene
15:23:03.819 [JavaFX Application Thread] DEBUG PrimaryStageWindow   - FXGLMainMenuDummyScene -> FXGLLoadingScene
15:23:03.819 [JavaFX Application Thread] DEBUG GameApplicationServi - Clearing previous game
15:23:03.819 [JavaFX Application Thread] DEBUG GameScene            - Clearing game scene
15:23:03.819 [JavaFX Application Thread] DEBUG GameWorld            - Clearing game world
15:23:03.819 [JavaFX Application Thread] DEBUG PhysicsWorld         - Clearing physics world
15:23:03.820 [FXGL Background Thread 2 ] DEBUG FXGLApplication      - Initializing game
15:23:03.824 [FXGL Background Thread 2 ] DEBUG FXGLAssetLoaderServi - Loading from file system: file:/C:/Users/georg/IdeaProjects/JFXInvaders/target/classes/assets/music/backgroundmusic.mp3
15:23:03.950 [FXGL Background Thread 2 ] DEBUG AudioPlayer          - Playing music com.almasb.fxgl.audio.Music@e6f7f1b
15:23:03.953 [FXGL Background Thread 2 ] DEBUG FXGLAssetLoaderServi - Loading from file system: file:/C:/Users/georg/IdeaProjects/JFXInvaders/target/classes/assets/textures/space.png
15:23:03.972 [FXGL Background Thread 2 ] DEBUG PrimaryStageWindow   - Push state: DialogSubScene
15:23:03.972 [FXGL Background Thread 2 ] DEBUG Input                - Clearing active input actions
15:23:03.985 [JavaFX Application Thread] DEBUG LoopRunner           - Stopping loop
15:23:03.986 [JavaFX Application Thread] FATAL FXGLApplication      - Uncaught Exception:
java.lang.RuntimeException: Initialization failed
	at com.almasb.fxgl.all/com.almasb.fxgl.app.FXGLApplication$InitAppTask.failed(FXGLApplication.kt:343)
	at javafx.graphics/javafx.concurrent.Task.setState(Task.java:710)
	at javafx.graphics/javafx.concurrent.Task$TaskCallable.lambda$call$2(Task.java:1456)
	at javafx.graphics/com.sun.javafx.application.PlatformImpl.lambda$runLater$10(PlatformImpl.java:457)
	at java.base/java.security.AccessController.doPrivileged(AccessController.java:399)
	at javafx.graphics/com.sun.javafx.application.PlatformImpl.lambda$runLater$11(PlatformImpl.java:456)
	at javafx.graphics/com.sun.glass.ui.InvokeLaterDispatcher$Future.run(InvokeLaterDispatcher.java:96)
	at javafx.graphics/com.sun.glass.ui.win.WinApplication._runLoop(Native Method)
	at javafx.graphics/com.sun.glass.ui.win.WinApplication.lambda$runLoop$3(WinApplication.java:184)
	at java.base/java.lang.Thread.run(Thread.java:833)
Caused by: java.lang.IllegalStateException: Not on FX application thread; currentThread = FXGL Background Thread 2
	at javafx.graphics/com.sun.javafx.tk.Toolkit.checkFxUserThread(Toolkit.java:295)
	at javafx.graphics/com.sun.javafx.tk.quantum.QuantumToolkit.checkFxUserThread(QuantumToolkit.java:458)
	at javafx.graphics/javafx.scene.Parent$3.onProposedChange(Parent.java:474)
	at javafx.base/com.sun.javafx.collections.VetoableListDecorator.add(VetoableListDecorator.java:205)
	at com.almasb.fxgl.all/com.almasb.fxgl.app.MainWindow.pushState(MainWindow.kt:160)
	at com.almasb.fxgl.all/com.almasb.fxgl.app.FXGLApplication$GameApplicationService.pushSubScene(FXGLApplication.kt:711)
	at com.almasb.fxgl.all/com.almasb.fxgl.app.services.FXGLDialogService.show(FXGLDialogService.kt:98)
	at com.almasb.fxgl.all/com.almasb.fxgl.app.services.FXGLDialogService.show(FXGLDialogService.kt:93)
	at com.almasb.fxgl.all/com.almasb.fxgl.app.services.FXGLDialogService.showMessageBox(FXGLDialogService.kt:124)
	at com.bdn.jfxinvaders/com.bdn.jfxinvaders.InvadersApp.initGame(InvadersApp.java:90)
	at com.almasb.fxgl.all/com.almasb.fxgl.app.FXGLApplication$InitAppTask.initGame(FXGLApplication.kt:339)
	at com.almasb.fxgl.all/com.almasb.fxgl.app.FXGLApplication$InitAppTask.call(FXGLApplication.kt:319)
	at com.almasb.fxgl.all/com.almasb.fxgl.app.FXGLApplication$InitAppTask.call(FXGLApplication.kt:311)
	at javafx.graphics/javafx.concurrent.Task$TaskCallable.call(Task.java:1426)
	at java.base/java.util.concurrent.FutureTask.run(FutureTask.java:264)
	at java.base/java.util.concurrent.Executors$RunnableAdapter.call(Executors.java:539)
	at java.base/java.util.concurrent.FutureTask.run(FutureTask.java:264)
	at java.base/java.util.concurrent.ThreadPoolExecutor.runWorker(ThreadPoolExecutor.java:1136)
	at java.base/java.util.concurrent.ThreadPoolExecutor$Worker.run(ThreadPoolExecutor.java:635)
	... 1 more

15:23:03.986 [JavaFX Application Thread] FATAL FXGLApplication      - Application will now exit
15:23:03.995 [JavaFX Application Thread] DEBUG PrimaryStageWindow   - Push state: ErrorSubScene
15:23:03.996 [JavaFX Application Thread] DEBUG Input                - Clearing active input actions
15:23:03.997 [JavaFX Application Thread] DEBUG GameApplicationServi - Removing overlay from FXGLLoadingScene and adding to ErrorSubScene
15:23:03.997 [JavaFX Application Thread] DEBUG PrimaryStageWindow   - DialogSubScene -> ErrorSubScene
15:23:05.724 [FXGL Background Thread 3 ] DEBUG Engine               - Logging environment variables
15:23:05.724 [FXGL Background Thread 3 ] DEBUG Engine               - achievements: []
15:23:05.724 [FXGL Background Thread 3 ] DEBUG Engine               - actualHeight: 480.0
15:23:05.724 [FXGL Background Thread 3 ] DEBUG Engine               - actualHeightProperty: ReadOnlyDoubleProperty [value: 480.0]
15:23:05.724 [FXGL Background Thread 3 ] DEBUG Engine               - actualWidth: 640.0
15:23:05.724 [FXGL Background Thread 3 ] DEBUG Engine               - actualWidthProperty: ReadOnlyDoubleProperty [value: 640.0]
15:23:05.724 [FXGL Background Thread 3 ] DEBUG Engine               - appIcon: fxgl_icon.png
15:23:05.724 [FXGL Background Thread 3 ] DEBUG Engine               - applicationMode: DEVELOPER
15:23:05.725 [FXGL Background Thread 3 ] DEBUG Engine               - cSSList: [fxgl_dark.css]
15:23:05.725 [FXGL Background Thread 3 ] DEBUG Engine               - collisionDetectionStrategy: BRUTE_FORCE
15:23:05.725 [FXGL Background Thread 3 ] DEBUG Engine               - configClass: Optional.empty
15:23:05.725 [FXGL Background Thread 3 ] DEBUG Engine               - credits: []
15:23:05.725 [FXGL Background Thread 3 ] DEBUG Engine               - defaultCursor: CursorInfo(imageName=fxgl_default_cursor.png, hotspotX=7.0, hotspotY=6.0)
15:23:05.725 [FXGL Background Thread 3 ] DEBUG Engine               - devBBoxColorProperty: ObjectProperty [value: 0xff0000ff]
15:23:05.725 [FXGL Background Thread 3 ] DEBUG Engine               - devEnableDebugCameraProperty: BooleanProperty [value: false]
15:23:05.725 [FXGL Background Thread 3 ] DEBUG Engine               - devSensorColorProperty: ObjectProperty [value: 0xffff00ff]
15:23:05.725 [FXGL Background Thread 3 ] DEBUG Engine               - devShowBBoxProperty: BooleanProperty [value: false]
15:23:05.725 [FXGL Background Thread 3 ] DEBUG Engine               - devShowPositionProperty: BooleanProperty [value: false]
15:23:05.726 [FXGL Background Thread 3 ] DEBUG Engine               - enabledMenuItems: []
15:23:05.726 [FXGL Background Thread 3 ] DEBUG Engine               - engineServices: [class com.almasb.fxgl.app.services.FXGLAssetLoaderService, class com.almasb.fxgl.app.FXGLApplication$GameApplicationService, class com.almasb.fxgl.app.services.FXGLDialogService, class com.almasb.fxgl.app.services.IOTaskExecutorService, class com.almasb.fxgl.io.FileSystemService, class com.almasb.fxgl.localization.LocalizationService, class com.almasb.fxgl.app.services.SystemBundleService, class com.almasb.fxgl.profile.SaveLoadService, class com.almasb.fxgl.ui.FXGLUIFactoryServiceProvider, class com.almasb.fxgl.ui.FXGLDialogFactoryServiceProvider, class com.almasb.fxgl.audio.AudioPlayer, class com.almasb.fxgl.notification.impl.NotificationServiceProvider, class com.almasb.fxgl.achievement.AchievementService, class com.almasb.fxgl.cutscene.CutsceneService, class com.almasb.fxgl.minigames.MiniGameService, class com.almasb.fxgl.net.NetService, class com.almasb.fxgl.app.services.UpdaterService, class com.almasb.fxgl.dev.DevService]
15:23:05.726 [FXGL Background Thread 3 ] DEBUG Engine               - fontGame: Abel-Regular.ttf
15:23:05.726 [FXGL Background Thread 3 ] DEBUG Engine               - fontMono: lucida_console.ttf
15:23:05.726 [FXGL Background Thread 3 ] DEBUG Engine               - fontText: Courier-Prime.ttf
15:23:05.726 [FXGL Background Thread 3 ] DEBUG Engine               - fontUI: VarelaRound-Regular.ttf
15:23:05.726 [FXGL Background Thread 3 ] DEBUG Engine               - fullScreen: BooleanProperty [value: false]
15:23:05.726 [FXGL Background Thread 3 ] DEBUG Engine               - gameDifficulty: MEDIUM
15:23:05.726 [FXGL Background Thread 3 ] DEBUG Engine               - gameDifficultyProperty: ObjectProperty [value: MEDIUM]
15:23:05.726 [FXGL Background Thread 3 ] DEBUG Engine               - globalMusicVolume: 0.5
15:23:05.726 [FXGL Background Thread 3 ] DEBUG Engine               - globalMusicVolumeProperty: DoubleProperty [value: 0.5]
15:23:05.726 [FXGL Background Thread 3 ] DEBUG Engine               - globalSoundVolume: 0.5
15:23:05.726 [FXGL Background Thread 3 ] DEBUG Engine               - globalSoundVolumeProperty: DoubleProperty [value: 0.5]
15:23:05.726 [FXGL Background Thread 3 ] DEBUG Engine               - height: 480
15:23:05.727 [FXGL Background Thread 3 ] DEBUG Engine               - is3D: false
15:23:05.727 [FXGL Background Thread 3 ] DEBUG Engine               - isAndroid: false
15:23:05.727 [FXGL Background Thread 3 ] DEBUG Engine               - isBrowser: false
15:23:05.727 [FXGL Background Thread 3 ] DEBUG Engine               - isClickFeedbackEnabled: false
15:23:05.727 [FXGL Background Thread 3 ] DEBUG Engine               - isCloseConfirmation: false
15:23:05.727 [FXGL Background Thread 3 ] DEBUG Engine               - isDesktop: true
15:23:05.727 [FXGL Background Thread 3 ] DEBUG Engine               - isDeveloperMenuEnabled: false
15:23:05.727 [FXGL Background Thread 3 ] DEBUG Engine               - isEntityPreloadEnabled: true
15:23:05.727 [FXGL Background Thread 3 ] DEBUG Engine               - isExperimentalTiledLargeMap: false
15:23:05.727 [FXGL Background Thread 3 ] DEBUG Engine               - isFileSystemWriteAllowed: true
15:23:05.727 [FXGL Background Thread 3 ] DEBUG Engine               - isFullScreenAllowed: false
15:23:05.727 [FXGL Background Thread 3 ] DEBUG Engine               - isFullScreenFromStart: false
15:23:05.728 [FXGL Background Thread 3 ] DEBUG Engine               - isGameMenuEnabled: true
15:23:05.728 [FXGL Background Thread 3 ] DEBUG Engine               - isIOS: false
15:23:05.728 [FXGL Background Thread 3 ] DEBUG Engine               - isIntroEnabled: false
15:23:05.728 [FXGL Background Thread 3 ] DEBUG Engine               - isLinux: false
15:23:05.728 [FXGL Background Thread 3 ] DEBUG Engine               - isMac: false
15:23:05.728 [FXGL Background Thread 3 ] DEBUG Engine               - isMainMenuEnabled: true
15:23:05.728 [FXGL Background Thread 3 ] DEBUG Engine               - isManualResizeEnabled: false
15:23:05.728 [FXGL Background Thread 3 ] DEBUG Engine               - isMobile: false
15:23:05.728 [FXGL Background Thread 3 ] DEBUG Engine               - isNative: false
15:23:05.728 [FXGL Background Thread 3 ] DEBUG Engine               - isPauseMusicWhenMinimized: true
15:23:05.728 [FXGL Background Thread 3 ] DEBUG Engine               - isPreserveResizeRatio: false
15:23:05.728 [FXGL Background Thread 3 ] DEBUG Engine               - isProfilingEnabled: false
15:23:05.728 [FXGL Background Thread 3 ] DEBUG Engine               - isScaleAffectedOnResize: true
15:23:05.729 [FXGL Background Thread 3 ] DEBUG Engine               - isSingleStep: false
15:23:05.729 [FXGL Background Thread 3 ] DEBUG Engine               - isUserProfileEnabled: false
15:23:05.729 [FXGL Background Thread 3 ] DEBUG Engine               - isWindows: true
15:23:05.729 [FXGL Background Thread 3 ] DEBUG Engine               - language: ObjectProperty [value: ENGLISH]
15:23:05.729 [FXGL Background Thread 3 ] DEBUG Engine               - menuKey: ESCAPE
15:23:05.729 [FXGL Background Thread 3 ] DEBUG Engine               - mouseSensitivity: 0.2
15:23:05.729 [FXGL Background Thread 3 ] DEBUG Engine               - notificationViewClass: class com.almasb.fxgl.notification.view.XboxNotificationView
15:23:05.729 [FXGL Background Thread 3 ] DEBUG Engine               - pixelsPerMeter: 50.0
15:23:05.729 [FXGL Background Thread 3 ] DEBUG Engine               - platform: WINDOWS
15:23:05.729 [FXGL Background Thread 3 ] DEBUG Engine               - prefHeightProperty: ReadOnlyDoubleProperty [value: 480.0]
15:23:05.729 [FXGL Background Thread 3 ] DEBUG Engine               - prefWidthProperty: ReadOnlyDoubleProperty [value: 640.0]
15:23:05.729 [FXGL Background Thread 3 ] DEBUG Engine               - profileDir: profiles/
15:23:05.729 [FXGL Background Thread 3 ] DEBUG Engine               - profileName: StringProperty [value: DEFAULT]
15:23:05.730 [FXGL Background Thread 3 ] DEBUG Engine               - randomSeed: -1
15:23:05.730 [FXGL Background Thread 3 ] DEBUG Engine               - runtimeInfo: RuntimeInfo(platform=WINDOWS, version=11.17, build=16.07.2021 15.46)
15:23:05.730 [FXGL Background Thread 3 ] DEBUG Engine               - saveFileExt: sav
15:23:05.730 [FXGL Background Thread 3 ] DEBUG Engine               - scaledHeightProp$fxgl: DoubleProperty [bound, value: 480.0]
15:23:05.730 [FXGL Background Thread 3 ] DEBUG Engine               - scaledWidthProp$fxgl: DoubleProperty [bound, value: 640.0]
15:23:05.730 [FXGL Background Thread 3 ] DEBUG Engine               - sceneFactory: com.almasb.fxgl.app.scene.SceneFactory@2fc9a5b4
15:23:05.730 [FXGL Background Thread 3 ] DEBUG Engine               - secondsIn24h: 60
15:23:05.730 [FXGL Background Thread 3 ] DEBUG Engine               - soundMenuBack: menu/back.wav
15:23:05.730 [FXGL Background Thread 3 ] DEBUG Engine               - soundMenuPress: menu/press.wav
15:23:05.730 [FXGL Background Thread 3 ] DEBUG Engine               - soundMenuSelect: menu/select.wav
15:23:05.730 [FXGL Background Thread 3 ] DEBUG Engine               - soundNotification: core/notification.wav
15:23:05.730 [FXGL Background Thread 3 ] DEBUG Engine               - stageStyle: DECORATED
15:23:05.730 [FXGL Background Thread 3 ] DEBUG Engine               - supportedLanguages: [ENGLISH, FRENCH, GERMAN, HUNGARIAN, RUSSIAN]
15:23:05.730 [FXGL Background Thread 3 ] DEBUG Engine               - ticksPerSecond: -1
15:23:05.730 [FXGL Background Thread 3 ] DEBUG Engine               - title: JFX Invaders
15:23:05.731 [FXGL Background Thread 3 ] DEBUG Engine               - urlGithub: https://github.com/AlmasB/FXGL
15:23:05.731 [FXGL Background Thread 3 ] DEBUG Engine               - urlLeaderboard: http://fxgl-top.herokuapp.com/
15:23:05.731 [FXGL Background Thread 3 ] DEBUG Engine               - urlPOM: https://raw.githubusercontent.com/AlmasB/FXGL/release/README.md
15:23:05.731 [FXGL Background Thread 3 ] DEBUG Engine               - userAppClass: class com.bdn.jfxinvaders.InvadersApp
15:23:05.731 [FXGL Background Thread 3 ] DEBUG Engine               - version: 0.0
15:23:05.731 [FXGL Background Thread 3 ] DEBUG Engine               - versionCheckDays: 7
15:23:05.731 [FXGL Background Thread 3 ] DEBUG Engine               - width: 640
15:23:05.731 [FXGL Background Thread 3 ] DEBUG Engine               - Logging services
15:23:05.731 [FXGL Background Thread 3 ] DEBUG Engine               - class com.almasb.fxgl.app.services.FXGLAssetLoaderService
15:23:05.731 [FXGL Background Thread 3 ] DEBUG Engine               - class com.almasb.fxgl.app.FXGLApplication$GameApplicationService
15:23:05.731 [FXGL Background Thread 3 ] DEBUG Engine               - class com.almasb.fxgl.app.services.FXGLDialogService
15:23:05.731 [FXGL Background Thread 3 ] DEBUG Engine               - class com.almasb.fxgl.app.services.IOTaskExecutorService
15:23:05.731 [FXGL Background Thread 3 ] DEBUG Engine               - class com.almasb.fxgl.io.FileSystemService
15:23:05.731 [FXGL Background Thread 3 ] DEBUG Engine               - class com.almasb.fxgl.localization.LocalizationService
15:23:05.731 [FXGL Background Thread 3 ] DEBUG Engine               - class com.almasb.fxgl.app.services.SystemBundleService
15:23:05.731 [FXGL Background Thread 3 ] DEBUG Engine               - class com.almasb.fxgl.profile.SaveLoadService
15:23:05.731 [FXGL Background Thread 3 ] DEBUG Engine               - class com.almasb.fxgl.ui.FXGLUIFactoryServiceProvider
15:23:05.732 [FXGL Background Thread 3 ] DEBUG Engine               - class com.almasb.fxgl.ui.FXGLDialogFactoryServiceProvider
15:23:05.732 [FXGL Background Thread 3 ] DEBUG Engine               - class com.almasb.fxgl.audio.AudioPlayer
15:23:05.732 [FXGL Background Thread 3 ] DEBUG Engine               - class com.almasb.fxgl.notification.impl.NotificationServiceProvider
15:23:05.732 [FXGL Background Thread 3 ] DEBUG Engine               - class com.almasb.fxgl.achievement.AchievementService
15:23:05.732 [FXGL Background Thread 3 ] DEBUG Engine               - class com.almasb.fxgl.cutscene.CutsceneService
15:23:05.732 [FXGL Background Thread 3 ] DEBUG Engine               - class com.almasb.fxgl.minigames.MiniGameService
15:23:05.732 [FXGL Background Thread 3 ] DEBUG Engine               - class com.almasb.fxgl.net.NetService
15:23:05.732 [FXGL Background Thread 3 ] DEBUG Engine               - class com.almasb.fxgl.app.services.UpdaterService
15:23:05.732 [FXGL Background Thread 3 ] DEBUG Engine               - class com.almasb.fxgl.dev.DevService
15:23:12.625 [JavaFX Application Thread] DEBUG FXGLApplication      - Exiting FXGL
15:23:12.625 [JavaFX Application Thread] DEBUG Async                - Shutting down background threads
15:23:12.625 [JavaFX Application Thread] DEBUG PrimaryStageWindow   - Closing main window
15:23:12.632 [JavaFX Application Thread] DEBUG Logger               - Closing Logger
