11:18:12.392 [main                     ] DEBUG Logger               - Configured Logger
11:18:12.395 [main                     ] DEBUG GameApplication      - Logging settings
Title: JFX Invaders
Version: 0.0
Width: 640
Height: 480
Fullscreen: false
Intro: false
Profiling: false
Single step:false
App Mode: DEVELOPER
Menu Key: ESCAPE
Stage Style: DECORATED
Scene Factory: class com.almasb.fxgl.app.scene.SceneFactory

11:18:12.609 [JavaFX Application Thread] DEBUG FXGLApplication      - Initializing FXGL
11:18:12.610 [JavaFX Application Thread] INFO  Engine               - FXGL-11.17 (16.07.2021 15.46) on WINDOWS (J:17.0.2 FX:17.0.1)
11:18:12.611 [JavaFX Application Thread] DEBUG Engine               - JRE Vendor Name: Oracle Corporation
11:18:12.611 [JavaFX Application Thread] DEBUG Engine               - Running on OS: Windows 10 version 10.0
11:18:12.611 [JavaFX Application Thread] DEBUG Engine               - Architecture: amd64
11:18:12.611 [JavaFX Application Thread] INFO  Engine               - Source code and latest versions at: https://github.com/AlmasB/FXGL
11:18:12.611 [JavaFX Application Thread] INFO  Engine               -              Join the FXGL chat at: https://gitter.im/AlmasB/FXGL
11:18:12.671 [JavaFX Application Thread] DEBUG PrimaryStageWindow   - Creating a JavaFX scene
11:18:12.698 [JavaFX Application Thread] DEBUG PrimaryStageWindow   - Target settings size: 640.0 x 480.0
11:18:12.698 [JavaFX Application Thread] DEBUG PrimaryStageWindow   - Scaled scene size:    640.0 x 480.0
11:18:12.698 [JavaFX Application Thread] DEBUG PrimaryStageWindow   - Scaled ratio: (1.0, 1.0)
11:18:12.699 [JavaFX Application Thread] DEBUG PrimaryStageWindow   - Set initial scene to FXGLStartupScene
11:18:12.704 [JavaFX Application Thread] DEBUG PrimaryStageWindow   - Opening main window
11:18:12.757 [JavaFX Application Thread] DEBUG PrimaryStageWindow   - Window border size: (16.0, 39.0)
11:18:12.757 [JavaFX Application Thread] DEBUG PrimaryStageWindow   - Scaled size: 640.0 x 480.0
11:18:12.758 [JavaFX Application Thread] DEBUG PrimaryStageWindow   - Scaled ratio: (1.0, 1.0)
11:18:12.758 [JavaFX Application Thread] DEBUG PrimaryStageWindow   - Scene size: 640.0 x 480.0
11:18:12.758 [JavaFX Application Thread] DEBUG PrimaryStageWindow   - Stage size: 656.0 x 519.0
11:18:12.763 [FXGL Background Thread 1 ] DEBUG Engine               - Initializing environment variables
11:18:12.791 [FXGL Background Thread 1 ] DEBUG FXGLAssetLoaderServi - User app class for loading assets: class com.bdn.jfxinvaders.InvadersApp
11:18:12.791 [FXGL Background Thread 1 ] DEBUG GameApplicationServi - Applying CSS: fxgl_dark.css
11:18:12.792 [FXGL Background Thread 1 ] DEBUG FXGLAssetLoaderServi - Loading from file system: jar:file:///C:/Users/georg/.m2/repository/com/github/almasb/fxgl/11.17/fxgl-11.17.jar!/fxglassets/ui/css/fxgl_dark.css
11:18:12.826 [FXGL Background Thread 1 ] DEBUG GameApplicationServi - Initializing application scenes
11:18:12.854 [FXGL Background Thread 1 ] DEBUG GameWorld            - Game world initialized
11:18:12.886 [FXGL Background Thread 1 ] DEBUG PhysicsWorld         - Physics world initialized: appHeight=480, physics.ppm=50.0
11:18:12.887 [FXGL Background Thread 1 ] DEBUG PhysicsWorld         - Using strategy: BRUTE_FORCE
11:18:12.888 [FXGL Background Thread 1 ] DEBUG GameScene            - Game scene initialized: 640x480
11:18:12.898 [FXGL Background Thread 1 ] WARN  FXGL.DefaultMenu     - FXGLDefaultMenu is not designed for resolutions < 800x600
11:18:12.898 [FXGL Background Thread 1 ] DEBUG FXGL.DefaultMenu     - createMenuBodyMainMenu()
11:18:12.909 [FXGL Background Thread 1 ] DEBUG FXGL.DefaultMenu     - createOptionsMenu()
11:18:12.916 [FXGL Background Thread 1 ] DEBUG FXGLAssetLoaderServi - Loading from file system: jar:file:///C:/Users/georg/.m2/repository/com/github/almasb/fxgl/11.17/fxgl-11.17.jar!/fxglassets/textures/particles/smoke.png
11:18:12.982 [FXGL Background Thread 1 ] DEBUG FXGLAssetLoaderServi - Loading from file system: jar:file:///C:/Users/georg/.m2/repository/com/github/almasb/fxgl/11.17/fxgl-11.17.jar!/fxglassets/textures/particles/trace_horizontal.png
11:18:13.002 [FXGL Background Thread 1 ] WARN  FXGL.DefaultMenu     - FXGLDefaultMenu is not designed for resolutions < 800x600
11:18:13.003 [FXGL Background Thread 1 ] DEBUG FXGL.DefaultMenu     - createMenuBodyGameMenu()
11:18:13.004 [FXGL Background Thread 1 ] DEBUG FXGL.DefaultMenu     - createOptionsMenu()
11:18:13.016 [FXGL Background Thread 1 ] DEBUG GameApplicationServi - Application scenes initialized
11:18:13.023 [FXGL Background Thread 1 ] DEBUG SystemBundleService  - Loading FXGL system data
11:18:13.026 [FXGL Background Thread 1 ] DEBUG FileSystemAccess     - Reading from: C:\Users\georg\IdeaProjects\JFXInvaders\system\fxgl.bundle
11:18:13.029 [FXGL Background Thread 1 ] DEBUG SystemBundleService  - Bundle FXGL: {}
11:18:13.030 [FXGL Background Thread 1 ] DEBUG UpdaterService       - Checking for updates
11:18:13.033 [FXGL Background Thread 4 ] DEBUG FXGLApplication      - Loading fonts
11:18:13.034 [FXGL Background Thread 1 ] DEBUG FXGLApplication      - Loading default localization
11:18:13.034 [FXGL Background Thread 4 ] DEBUG FXGLAssetLoaderServi - Loading from file system: jar:file:///C:/Users/georg/.m2/repository/com/github/almasb/fxgl/11.17/fxgl-11.17.jar!/fxglassets/ui/fonts/VarelaRound-Regular.ttf
11:18:13.034 [FXGL Background Thread 1 ] DEBUG FXGLAssetLoaderServi - Loading from file system: jar:file:///C:/Users/georg/.m2/repository/com/github/almasb/fxgl/11.17/fxgl-11.17.jar!/fxglassets/languages/english.lang
11:18:13.042 [FXGL Background Thread 1 ] INFO  FXGLApplication      - FXGL initialization took: 0.280 sec
11:18:13.049 [JavaFX Application Thread] DEBUG Input                - Registered new binding: Move Left - Left
11:18:13.049 [JavaFX Application Thread] DEBUG Input                - Registered new binding: Move Left Alternate - A
11:18:13.049 [JavaFX Application Thread] DEBUG Input                - Registered new binding: Move Right - Right
11:18:13.049 [JavaFX Application Thread] DEBUG Input                - Registered new binding: Move Right Alternate - D
11:18:13.049 [JavaFX Application Thread] DEBUG Input                - Registered new binding: Shoot - Space
11:18:13.050 [JavaFX Application Thread] DEBUG FXGLAssetLoaderServi - Loading from file system: jar:file:///C:/Users/georg/.m2/repository/com/github/almasb/fxgl/11.17/fxgl-11.17.jar!/fxglassets/textures/fxgl_icon.png
11:18:13.063 [JavaFX Application Thread] DEBUG FXGLAssetLoaderServi - Loading from file system: jar:file:///C:/Users/georg/.m2/repository/com/github/almasb/fxgl/11.17/fxgl-11.17.jar!/fxglassets/textures/fxgl_default_cursor.png
11:18:13.064 [JavaFX Application Thread] DEBUG Input                - Registered new binding: Screenshot - CTRL+8
11:18:13.064 [JavaFX Application Thread] DEBUG Input                - Registered new binding: System info dump - CTRL+9
11:18:13.064 [JavaFX Application Thread] DEBUG Input                - Registered new binding: Restart - CTRL+R
11:18:13.065 [JavaFX Application Thread] DEBUG Input                - Registered new binding: Toggle Debug Camera - CTRL+C
11:18:13.066 [JavaFX Application Thread] DEBUG LoopRunner           - Starting loop
11:18:13.067 [JavaFX Application Thread] DEBUG LoopRunner           - Initializing JavaFX AnimationTimerLoop
11:18:13.068 [JavaFX Application Thread] DEBUG Input                - Clearing active input actions
11:18:13.073 [JavaFX Application Thread] DEBUG GameApplicationServi - Removing overlay from FXGLStartupScene and adding to FXGLMainMenuDummyScene
11:18:13.074 [JavaFX Application Thread] DEBUG PrimaryStageWindow   - FXGLStartupScene -> FXGLMainMenuDummyScene
11:18:13.074 [JavaFX Application Thread] DEBUG PrimaryStageWindow   - Push state: FXGLDefaultMenu
11:18:13.077 [JavaFX Application Thread] DEBUG Input                - Clearing active input actions
11:18:13.084 [JavaFX Application Thread] DEBUG GameApplicationServi - Removing overlay from FXGLMainMenuDummyScene and adding to FXGLDefaultMenu
11:18:13.084 [JavaFX Application Thread] DEBUG PrimaryStageWindow   - FXGLMainMenuDummyScene -> FXGLDefaultMenu
11:18:13.086 [FXGL Background Thread 4 ] DEBUG FXGLAssetLoaderServi - Loading from file system: jar:file:///C:/Users/georg/.m2/repository/com/github/almasb/fxgl/11.17/fxgl-11.17.jar!/fxglassets/ui/fonts/Abel-Regular.ttf
11:18:13.092 [FXGL Background Thread 4 ] DEBUG FXGLAssetLoaderServi - Loading from file system: jar:file:///C:/Users/georg/.m2/repository/com/github/almasb/fxgl/11.17/fxgl-11.17.jar!/fxglassets/ui/fonts/lucida_console.ttf
11:18:13.100 [FXGL Background Thread 4 ] DEBUG FXGLAssetLoaderServi - Loading from file system: jar:file:///C:/Users/georg/.m2/repository/com/github/almasb/fxgl/11.17/fxgl-11.17.jar!/fxglassets/ui/fonts/Courier-Prime.ttf
11:18:13.126 [JavaFX Application Thread] DEBUG FXGLApplication      - Registering font factories with UI factory
11:18:13.327 [FXGL Background Thread 2 ] INFO  UpdaterService       - Your current version:  11.17
11:18:13.327 [FXGL Background Thread 2 ] INFO  UpdaterService       - Latest stable version: 17.3
11:18:14.227 [JavaFX Application Thread] DEBUG Menu                 - fireNewGame()
11:18:14.227 [JavaFX Application Thread] DEBUG GameApplicationServi - Starting new game
11:18:14.228 [JavaFX Application Thread] DEBUG PrimaryStageWindow   - Pop state: FXGLDefaultMenu
11:18:14.229 [JavaFX Application Thread] DEBUG Input                - Clearing active input actions
11:18:14.229 [JavaFX Application Thread] DEBUG GameApplicationServi - Removing overlay from FXGLDefaultMenu and adding to FXGLMainMenuDummyScene
11:18:14.229 [JavaFX Application Thread] DEBUG PrimaryStageWindow   - FXGLMainMenuDummyScene <- FXGLDefaultMenu
11:18:14.230 [JavaFX Application Thread] DEBUG Input                - Clearing active input actions
11:18:14.238 [JavaFX Application Thread] DEBUG GameApplicationServi - Removing overlay from FXGLMainMenuDummyScene and adding to FXGLLoadingScene
11:18:14.238 [JavaFX Application Thread] DEBUG PrimaryStageWindow   - FXGLMainMenuDummyScene -> FXGLLoadingScene
11:18:14.238 [JavaFX Application Thread] DEBUG GameApplicationServi - Clearing previous game
11:18:14.238 [JavaFX Application Thread] DEBUG GameScene            - Clearing game scene
11:18:14.238 [JavaFX Application Thread] DEBUG GameWorld            - Clearing game world
11:18:14.238 [JavaFX Application Thread] DEBUG PhysicsWorld         - Clearing physics world
11:18:14.240 [FXGL Background Thread 2 ] DEBUG FXGLApplication      - Initializing game
11:18:14.246 [FXGL Background Thread 2 ] DEBUG FXGLAssetLoaderServi - Loading from file system: file:/C:/Users/georg/IdeaProjects/JFXInvaders/target/classes/assets/textures/ship.png
11:18:14.256 [FXGL Background Thread 2 ] DEBUG FXGLAssetLoaderServi - Loading from file system: file:/C:/Users/georg/IdeaProjects/JFXInvaders/target/classes/assets/textures/greenalien.png
11:18:14.269 [FXGL Background Thread 2 ] INFO  FXGLApplication      - Game initialization took: 0.029 sec
11:18:14.270 [JavaFX Application Thread] DEBUG Input                - Clearing active input actions
11:18:14.277 [JavaFX Application Thread] DEBUG GameApplicationServi - Removing overlay from FXGLLoadingScene and adding to GameScene
11:18:14.277 [JavaFX Application Thread] DEBUG PrimaryStageWindow   - FXGLLoadingScene -> GameScene
11:18:16.032 [FXGL Background Thread 3 ] DEBUG Engine               - Logging environment variables
11:18:16.033 [FXGL Background Thread 3 ] DEBUG Engine               - achievements: []
11:18:16.033 [FXGL Background Thread 3 ] DEBUG Engine               - actualHeight: 480.0
11:18:16.033 [FXGL Background Thread 3 ] DEBUG Engine               - actualHeightProperty: ReadOnlyDoubleProperty [value: 480.0]
11:18:16.033 [FXGL Background Thread 3 ] DEBUG Engine               - actualWidth: 640.0
11:18:16.033 [FXGL Background Thread 3 ] DEBUG Engine               - actualWidthProperty: ReadOnlyDoubleProperty [value: 640.0]
11:18:16.033 [FXGL Background Thread 3 ] DEBUG Engine               - appIcon: fxgl_icon.png
11:18:16.033 [FXGL Background Thread 3 ] DEBUG Engine               - applicationMode: DEVELOPER
11:18:16.033 [FXGL Background Thread 3 ] DEBUG Engine               - cSSList: [fxgl_dark.css]
11:18:16.033 [FXGL Background Thread 3 ] DEBUG Engine               - collisionDetectionStrategy: BRUTE_FORCE
11:18:16.033 [FXGL Background Thread 3 ] DEBUG Engine               - configClass: Optional.empty
11:18:16.034 [FXGL Background Thread 3 ] DEBUG Engine               - credits: []
11:18:16.034 [FXGL Background Thread 3 ] DEBUG Engine               - defaultCursor: CursorInfo(imageName=fxgl_default_cursor.png, hotspotX=7.0, hotspotY=6.0)
11:18:16.034 [FXGL Background Thread 3 ] DEBUG Engine               - devBBoxColorProperty: ObjectProperty [value: 0xff0000ff]
11:18:16.034 [FXGL Background Thread 3 ] DEBUG Engine               - devEnableDebugCameraProperty: BooleanProperty [value: false]
11:18:16.034 [FXGL Background Thread 3 ] DEBUG Engine               - devSensorColorProperty: ObjectProperty [value: 0xffff00ff]
11:18:16.034 [FXGL Background Thread 3 ] DEBUG Engine               - devShowBBoxProperty: BooleanProperty [value: false]
11:18:16.034 [FXGL Background Thread 3 ] DEBUG Engine               - devShowPositionProperty: BooleanProperty [value: false]
11:18:16.034 [FXGL Background Thread 3 ] DEBUG Engine               - enabledMenuItems: []
11:18:16.034 [FXGL Background Thread 3 ] DEBUG Engine               - engineServices: [class com.almasb.fxgl.app.services.FXGLAssetLoaderService, class com.almasb.fxgl.app.FXGLApplication$GameApplicationService, class com.almasb.fxgl.app.services.FXGLDialogService, class com.almasb.fxgl.app.services.IOTaskExecutorService, class com.almasb.fxgl.io.FileSystemService, class com.almasb.fxgl.localization.LocalizationService, class com.almasb.fxgl.app.services.SystemBundleService, class com.almasb.fxgl.profile.SaveLoadService, class com.almasb.fxgl.ui.FXGLUIFactoryServiceProvider, class com.almasb.fxgl.ui.FXGLDialogFactoryServiceProvider, class com.almasb.fxgl.audio.AudioPlayer, class com.almasb.fxgl.notification.impl.NotificationServiceProvider, class com.almasb.fxgl.achievement.AchievementService, class com.almasb.fxgl.cutscene.CutsceneService, class com.almasb.fxgl.minigames.MiniGameService, class com.almasb.fxgl.net.NetService, class com.almasb.fxgl.app.services.UpdaterService, class com.almasb.fxgl.dev.DevService]
11:18:16.034 [FXGL Background Thread 3 ] DEBUG Engine               - fontGame: Abel-Regular.ttf
11:18:16.034 [FXGL Background Thread 3 ] DEBUG Engine               - fontMono: lucida_console.ttf
11:18:16.035 [FXGL Background Thread 3 ] DEBUG Engine               - fontText: Courier-Prime.ttf
11:18:16.035 [FXGL Background Thread 3 ] DEBUG Engine               - fontUI: VarelaRound-Regular.ttf
11:18:16.035 [FXGL Background Thread 3 ] DEBUG Engine               - fullScreen: BooleanProperty [value: false]
11:18:16.035 [FXGL Background Thread 3 ] DEBUG Engine               - gameDifficulty: MEDIUM
11:18:16.035 [FXGL Background Thread 3 ] DEBUG Engine               - gameDifficultyProperty: ObjectProperty [value: MEDIUM]
11:18:16.035 [FXGL Background Thread 3 ] DEBUG Engine               - globalMusicVolume: 0.5
11:18:16.035 [FXGL Background Thread 3 ] DEBUG Engine               - globalMusicVolumeProperty: DoubleProperty [value: 0.5]
11:18:16.035 [FXGL Background Thread 3 ] DEBUG Engine               - globalSoundVolume: 0.5
11:18:16.035 [FXGL Background Thread 3 ] DEBUG Engine               - globalSoundVolumeProperty: DoubleProperty [value: 0.5]
11:18:16.035 [FXGL Background Thread 3 ] DEBUG Engine               - height: 480
11:18:16.035 [FXGL Background Thread 3 ] DEBUG Engine               - is3D: false
11:18:16.035 [FXGL Background Thread 3 ] DEBUG Engine               - isAndroid: false
11:18:16.035 [FXGL Background Thread 3 ] DEBUG Engine               - isBrowser: false
11:18:16.036 [FXGL Background Thread 3 ] DEBUG Engine               - isClickFeedbackEnabled: false
11:18:16.036 [FXGL Background Thread 3 ] DEBUG Engine               - isCloseConfirmation: false
11:18:16.036 [FXGL Background Thread 3 ] DEBUG Engine               - isDesktop: true
11:18:16.036 [FXGL Background Thread 3 ] DEBUG Engine               - isDeveloperMenuEnabled: false
11:18:16.036 [FXGL Background Thread 3 ] DEBUG Engine               - isEntityPreloadEnabled: true
11:18:16.036 [FXGL Background Thread 3 ] DEBUG Engine               - isExperimentalTiledLargeMap: false
11:18:16.036 [FXGL Background Thread 3 ] DEBUG Engine               - isFileSystemWriteAllowed: true
11:18:16.036 [FXGL Background Thread 3 ] DEBUG Engine               - isFullScreenAllowed: false
11:18:16.036 [FXGL Background Thread 3 ] DEBUG Engine               - isFullScreenFromStart: false
11:18:16.036 [FXGL Background Thread 3 ] DEBUG Engine               - isGameMenuEnabled: true
11:18:16.036 [FXGL Background Thread 3 ] DEBUG Engine               - isIOS: false
11:18:16.036 [FXGL Background Thread 3 ] DEBUG Engine               - isIntroEnabled: false
11:18:16.036 [FXGL Background Thread 3 ] DEBUG Engine               - isLinux: false
11:18:16.037 [FXGL Background Thread 3 ] DEBUG Engine               - isMac: false
11:18:16.037 [FXGL Background Thread 3 ] DEBUG Engine               - isMainMenuEnabled: true
11:18:16.037 [FXGL Background Thread 3 ] DEBUG Engine               - isManualResizeEnabled: false
11:18:16.037 [FXGL Background Thread 3 ] DEBUG Engine               - isMobile: false
11:18:16.037 [FXGL Background Thread 3 ] DEBUG Engine               - isNative: false
11:18:16.037 [FXGL Background Thread 3 ] DEBUG Engine               - isPauseMusicWhenMinimized: true
11:18:16.037 [FXGL Background Thread 3 ] DEBUG Engine               - isPreserveResizeRatio: false
11:18:16.037 [FXGL Background Thread 3 ] DEBUG Engine               - isProfilingEnabled: false
11:18:16.038 [FXGL Background Thread 3 ] DEBUG Engine               - isScaleAffectedOnResize: true
11:18:16.038 [FXGL Background Thread 3 ] DEBUG Engine               - isSingleStep: false
11:18:16.038 [FXGL Background Thread 3 ] DEBUG Engine               - isUserProfileEnabled: false
11:18:16.038 [FXGL Background Thread 3 ] DEBUG Engine               - isWindows: true
11:18:16.038 [FXGL Background Thread 3 ] DEBUG Engine               - language: ObjectProperty [value: ENGLISH]
11:18:16.038 [FXGL Background Thread 3 ] DEBUG Engine               - menuKey: ESCAPE
11:18:16.038 [FXGL Background Thread 3 ] DEBUG Engine               - mouseSensitivity: 0.2
11:18:16.038 [FXGL Background Thread 3 ] DEBUG Engine               - notificationViewClass: class com.almasb.fxgl.notification.view.XboxNotificationView
11:18:16.038 [FXGL Background Thread 3 ] DEBUG Engine               - pixelsPerMeter: 50.0
11:18:16.038 [FXGL Background Thread 3 ] DEBUG Engine               - platform: WINDOWS
11:18:16.038 [FXGL Background Thread 3 ] DEBUG Engine               - prefHeightProperty: ReadOnlyDoubleProperty [value: 480.0]
11:18:16.038 [FXGL Background Thread 3 ] DEBUG Engine               - prefWidthProperty: ReadOnlyDoubleProperty [value: 640.0]
11:18:16.039 [FXGL Background Thread 3 ] DEBUG Engine               - profileDir: profiles/
11:18:16.039 [FXGL Background Thread 3 ] DEBUG Engine               - profileName: StringProperty [value: DEFAULT]
11:18:16.039 [FXGL Background Thread 3 ] DEBUG Engine               - randomSeed: -1
11:18:16.039 [FXGL Background Thread 3 ] DEBUG Engine               - runtimeInfo: RuntimeInfo(platform=WINDOWS, version=11.17, build=16.07.2021 15.46)
11:18:16.039 [FXGL Background Thread 3 ] DEBUG Engine               - saveFileExt: sav
11:18:16.039 [FXGL Background Thread 3 ] DEBUG Engine               - scaledHeightProp$fxgl: DoubleProperty [bound, value: 480.0]
11:18:16.039 [FXGL Background Thread 3 ] DEBUG Engine               - scaledWidthProp$fxgl: DoubleProperty [bound, value: 640.0]
11:18:16.039 [FXGL Background Thread 3 ] DEBUG Engine               - sceneFactory: com.almasb.fxgl.app.scene.SceneFactory@12c1086e
11:18:16.039 [FXGL Background Thread 3 ] DEBUG Engine               - secondsIn24h: 60
11:18:16.039 [FXGL Background Thread 3 ] DEBUG Engine               - soundMenuBack: menu/back.wav
11:18:16.039 [FXGL Background Thread 3 ] DEBUG Engine               - soundMenuPress: menu/press.wav
11:18:16.039 [FXGL Background Thread 3 ] DEBUG Engine               - soundMenuSelect: menu/select.wav
11:18:16.039 [FXGL Background Thread 3 ] DEBUG Engine               - soundNotification: core/notification.wav
11:18:16.040 [FXGL Background Thread 3 ] DEBUG Engine               - stageStyle: DECORATED
11:18:16.040 [FXGL Background Thread 3 ] DEBUG Engine               - supportedLanguages: [ENGLISH, FRENCH, GERMAN, HUNGARIAN, RUSSIAN]
11:18:16.040 [FXGL Background Thread 3 ] DEBUG Engine               - ticksPerSecond: -1
11:18:16.040 [FXGL Background Thread 3 ] DEBUG Engine               - title: JFX Invaders
11:18:16.040 [FXGL Background Thread 3 ] DEBUG Engine               - urlGithub: https://github.com/AlmasB/FXGL
11:18:16.040 [FXGL Background Thread 3 ] DEBUG Engine               - urlLeaderboard: http://fxgl-top.herokuapp.com/
11:18:16.040 [FXGL Background Thread 3 ] DEBUG Engine               - urlPOM: https://raw.githubusercontent.com/AlmasB/FXGL/release/README.md
11:18:16.040 [FXGL Background Thread 3 ] DEBUG Engine               - userAppClass: class com.bdn.jfxinvaders.InvadersApp
11:18:16.040 [FXGL Background Thread 3 ] DEBUG Engine               - version: 0.0
11:18:16.040 [FXGL Background Thread 3 ] DEBUG Engine               - versionCheckDays: 7
11:18:16.040 [FXGL Background Thread 3 ] DEBUG Engine               - width: 640
11:18:16.040 [FXGL Background Thread 3 ] DEBUG Engine               - Logging services
11:18:16.040 [FXGL Background Thread 3 ] DEBUG Engine               - class com.almasb.fxgl.app.services.FXGLAssetLoaderService
11:18:16.040 [FXGL Background Thread 3 ] DEBUG Engine               - class com.almasb.fxgl.app.FXGLApplication$GameApplicationService
11:18:16.040 [FXGL Background Thread 3 ] DEBUG Engine               - class com.almasb.fxgl.app.services.FXGLDialogService
11:18:16.040 [FXGL Background Thread 3 ] DEBUG Engine               - class com.almasb.fxgl.app.services.IOTaskExecutorService
11:18:16.040 [FXGL Background Thread 3 ] DEBUG Engine               - class com.almasb.fxgl.io.FileSystemService
11:18:16.041 [FXGL Background Thread 3 ] DEBUG Engine               - class com.almasb.fxgl.localization.LocalizationService
11:18:16.041 [FXGL Background Thread 3 ] DEBUG Engine               - class com.almasb.fxgl.app.services.SystemBundleService
11:18:16.041 [FXGL Background Thread 3 ] DEBUG Engine               - class com.almasb.fxgl.profile.SaveLoadService
11:18:16.041 [FXGL Background Thread 3 ] DEBUG Engine               - class com.almasb.fxgl.ui.FXGLUIFactoryServiceProvider
11:18:16.041 [FXGL Background Thread 3 ] DEBUG Engine               - class com.almasb.fxgl.ui.FXGLDialogFactoryServiceProvider
11:18:16.041 [FXGL Background Thread 3 ] DEBUG Engine               - class com.almasb.fxgl.audio.AudioPlayer
11:18:16.041 [FXGL Background Thread 3 ] DEBUG Engine               - class com.almasb.fxgl.notification.impl.NotificationServiceProvider
11:18:16.041 [FXGL Background Thread 3 ] DEBUG Engine               - class com.almasb.fxgl.achievement.AchievementService
11:18:16.041 [FXGL Background Thread 3 ] DEBUG Engine               - class com.almasb.fxgl.cutscene.CutsceneService
11:18:16.041 [FXGL Background Thread 3 ] DEBUG Engine               - class com.almasb.fxgl.minigames.MiniGameService
11:18:16.041 [FXGL Background Thread 3 ] DEBUG Engine               - class com.almasb.fxgl.net.NetService
11:18:16.041 [FXGL Background Thread 3 ] DEBUG Engine               - class com.almasb.fxgl.app.services.UpdaterService
11:18:16.041 [FXGL Background Thread 3 ] DEBUG Engine               - class com.almasb.fxgl.dev.DevService
11:18:17.124 [JavaFX Application Thread] DEBUG FXGLAssetLoaderServi - Loading from file system: file:/C:/Users/georg/IdeaProjects/JFXInvaders/target/classes/assets/textures/shipbullet.png
11:18:19.755 [JavaFX Application Thread] DEBUG LoopRunner           - Stopping loop
11:18:19.758 [JavaFX Application Thread] FATAL FXGLApplication      - Uncaught Exception:
java.lang.IllegalArgumentException: Component InvaderComponent not found!
	at com.almasb.fxgl.entity/com.almasb.fxgl.entity.Entity.getComponent(Entity.java:369)
	at com.bdn.jfxinvaders/com.bdn.jfxinvaders.InvadersApp$7.onCollisionBegin(InvadersApp.java:99)
	at com.almasb.fxgl.entity/com.almasb.fxgl.physics.CollisionPair.collisionBegin(CollisionPair.java:37)
	at com.almasb.fxgl.entity/com.almasb.fxgl.physics.PhysicsWorld.collisionBeginFor(PhysicsWorld.java:456)
	at com.almasb.fxgl.entity/com.almasb.fxgl.physics.PhysicsWorld.checkCollisionsInGroup(PhysicsWorld.java:408)
	at com.almasb.fxgl.entity/com.almasb.fxgl.physics.PhysicsWorld.checkCollisions(PhysicsWorld.java:376)
	at com.almasb.fxgl.entity/com.almasb.fxgl.physics.PhysicsWorld.onUpdate(PhysicsWorld.java:182)
	at com.almasb.fxgl.all/com.almasb.fxgl.app.scene.GameScene.step(GameScene.kt:224)
	at com.almasb.fxgl.all/com.almasb.fxgl.app.scene.GameScene.onUpdate(GameScene.kt:219)
	at com.almasb.fxgl.scene/com.almasb.fxgl.scene.Scene.update(Scene.kt:105)
	at com.almasb.fxgl.all/com.almasb.fxgl.app.MainWindow$update$1.invoke(MainWindow.kt:110)
	at com.almasb.fxgl.all/com.almasb.fxgl.app.MainWindow$update$1.invoke(MainWindow.kt:110)
	at com.almasb.fxgl.core/com.almasb.fxgl.core.fsm.StateMachine.runOnActiveStates(StateMachine.kt:69)
	at com.almasb.fxgl.all/com.almasb.fxgl.app.MainWindow.update(MainWindow.kt:110)
	at com.almasb.fxgl.all/com.almasb.fxgl.app.FXGLApplication$GameApplicationService.onUpdate(FXGLApplication.kt:426)
	at com.almasb.fxgl.all/com.almasb.fxgl.app.Engine.loop(Engine.kt:133)
	at com.almasb.fxgl.all/com.almasb.fxgl.app.Engine.access$loop(Engine.kt:24)
	at com.almasb.fxgl.all/com.almasb.fxgl.app.Engine$loop$1.invoke(Engine.kt:28)
	at com.almasb.fxgl.all/com.almasb.fxgl.app.Engine$loop$1.invoke(Engine.kt:28)
	at com.almasb.fxgl.all/com.almasb.fxgl.app.LoopRunner.frame(LoopRunner.kt:103)
	at com.almasb.fxgl.all/com.almasb.fxgl.app.LoopRunner.access$frame(LoopRunner.kt:23)
	at com.almasb.fxgl.all/com.almasb.fxgl.app.LoopRunner$impl$2$1.onTick(LoopRunner.kt:57)
	at com.almasb.fxgl.all/com.almasb.fxgl.app.AnimationTimerLoop$timer$1.handle(LoopRunner.kt:137)
	at javafx.graphics/javafx.animation.AnimationTimer$AnimationTimerReceiver.lambda$handle$0(AnimationTimer.java:58)
	at java.base/java.security.AccessController.doPrivileged(AccessController.java:399)
	at javafx.graphics/javafx.animation.AnimationTimer$AnimationTimerReceiver.handle(AnimationTimer.java:57)
	at javafx.graphics/com.sun.scenario.animation.AbstractPrimaryTimer.timePulseImpl(AbstractPrimaryTimer.java:356)
	at javafx.graphics/com.sun.scenario.animation.AbstractPrimaryTimer$MainLoop.run(AbstractPrimaryTimer.java:266)
	at javafx.graphics/com.sun.javafx.tk.quantum.QuantumToolkit.pulse(QuantumToolkit.java:571)
	at javafx.graphics/com.sun.javafx.tk.quantum.QuantumToolkit.pulse(QuantumToolkit.java:555)
	at javafx.graphics/com.sun.javafx.tk.quantum.QuantumToolkit.pulseFromQueue(QuantumToolkit.java:548)
	at javafx.graphics/com.sun.javafx.tk.quantum.QuantumToolkit.lambda$runToolkit$11(QuantumToolkit.java:353)
	at javafx.graphics/com.sun.glass.ui.InvokeLaterDispatcher$Future.run(InvokeLaterDispatcher.java:96)
	at javafx.graphics/com.sun.glass.ui.win.WinApplication._runLoop(Native Method)
	at javafx.graphics/com.sun.glass.ui.win.WinApplication.lambda$runLoop$3(WinApplication.java:184)
	at java.base/java.lang.Thread.run(Thread.java:833)

11:18:19.759 [JavaFX Application Thread] FATAL FXGLApplication      - Application will now exit
11:18:19.768 [JavaFX Application Thread] DEBUG PrimaryStageWindow   - Push state: ErrorSubScene
11:18:19.768 [JavaFX Application Thread] DEBUG Input                - Clearing active input actions
11:18:19.769 [JavaFX Application Thread] DEBUG GameApplicationServi - Removing overlay from GameScene and adding to ErrorSubScene
11:18:19.770 [JavaFX Application Thread] DEBUG PrimaryStageWindow   - GameScene -> ErrorSubScene
11:18:25.171 [JavaFX Application Thread] DEBUG FXGLApplication      - Exiting FXGL
11:18:25.171 [JavaFX Application Thread] DEBUG Async                - Shutting down background threads
11:18:25.171 [JavaFX Application Thread] DEBUG PrimaryStageWindow   - Closing main window
11:18:25.179 [JavaFX Application Thread] DEBUG Logger               - Closing Logger
