11:29:15.170 [main                     ] DEBUG Logger               - Configured Logger
11:29:15.173 [main                     ] DEBUG GameApplication      - Logging settings
Title: JFX Invaders
Version: 0.0
Width: 640
Height: 480
Fullscreen: false
Intro: false
Profiling: false
Single step:false
App Mode: DEVELOPER
Menu Key: ESCAPE
Stage Style: DECORATED
Scene Factory: class com.almasb.fxgl.app.scene.SceneFactory

11:29:15.387 [JavaFX Application Thread] DEBUG FXGLApplication      - Initializing FXGL
11:29:15.388 [JavaFX Application Thread] INFO  Engine               - FXGL-11.17 (16.07.2021 15.46) on WINDOWS (J:17.0.2 FX:17.0.1)
11:29:15.388 [JavaFX Application Thread] DEBUG Engine               - JRE Vendor Name: Oracle Corporation
11:29:15.389 [JavaFX Application Thread] DEBUG Engine               - Running on OS: Windows 10 version 10.0
11:29:15.389 [JavaFX Application Thread] DEBUG Engine               - Architecture: amd64
11:29:15.389 [JavaFX Application Thread] INFO  Engine               - Source code and latest versions at: https://github.com/AlmasB/FXGL
11:29:15.389 [JavaFX Application Thread] INFO  Engine               -              Join the FXGL chat at: https://gitter.im/AlmasB/FXGL
11:29:15.449 [JavaFX Application Thread] DEBUG PrimaryStageWindow   - Creating a JavaFX scene
11:29:15.477 [JavaFX Application Thread] DEBUG PrimaryStageWindow   - Target settings size: 640.0 x 480.0
11:29:15.477 [JavaFX Application Thread] DEBUG PrimaryStageWindow   - Scaled scene size:    640.0 x 480.0
11:29:15.477 [JavaFX Application Thread] DEBUG PrimaryStageWindow   - Scaled ratio: (1.0, 1.0)
11:29:15.478 [JavaFX Application Thread] DEBUG PrimaryStageWindow   - Set initial scene to FXGLStartupScene
11:29:15.482 [JavaFX Application Thread] DEBUG PrimaryStageWindow   - Opening main window
11:29:15.533 [JavaFX Application Thread] DEBUG PrimaryStageWindow   - Window border size: (16.0, 39.0)
11:29:15.533 [JavaFX Application Thread] DEBUG PrimaryStageWindow   - Scaled size: 640.0 x 480.0
11:29:15.533 [JavaFX Application Thread] DEBUG PrimaryStageWindow   - Scaled ratio: (1.0, 1.0)
11:29:15.534 [JavaFX Application Thread] DEBUG PrimaryStageWindow   - Scene size: 640.0 x 480.0
11:29:15.534 [JavaFX Application Thread] DEBUG PrimaryStageWindow   - Stage size: 656.0 x 519.0
11:29:15.539 [FXGL Background Thread 1 ] DEBUG Engine               - Initializing environment variables
11:29:15.566 [FXGL Background Thread 1 ] DEBUG FXGLAssetLoaderServi - User app class for loading assets: class com.bdn.jfxinvaders.InvadersApp
11:29:15.566 [FXGL Background Thread 1 ] DEBUG GameApplicationServi - Applying CSS: fxgl_dark.css
11:29:15.567 [FXGL Background Thread 1 ] DEBUG FXGLAssetLoaderServi - Loading from file system: jar:file:///C:/Users/georg/.m2/repository/com/github/almasb/fxgl/11.17/fxgl-11.17.jar!/fxglassets/ui/css/fxgl_dark.css
11:29:15.600 [FXGL Background Thread 1 ] DEBUG GameApplicationServi - Initializing application scenes
11:29:15.627 [FXGL Background Thread 1 ] DEBUG GameWorld            - Game world initialized
11:29:15.673 [FXGL Background Thread 1 ] DEBUG PhysicsWorld         - Physics world initialized: appHeight=480, physics.ppm=50.0
11:29:15.674 [FXGL Background Thread 1 ] DEBUG PhysicsWorld         - Using strategy: BRUTE_FORCE
11:29:15.676 [FXGL Background Thread 1 ] DEBUG GameScene            - Game scene initialized: 640x480
11:29:15.687 [FXGL Background Thread 1 ] WARN  FXGL.DefaultMenu     - FXGLDefaultMenu is not designed for resolutions < 800x600
11:29:15.687 [FXGL Background Thread 1 ] DEBUG FXGL.DefaultMenu     - createMenuBodyMainMenu()
11:29:15.698 [FXGL Background Thread 1 ] DEBUG FXGL.DefaultMenu     - createOptionsMenu()
11:29:15.708 [FXGL Background Thread 1 ] DEBUG FXGLAssetLoaderServi - Loading from file system: jar:file:///C:/Users/georg/.m2/repository/com/github/almasb/fxgl/11.17/fxgl-11.17.jar!/fxglassets/textures/particles/smoke.png
11:29:15.783 [FXGL Background Thread 1 ] DEBUG FXGLAssetLoaderServi - Loading from file system: jar:file:///C:/Users/georg/.m2/repository/com/github/almasb/fxgl/11.17/fxgl-11.17.jar!/fxglassets/textures/particles/trace_horizontal.png
11:29:15.803 [FXGL Background Thread 1 ] WARN  FXGL.DefaultMenu     - FXGLDefaultMenu is not designed for resolutions < 800x600
11:29:15.803 [FXGL Background Thread 1 ] DEBUG FXGL.DefaultMenu     - createMenuBodyGameMenu()
11:29:15.804 [FXGL Background Thread 1 ] DEBUG FXGL.DefaultMenu     - createOptionsMenu()
11:29:15.817 [FXGL Background Thread 1 ] DEBUG GameApplicationServi - Application scenes initialized
11:29:15.824 [FXGL Background Thread 1 ] DEBUG SystemBundleService  - Loading FXGL system data
11:29:15.827 [FXGL Background Thread 1 ] DEBUG FileSystemAccess     - Reading from: C:\Users\georg\IdeaProjects\JFXInvaders\system\fxgl.bundle
11:29:15.832 [FXGL Background Thread 1 ] DEBUG SystemBundleService  - Bundle FXGL: {}
11:29:15.832 [FXGL Background Thread 1 ] DEBUG UpdaterService       - Checking for updates
11:29:15.835 [FXGL Background Thread 4 ] DEBUG FXGLApplication      - Loading fonts
11:29:15.835 [FXGL Background Thread 1 ] DEBUG FXGLApplication      - Loading default localization
11:29:15.835 [FXGL Background Thread 1 ] DEBUG FXGLAssetLoaderServi - Loading from file system: jar:file:///C:/Users/georg/.m2/repository/com/github/almasb/fxgl/11.17/fxgl-11.17.jar!/fxglassets/languages/english.lang
11:29:15.835 [FXGL Background Thread 4 ] DEBUG FXGLAssetLoaderServi - Loading from file system: jar:file:///C:/Users/georg/.m2/repository/com/github/almasb/fxgl/11.17/fxgl-11.17.jar!/fxglassets/ui/fonts/VarelaRound-Regular.ttf
11:29:15.844 [FXGL Background Thread 1 ] INFO  FXGLApplication      - FXGL initialization took: 0.305 sec
11:29:15.855 [JavaFX Application Thread] DEBUG Input                - Registered new binding: Move Left - Left
11:29:15.855 [JavaFX Application Thread] DEBUG Input                - Registered new binding: Move Left Alternate - A
11:29:15.855 [JavaFX Application Thread] DEBUG Input                - Registered new binding: Move Right - Right
11:29:15.856 [JavaFX Application Thread] DEBUG Input                - Registered new binding: Move Right Alternate - D
11:29:15.856 [JavaFX Application Thread] DEBUG Input                - Registered new binding: Shoot - Space
11:29:15.856 [JavaFX Application Thread] DEBUG FXGLAssetLoaderServi - Loading from file system: jar:file:///C:/Users/georg/.m2/repository/com/github/almasb/fxgl/11.17/fxgl-11.17.jar!/fxglassets/textures/fxgl_icon.png
11:29:15.868 [JavaFX Application Thread] DEBUG FXGLAssetLoaderServi - Loading from file system: jar:file:///C:/Users/georg/.m2/repository/com/github/almasb/fxgl/11.17/fxgl-11.17.jar!/fxglassets/textures/fxgl_default_cursor.png
11:29:15.870 [JavaFX Application Thread] DEBUG Input                - Registered new binding: Screenshot - CTRL+8
11:29:15.870 [JavaFX Application Thread] DEBUG Input                - Registered new binding: System info dump - CTRL+9
11:29:15.870 [JavaFX Application Thread] DEBUG Input                - Registered new binding: Restart - CTRL+R
11:29:15.871 [JavaFX Application Thread] DEBUG Input                - Registered new binding: Toggle Debug Camera - CTRL+C
11:29:15.872 [JavaFX Application Thread] DEBUG LoopRunner           - Starting loop
11:29:15.873 [JavaFX Application Thread] DEBUG LoopRunner           - Initializing JavaFX AnimationTimerLoop
11:29:15.874 [JavaFX Application Thread] DEBUG Input                - Clearing active input actions
11:29:15.880 [JavaFX Application Thread] DEBUG GameApplicationServi - Removing overlay from FXGLStartupScene and adding to FXGLMainMenuDummyScene
11:29:15.880 [JavaFX Application Thread] DEBUG PrimaryStageWindow   - FXGLStartupScene -> FXGLMainMenuDummyScene
11:29:15.880 [JavaFX Application Thread] DEBUG PrimaryStageWindow   - Push state: FXGLDefaultMenu
11:29:15.883 [JavaFX Application Thread] DEBUG Input                - Clearing active input actions
11:29:15.890 [FXGL Background Thread 4 ] DEBUG FXGLAssetLoaderServi - Loading from file system: jar:file:///C:/Users/georg/.m2/repository/com/github/almasb/fxgl/11.17/fxgl-11.17.jar!/fxglassets/ui/fonts/Abel-Regular.ttf
11:29:15.890 [JavaFX Application Thread] DEBUG GameApplicationServi - Removing overlay from FXGLMainMenuDummyScene and adding to FXGLDefaultMenu
11:29:15.891 [JavaFX Application Thread] DEBUG PrimaryStageWindow   - FXGLMainMenuDummyScene -> FXGLDefaultMenu
11:29:15.897 [FXGL Background Thread 4 ] DEBUG FXGLAssetLoaderServi - Loading from file system: jar:file:///C:/Users/georg/.m2/repository/com/github/almasb/fxgl/11.17/fxgl-11.17.jar!/fxglassets/ui/fonts/lucida_console.ttf
11:29:15.905 [FXGL Background Thread 4 ] DEBUG FXGLAssetLoaderServi - Loading from file system: jar:file:///C:/Users/georg/.m2/repository/com/github/almasb/fxgl/11.17/fxgl-11.17.jar!/fxglassets/ui/fonts/Courier-Prime.ttf
11:29:15.937 [JavaFX Application Thread] DEBUG FXGLApplication      - Registering font factories with UI factory
11:29:16.182 [FXGL Background Thread 2 ] INFO  UpdaterService       - Your current version:  11.17
11:29:16.183 [FXGL Background Thread 2 ] INFO  UpdaterService       - Latest stable version: 17.3
11:29:16.956 [JavaFX Application Thread] DEBUG Menu                 - fireNewGame()
11:29:16.956 [JavaFX Application Thread] DEBUG GameApplicationServi - Starting new game
11:29:16.958 [JavaFX Application Thread] DEBUG PrimaryStageWindow   - Pop state: FXGLDefaultMenu
11:29:16.958 [JavaFX Application Thread] DEBUG Input                - Clearing active input actions
11:29:16.958 [JavaFX Application Thread] DEBUG GameApplicationServi - Removing overlay from FXGLDefaultMenu and adding to FXGLMainMenuDummyScene
11:29:16.959 [JavaFX Application Thread] DEBUG PrimaryStageWindow   - FXGLMainMenuDummyScene <- FXGLDefaultMenu
11:29:16.959 [JavaFX Application Thread] DEBUG Input                - Clearing active input actions
11:29:16.963 [JavaFX Application Thread] DEBUG GameApplicationServi - Removing overlay from FXGLMainMenuDummyScene and adding to FXGLLoadingScene
11:29:16.963 [JavaFX Application Thread] DEBUG PrimaryStageWindow   - FXGLMainMenuDummyScene -> FXGLLoadingScene
11:29:16.963 [JavaFX Application Thread] DEBUG GameApplicationServi - Clearing previous game
11:29:16.963 [JavaFX Application Thread] DEBUG GameScene            - Clearing game scene
11:29:16.963 [JavaFX Application Thread] DEBUG GameWorld            - Clearing game world
11:29:16.964 [JavaFX Application Thread] DEBUG PhysicsWorld         - Clearing physics world
11:29:16.965 [FXGL Background Thread 2 ] DEBUG FXGLApplication      - Initializing game
11:29:16.976 [FXGL Background Thread 2 ] DEBUG FXGLAssetLoaderServi - Loading from file system: file:/C:/Users/georg/IdeaProjects/JFXInvaders/target/classes/assets/textures/ship.png
11:29:16.986 [FXGL Background Thread 2 ] DEBUG FXGLAssetLoaderServi - Loading from file system: file:/C:/Users/georg/IdeaProjects/JFXInvaders/target/classes/assets/textures/greenalien.png
11:29:17.006 [FXGL Background Thread 2 ] INFO  FXGLApplication      - Game initialization took: 0.041 sec
11:29:17.006 [JavaFX Application Thread] DEBUG Input                - Clearing active input actions
11:29:17.010 [JavaFX Application Thread] DEBUG GameApplicationServi - Removing overlay from FXGLLoadingScene and adding to GameScene
11:29:17.011 [JavaFX Application Thread] DEBUG PrimaryStageWindow   - FXGLLoadingScene -> GameScene
11:29:18.835 [FXGL Background Thread 3 ] DEBUG Engine               - Logging environment variables
11:29:18.836 [FXGL Background Thread 3 ] DEBUG Engine               - achievements: []
11:29:18.837 [FXGL Background Thread 3 ] DEBUG Engine               - actualHeight: 480.0
11:29:18.837 [FXGL Background Thread 3 ] DEBUG Engine               - actualHeightProperty: ReadOnlyDoubleProperty [value: 480.0]
11:29:18.837 [FXGL Background Thread 3 ] DEBUG Engine               - actualWidth: 640.0
11:29:18.838 [FXGL Background Thread 3 ] DEBUG Engine               - actualWidthProperty: ReadOnlyDoubleProperty [value: 640.0]
11:29:18.838 [FXGL Background Thread 3 ] DEBUG Engine               - appIcon: fxgl_icon.png
11:29:18.838 [FXGL Background Thread 3 ] DEBUG Engine               - applicationMode: DEVELOPER
11:29:18.839 [FXGL Background Thread 3 ] DEBUG Engine               - cSSList: [fxgl_dark.css]
11:29:18.839 [FXGL Background Thread 3 ] DEBUG Engine               - collisionDetectionStrategy: BRUTE_FORCE
11:29:18.839 [FXGL Background Thread 3 ] DEBUG Engine               - configClass: Optional.empty
11:29:18.839 [FXGL Background Thread 3 ] DEBUG Engine               - credits: []
11:29:18.839 [FXGL Background Thread 3 ] DEBUG Engine               - defaultCursor: CursorInfo(imageName=fxgl_default_cursor.png, hotspotX=7.0, hotspotY=6.0)
11:29:18.839 [FXGL Background Thread 3 ] DEBUG Engine               - devBBoxColorProperty: ObjectProperty [value: 0xff0000ff]
11:29:18.840 [FXGL Background Thread 3 ] DEBUG Engine               - devEnableDebugCameraProperty: BooleanProperty [value: false]
11:29:18.840 [FXGL Background Thread 3 ] DEBUG Engine               - devSensorColorProperty: ObjectProperty [value: 0xffff00ff]
11:29:18.840 [FXGL Background Thread 3 ] DEBUG Engine               - devShowBBoxProperty: BooleanProperty [value: false]
11:29:18.840 [FXGL Background Thread 3 ] DEBUG Engine               - devShowPositionProperty: BooleanProperty [value: false]
11:29:18.840 [FXGL Background Thread 3 ] DEBUG Engine               - enabledMenuItems: []
11:29:18.840 [FXGL Background Thread 3 ] DEBUG Engine               - engineServices: [class com.almasb.fxgl.app.services.FXGLAssetLoaderService, class com.almasb.fxgl.app.FXGLApplication$GameApplicationService, class com.almasb.fxgl.app.services.FXGLDialogService, class com.almasb.fxgl.app.services.IOTaskExecutorService, class com.almasb.fxgl.io.FileSystemService, class com.almasb.fxgl.localization.LocalizationService, class com.almasb.fxgl.app.services.SystemBundleService, class com.almasb.fxgl.profile.SaveLoadService, class com.almasb.fxgl.ui.FXGLUIFactoryServiceProvider, class com.almasb.fxgl.ui.FXGLDialogFactoryServiceProvider, class com.almasb.fxgl.audio.AudioPlayer, class com.almasb.fxgl.notification.impl.NotificationServiceProvider, class com.almasb.fxgl.achievement.AchievementService, class com.almasb.fxgl.cutscene.CutsceneService, class com.almasb.fxgl.minigames.MiniGameService, class com.almasb.fxgl.net.NetService, class com.almasb.fxgl.app.services.UpdaterService, class com.almasb.fxgl.dev.DevService]
11:29:18.840 [FXGL Background Thread 3 ] DEBUG Engine               - fontGame: Abel-Regular.ttf
11:29:18.841 [FXGL Background Thread 3 ] DEBUG Engine               - fontMono: lucida_console.ttf
11:29:18.841 [FXGL Background Thread 3 ] DEBUG Engine               - fontText: Courier-Prime.ttf
11:29:18.841 [FXGL Background Thread 3 ] DEBUG Engine               - fontUI: VarelaRound-Regular.ttf
11:29:18.841 [FXGL Background Thread 3 ] DEBUG Engine               - fullScreen: BooleanProperty [value: false]
11:29:18.841 [FXGL Background Thread 3 ] DEBUG Engine               - gameDifficulty: MEDIUM
11:29:18.841 [FXGL Background Thread 3 ] DEBUG Engine               - gameDifficultyProperty: ObjectProperty [value: MEDIUM]
11:29:18.841 [FXGL Background Thread 3 ] DEBUG Engine               - globalMusicVolume: 0.5
11:29:18.841 [FXGL Background Thread 3 ] DEBUG Engine               - globalMusicVolumeProperty: DoubleProperty [value: 0.5]
11:29:18.841 [FXGL Background Thread 3 ] DEBUG Engine               - globalSoundVolume: 0.5
11:29:18.841 [FXGL Background Thread 3 ] DEBUG Engine               - globalSoundVolumeProperty: DoubleProperty [value: 0.5]
11:29:18.841 [FXGL Background Thread 3 ] DEBUG Engine               - height: 480
11:29:18.841 [FXGL Background Thread 3 ] DEBUG Engine               - is3D: false
11:29:18.841 [FXGL Background Thread 3 ] DEBUG Engine               - isAndroid: false
11:29:18.842 [FXGL Background Thread 3 ] DEBUG Engine               - isBrowser: false
11:29:18.842 [FXGL Background Thread 3 ] DEBUG Engine               - isClickFeedbackEnabled: false
11:29:18.842 [FXGL Background Thread 3 ] DEBUG Engine               - isCloseConfirmation: false
11:29:18.842 [FXGL Background Thread 3 ] DEBUG Engine               - isDesktop: true
11:29:18.842 [FXGL Background Thread 3 ] DEBUG Engine               - isDeveloperMenuEnabled: false
11:29:18.842 [FXGL Background Thread 3 ] DEBUG Engine               - isEntityPreloadEnabled: true
11:29:18.842 [FXGL Background Thread 3 ] DEBUG Engine               - isExperimentalTiledLargeMap: false
11:29:18.842 [FXGL Background Thread 3 ] DEBUG Engine               - isFileSystemWriteAllowed: true
11:29:18.842 [FXGL Background Thread 3 ] DEBUG Engine               - isFullScreenAllowed: false
11:29:18.842 [FXGL Background Thread 3 ] DEBUG Engine               - isFullScreenFromStart: false
11:29:18.842 [FXGL Background Thread 3 ] DEBUG Engine               - isGameMenuEnabled: true
11:29:18.842 [FXGL Background Thread 3 ] DEBUG Engine               - isIOS: false
11:29:18.842 [FXGL Background Thread 3 ] DEBUG Engine               - isIntroEnabled: false
11:29:18.842 [FXGL Background Thread 3 ] DEBUG Engine               - isLinux: false
11:29:18.843 [FXGL Background Thread 3 ] DEBUG Engine               - isMac: false
11:29:18.843 [FXGL Background Thread 3 ] DEBUG Engine               - isMainMenuEnabled: true
11:29:18.843 [FXGL Background Thread 3 ] DEBUG Engine               - isManualResizeEnabled: false
11:29:18.843 [FXGL Background Thread 3 ] DEBUG Engine               - isMobile: false
11:29:18.843 [FXGL Background Thread 3 ] DEBUG Engine               - isNative: false
11:29:18.843 [FXGL Background Thread 3 ] DEBUG Engine               - isPauseMusicWhenMinimized: true
11:29:18.843 [FXGL Background Thread 3 ] DEBUG Engine               - isPreserveResizeRatio: false
11:29:18.843 [FXGL Background Thread 3 ] DEBUG Engine               - isProfilingEnabled: false
11:29:18.843 [FXGL Background Thread 3 ] DEBUG Engine               - isScaleAffectedOnResize: true
11:29:18.843 [FXGL Background Thread 3 ] DEBUG Engine               - isSingleStep: false
11:29:18.843 [FXGL Background Thread 3 ] DEBUG Engine               - isUserProfileEnabled: false
11:29:18.843 [FXGL Background Thread 3 ] DEBUG Engine               - isWindows: true
11:29:18.843 [FXGL Background Thread 3 ] DEBUG Engine               - language: ObjectProperty [value: ENGLISH]
11:29:18.843 [FXGL Background Thread 3 ] DEBUG Engine               - menuKey: ESCAPE
11:29:18.843 [FXGL Background Thread 3 ] DEBUG Engine               - mouseSensitivity: 0.2
11:29:18.843 [FXGL Background Thread 3 ] DEBUG Engine               - notificationViewClass: class com.almasb.fxgl.notification.view.XboxNotificationView
11:29:18.843 [FXGL Background Thread 3 ] DEBUG Engine               - pixelsPerMeter: 50.0
11:29:18.844 [FXGL Background Thread 3 ] DEBUG Engine               - platform: WINDOWS
11:29:18.844 [FXGL Background Thread 3 ] DEBUG Engine               - prefHeightProperty: ReadOnlyDoubleProperty [value: 480.0]
11:29:18.844 [FXGL Background Thread 3 ] DEBUG Engine               - prefWidthProperty: ReadOnlyDoubleProperty [value: 640.0]
11:29:18.844 [FXGL Background Thread 3 ] DEBUG Engine               - profileDir: profiles/
11:29:18.844 [FXGL Background Thread 3 ] DEBUG Engine               - profileName: StringProperty [value: DEFAULT]
11:29:18.844 [FXGL Background Thread 3 ] DEBUG Engine               - randomSeed: -1
11:29:18.844 [FXGL Background Thread 3 ] DEBUG Engine               - runtimeInfo: RuntimeInfo(platform=WINDOWS, version=11.17, build=16.07.2021 15.46)
11:29:18.844 [FXGL Background Thread 3 ] DEBUG Engine               - saveFileExt: sav
11:29:18.844 [FXGL Background Thread 3 ] DEBUG Engine               - scaledHeightProp$fxgl: DoubleProperty [bound, value: 480.0]
11:29:18.844 [FXGL Background Thread 3 ] DEBUG Engine               - scaledWidthProp$fxgl: DoubleProperty [bound, value: 640.0]
11:29:18.844 [FXGL Background Thread 3 ] DEBUG Engine               - sceneFactory: com.almasb.fxgl.app.scene.SceneFactory@2e82267c
11:29:18.844 [FXGL Background Thread 3 ] DEBUG Engine               - secondsIn24h: 60
11:29:18.845 [FXGL Background Thread 3 ] DEBUG Engine               - soundMenuBack: menu/back.wav
11:29:18.845 [FXGL Background Thread 3 ] DEBUG Engine               - soundMenuPress: menu/press.wav
11:29:18.845 [FXGL Background Thread 3 ] DEBUG Engine               - soundMenuSelect: menu/select.wav
11:29:18.845 [FXGL Background Thread 3 ] DEBUG Engine               - soundNotification: core/notification.wav
11:29:18.845 [FXGL Background Thread 3 ] DEBUG Engine               - stageStyle: DECORATED
11:29:18.845 [FXGL Background Thread 3 ] DEBUG Engine               - supportedLanguages: [ENGLISH, FRENCH, GERMAN, HUNGARIAN, RUSSIAN]
11:29:18.845 [FXGL Background Thread 3 ] DEBUG Engine               - ticksPerSecond: -1
11:29:18.845 [FXGL Background Thread 3 ] DEBUG Engine               - title: JFX Invaders
11:29:18.845 [FXGL Background Thread 3 ] DEBUG Engine               - urlGithub: https://github.com/AlmasB/FXGL
11:29:18.845 [FXGL Background Thread 3 ] DEBUG Engine               - urlLeaderboard: http://fxgl-top.herokuapp.com/
11:29:18.845 [FXGL Background Thread 3 ] DEBUG Engine               - urlPOM: https://raw.githubusercontent.com/AlmasB/FXGL/release/README.md
11:29:18.845 [FXGL Background Thread 3 ] DEBUG Engine               - userAppClass: class com.bdn.jfxinvaders.InvadersApp
11:29:18.845 [FXGL Background Thread 3 ] DEBUG Engine               - version: 0.0
11:29:18.845 [FXGL Background Thread 3 ] DEBUG Engine               - versionCheckDays: 7
11:29:18.845 [FXGL Background Thread 3 ] DEBUG Engine               - width: 640
11:29:18.845 [FXGL Background Thread 3 ] DEBUG Engine               - Logging services
11:29:18.845 [FXGL Background Thread 3 ] DEBUG Engine               - class com.almasb.fxgl.app.services.FXGLAssetLoaderService
11:29:18.845 [FXGL Background Thread 3 ] DEBUG Engine               - class com.almasb.fxgl.app.FXGLApplication$GameApplicationService
11:29:18.846 [FXGL Background Thread 3 ] DEBUG Engine               - class com.almasb.fxgl.app.services.FXGLDialogService
11:29:18.846 [FXGL Background Thread 3 ] DEBUG Engine               - class com.almasb.fxgl.app.services.IOTaskExecutorService
11:29:18.846 [FXGL Background Thread 3 ] DEBUG Engine               - class com.almasb.fxgl.io.FileSystemService
11:29:18.846 [FXGL Background Thread 3 ] DEBUG Engine               - class com.almasb.fxgl.localization.LocalizationService
11:29:18.846 [FXGL Background Thread 3 ] DEBUG Engine               - class com.almasb.fxgl.app.services.SystemBundleService
11:29:18.846 [FXGL Background Thread 3 ] DEBUG Engine               - class com.almasb.fxgl.profile.SaveLoadService
11:29:18.846 [FXGL Background Thread 3 ] DEBUG Engine               - class com.almasb.fxgl.ui.FXGLUIFactoryServiceProvider
11:29:18.846 [FXGL Background Thread 3 ] DEBUG Engine               - class com.almasb.fxgl.ui.FXGLDialogFactoryServiceProvider
11:29:18.846 [FXGL Background Thread 3 ] DEBUG Engine               - class com.almasb.fxgl.audio.AudioPlayer
11:29:18.846 [FXGL Background Thread 3 ] DEBUG Engine               - class com.almasb.fxgl.notification.impl.NotificationServiceProvider
11:29:18.846 [FXGL Background Thread 3 ] DEBUG Engine               - class com.almasb.fxgl.achievement.AchievementService
11:29:18.846 [FXGL Background Thread 3 ] DEBUG Engine               - class com.almasb.fxgl.cutscene.CutsceneService
11:29:18.846 [FXGL Background Thread 3 ] DEBUG Engine               - class com.almasb.fxgl.minigames.MiniGameService
11:29:18.846 [FXGL Background Thread 3 ] DEBUG Engine               - class com.almasb.fxgl.net.NetService
11:29:18.846 [FXGL Background Thread 3 ] DEBUG Engine               - class com.almasb.fxgl.app.services.UpdaterService
11:29:18.847 [FXGL Background Thread 3 ] DEBUG Engine               - class com.almasb.fxgl.dev.DevService
11:29:19.228 [JavaFX Application Thread] DEBUG FXGLAssetLoaderServi - Loading from file system: file:/C:/Users/georg/IdeaProjects/JFXInvaders/target/classes/assets/textures/shipbullet.png
11:29:29.838 [JavaFX Application Thread] DEBUG FXGLApplication      - Exiting FXGL
11:29:29.838 [JavaFX Application Thread] DEBUG LoopRunner           - Stopping loop
11:29:29.838 [JavaFX Application Thread] DEBUG SystemBundleService  - Saving FXGL system data
11:29:29.839 [JavaFX Application Thread] DEBUG FileSystemAccess     - Writing to: C:\Users\georg\IdeaProjects\JFXInvaders\system\fxgl.bundle
11:29:29.840 [JavaFX Application Thread] DEBUG Async                - Shutting down background threads
11:29:29.841 [JavaFX Application Thread] DEBUG PrimaryStageWindow   - Closing main window
11:29:29.848 [JavaFX Application Thread] DEBUG Logger               - Closing Logger
