14:32:51.560 [main                     ] DEBUG Logger               - Configured Logger
14:32:51.563 [main                     ] DEBUG GameApplication      - Logging settings
Title: JFX Invaders
Version: 0.0
Width: 640
Height: 480
Fullscreen: false
Intro: false
Profiling: false
Single step:false
App Mode: DEVELOPER
Menu Key: ESCAPE
Stage Style: DECORATED
Scene Factory: class com.almasb.fxgl.app.scene.SceneFactory

14:32:51.787 [JavaFX Application Thread] DEBUG FXGLApplication      - Initializing FXGL
14:32:51.788 [JavaFX Application Thread] INFO  Engine               - FXGL-11.17 (16.07.2021 15.46) on WINDOWS (J:17.0.2 FX:17.0.1)
14:32:51.788 [JavaFX Application Thread] DEBUG Engine               - JRE Vendor Name: Oracle Corporation
14:32:51.788 [JavaFX Application Thread] DEBUG Engine               - Running on OS: Windows 10 version 10.0
14:32:51.788 [JavaFX Application Thread] DEBUG Engine               - Architecture: amd64
14:32:51.788 [JavaFX Application Thread] INFO  Engine               - Source code and latest versions at: https://github.com/AlmasB/FXGL
14:32:51.788 [JavaFX Application Thread] INFO  Engine               -              Join the FXGL chat at: https://gitter.im/AlmasB/FXGL
14:32:51.850 [JavaFX Application Thread] DEBUG PrimaryStageWindow   - Creating a JavaFX scene
14:32:51.878 [JavaFX Application Thread] DEBUG PrimaryStageWindow   - Target settings size: 640.0 x 480.0
14:32:51.878 [JavaFX Application Thread] DEBUG PrimaryStageWindow   - Scaled scene size:    640.0 x 480.0
14:32:51.878 [JavaFX Application Thread] DEBUG PrimaryStageWindow   - Scaled ratio: (1.0, 1.0)
14:32:51.878 [JavaFX Application Thread] DEBUG PrimaryStageWindow   - Set initial scene to FXGLStartupScene
14:32:51.882 [JavaFX Application Thread] DEBUG PrimaryStageWindow   - Opening main window
14:32:51.934 [JavaFX Application Thread] DEBUG PrimaryStageWindow   - Window border size: (16.0, 39.0)
14:32:51.934 [JavaFX Application Thread] DEBUG PrimaryStageWindow   - Scaled size: 640.0 x 480.0
14:32:51.934 [JavaFX Application Thread] DEBUG PrimaryStageWindow   - Scaled ratio: (1.0, 1.0)
14:32:51.934 [JavaFX Application Thread] DEBUG PrimaryStageWindow   - Scene size: 640.0 x 480.0
14:32:51.934 [JavaFX Application Thread] DEBUG PrimaryStageWindow   - Stage size: 656.0 x 519.0
14:32:51.939 [FXGL Background Thread 1 ] DEBUG Engine               - Initializing environment variables
14:32:51.967 [FXGL Background Thread 1 ] DEBUG FXGLAssetLoaderServi - User app class for loading assets: class com.bdn.jfxinvaders.InvadersApp
14:32:51.967 [FXGL Background Thread 1 ] DEBUG GameApplicationServi - Applying CSS: fxgl_dark.css
14:32:51.967 [FXGL Background Thread 1 ] DEBUG FXGLAssetLoaderServi - Loading from file system: jar:file:///C:/Users/georg/.m2/repository/com/github/almasb/fxgl/11.17/fxgl-11.17.jar!/fxglassets/ui/css/fxgl_dark.css
14:32:52.005 [FXGL Background Thread 1 ] DEBUG GameApplicationServi - Initializing application scenes
14:32:52.034 [FXGL Background Thread 1 ] DEBUG GameWorld            - Game world initialized
14:32:52.069 [FXGL Background Thread 1 ] DEBUG PhysicsWorld         - Physics world initialized: appHeight=480, physics.ppm=50.0
14:32:52.069 [FXGL Background Thread 1 ] DEBUG PhysicsWorld         - Using strategy: BRUTE_FORCE
14:32:52.071 [FXGL Background Thread 1 ] DEBUG GameScene            - Game scene initialized: 640x480
14:32:52.081 [FXGL Background Thread 1 ] WARN  FXGL.DefaultMenu     - FXGLDefaultMenu is not designed for resolutions < 800x600
14:32:52.081 [FXGL Background Thread 1 ] DEBUG FXGL.DefaultMenu     - createMenuBodyMainMenu()
14:32:52.093 [FXGL Background Thread 1 ] DEBUG FXGL.DefaultMenu     - createOptionsMenu()
14:32:52.103 [FXGL Background Thread 1 ] DEBUG FXGLAssetLoaderServi - Loading from file system: jar:file:///C:/Users/georg/.m2/repository/com/github/almasb/fxgl/11.17/fxgl-11.17.jar!/fxglassets/textures/particles/smoke.png
14:32:52.178 [FXGL Background Thread 1 ] DEBUG FXGLAssetLoaderServi - Loading from file system: jar:file:///C:/Users/georg/.m2/repository/com/github/almasb/fxgl/11.17/fxgl-11.17.jar!/fxglassets/textures/particles/trace_horizontal.png
14:32:52.200 [FXGL Background Thread 1 ] WARN  FXGL.DefaultMenu     - FXGLDefaultMenu is not designed for resolutions < 800x600
14:32:52.200 [FXGL Background Thread 1 ] DEBUG FXGL.DefaultMenu     - createMenuBodyGameMenu()
14:32:52.201 [FXGL Background Thread 1 ] DEBUG FXGL.DefaultMenu     - createOptionsMenu()
14:32:52.212 [FXGL Background Thread 1 ] DEBUG GameApplicationServi - Application scenes initialized
14:32:52.219 [FXGL Background Thread 1 ] DEBUG SystemBundleService  - Loading FXGL system data
14:32:52.222 [FXGL Background Thread 1 ] DEBUG FileSystemAccess     - Reading from: C:\Users\georg\IdeaProjects\JFXInvaders\system\fxgl.bundle
14:32:52.225 [FXGL Background Thread 1 ] DEBUG SystemBundleService  - Bundle FXGL: {}
14:32:52.225 [FXGL Background Thread 1 ] DEBUG UpdaterService       - Checking for updates
14:32:52.228 [FXGL Background Thread 4 ] DEBUG FXGLApplication      - Loading fonts
14:32:52.228 [FXGL Background Thread 1 ] DEBUG FXGLApplication      - Loading default localization
14:32:52.228 [FXGL Background Thread 4 ] DEBUG FXGLAssetLoaderServi - Loading from file system: jar:file:///C:/Users/georg/.m2/repository/com/github/almasb/fxgl/11.17/fxgl-11.17.jar!/fxglassets/ui/fonts/VarelaRound-Regular.ttf
14:32:52.228 [FXGL Background Thread 1 ] DEBUG FXGLAssetLoaderServi - Loading from file system: jar:file:///C:/Users/georg/.m2/repository/com/github/almasb/fxgl/11.17/fxgl-11.17.jar!/fxglassets/languages/english.lang
14:32:52.238 [FXGL Background Thread 1 ] INFO  FXGLApplication      - FXGL initialization took: 0.298 sec
14:32:52.246 [JavaFX Application Thread] DEBUG Input                - Registered new binding: Move Left - Left
14:32:52.246 [JavaFX Application Thread] DEBUG Input                - Registered new binding: Move Left Alternate - A
14:32:52.246 [JavaFX Application Thread] DEBUG Input                - Registered new binding: Move Right - Right
14:32:52.246 [JavaFX Application Thread] DEBUG Input                - Registered new binding: Move Right Alternate - D
14:32:52.246 [JavaFX Application Thread] DEBUG Input                - Registered new binding: Shoot - Space
14:32:52.247 [JavaFX Application Thread] DEBUG FXGLAssetLoaderServi - Loading from file system: jar:file:///C:/Users/georg/.m2/repository/com/github/almasb/fxgl/11.17/fxgl-11.17.jar!/fxglassets/textures/fxgl_icon.png
14:32:52.259 [JavaFX Application Thread] DEBUG FXGLAssetLoaderServi - Loading from file system: jar:file:///C:/Users/georg/.m2/repository/com/github/almasb/fxgl/11.17/fxgl-11.17.jar!/fxglassets/textures/fxgl_default_cursor.png
14:32:52.261 [JavaFX Application Thread] DEBUG Input                - Registered new binding: Screenshot - CTRL+8
14:32:52.261 [JavaFX Application Thread] DEBUG Input                - Registered new binding: System info dump - CTRL+9
14:32:52.261 [JavaFX Application Thread] DEBUG Input                - Registered new binding: Restart - CTRL+R
14:32:52.263 [JavaFX Application Thread] DEBUG Input                - Registered new binding: Toggle Debug Camera - CTRL+C
14:32:52.265 [JavaFX Application Thread] DEBUG LoopRunner           - Starting loop
14:32:52.265 [JavaFX Application Thread] DEBUG LoopRunner           - Initializing JavaFX AnimationTimerLoop
14:32:52.266 [JavaFX Application Thread] DEBUG Input                - Clearing active input actions
14:32:52.271 [JavaFX Application Thread] DEBUG GameApplicationServi - Removing overlay from FXGLStartupScene and adding to FXGLMainMenuDummyScene
14:32:52.272 [JavaFX Application Thread] DEBUG PrimaryStageWindow   - FXGLStartupScene -> FXGLMainMenuDummyScene
14:32:52.272 [JavaFX Application Thread] DEBUG PrimaryStageWindow   - Push state: FXGLDefaultMenu
14:32:52.275 [JavaFX Application Thread] DEBUG Input                - Clearing active input actions
14:32:52.281 [JavaFX Application Thread] DEBUG GameApplicationServi - Removing overlay from FXGLMainMenuDummyScene and adding to FXGLDefaultMenu
14:32:52.281 [JavaFX Application Thread] DEBUG PrimaryStageWindow   - FXGLMainMenuDummyScene -> FXGLDefaultMenu
14:32:52.282 [FXGL Background Thread 4 ] DEBUG FXGLAssetLoaderServi - Loading from file system: jar:file:///C:/Users/georg/.m2/repository/com/github/almasb/fxgl/11.17/fxgl-11.17.jar!/fxglassets/ui/fonts/Abel-Regular.ttf
14:32:52.289 [FXGL Background Thread 4 ] DEBUG FXGLAssetLoaderServi - Loading from file system: jar:file:///C:/Users/georg/.m2/repository/com/github/almasb/fxgl/11.17/fxgl-11.17.jar!/fxglassets/ui/fonts/lucida_console.ttf
14:32:52.296 [FXGL Background Thread 4 ] DEBUG FXGLAssetLoaderServi - Loading from file system: jar:file:///C:/Users/georg/.m2/repository/com/github/almasb/fxgl/11.17/fxgl-11.17.jar!/fxglassets/ui/fonts/Courier-Prime.ttf
14:32:52.323 [JavaFX Application Thread] DEBUG FXGLApplication      - Registering font factories with UI factory
14:32:52.564 [FXGL Background Thread 2 ] INFO  UpdaterService       - Your current version:  11.17
14:32:52.564 [FXGL Background Thread 2 ] INFO  UpdaterService       - Latest stable version: 17.3
14:32:53.117 [JavaFX Application Thread] DEBUG Menu                 - fireNewGame()
14:32:53.117 [JavaFX Application Thread] DEBUG GameApplicationServi - Starting new game
14:32:53.122 [JavaFX Application Thread] DEBUG PrimaryStageWindow   - Pop state: FXGLDefaultMenu
14:32:53.122 [JavaFX Application Thread] DEBUG Input                - Clearing active input actions
14:32:53.122 [JavaFX Application Thread] DEBUG GameApplicationServi - Removing overlay from FXGLDefaultMenu and adding to FXGLMainMenuDummyScene
14:32:53.123 [JavaFX Application Thread] DEBUG PrimaryStageWindow   - FXGLMainMenuDummyScene <- FXGLDefaultMenu
14:32:53.123 [JavaFX Application Thread] DEBUG Input                - Clearing active input actions
14:32:53.128 [JavaFX Application Thread] DEBUG GameApplicationServi - Removing overlay from FXGLMainMenuDummyScene and adding to FXGLLoadingScene
14:32:53.128 [JavaFX Application Thread] DEBUG PrimaryStageWindow   - FXGLMainMenuDummyScene -> FXGLLoadingScene
14:32:53.129 [JavaFX Application Thread] DEBUG GameApplicationServi - Clearing previous game
14:32:53.129 [JavaFX Application Thread] DEBUG GameScene            - Clearing game scene
14:32:53.129 [JavaFX Application Thread] DEBUG GameWorld            - Clearing game world
14:32:53.129 [JavaFX Application Thread] DEBUG PhysicsWorld         - Clearing physics world
14:32:53.130 [FXGL Background Thread 2 ] DEBUG FXGLApplication      - Initializing game
14:32:53.136 [FXGL Background Thread 2 ] DEBUG FXGLAssetLoaderServi - Loading from file system: file:/C:/Users/georg/IdeaProjects/JFXInvaders/target/classes/assets/music/backgroundmusic.mp3
14:32:53.261 [FXGL Background Thread 2 ] DEBUG AudioPlayer          - Playing music com.almasb.fxgl.audio.Music@72bfc619
14:32:53.264 [FXGL Background Thread 2 ] DEBUG FXGLAssetLoaderServi - Loading from file system: file:/C:/Users/georg/IdeaProjects/JFXInvaders/target/classes/assets/textures/space.png
14:32:53.280 [FXGL Background Thread 2 ] DEBUG FXGLAssetLoaderServi - Loading from file system: file:/C:/Users/georg/IdeaProjects/JFXInvaders/target/classes/assets/textures/ship.png
14:32:53.291 [FXGL Background Thread 2 ] DEBUG FXGLAssetLoaderServi - Loading from file system: file:/C:/Users/georg/IdeaProjects/JFXInvaders/target/classes/assets/textures/greenalien.png
14:32:53.302 [FXGL Background Thread 2 ] INFO  FXGLApplication      - Game initialization took: 0.172 sec
14:32:53.302 [JavaFX Application Thread] DEBUG Input                - Clearing active input actions
14:32:53.306 [JavaFX Application Thread] DEBUG GameApplicationServi - Removing overlay from FXGLLoadingScene and adding to GameScene
14:32:53.306 [JavaFX Application Thread] DEBUG PrimaryStageWindow   - FXGLLoadingScene -> GameScene
14:32:55.229 [FXGL Background Thread 3 ] DEBUG Engine               - Logging environment variables
14:32:55.229 [FXGL Background Thread 3 ] DEBUG Engine               - achievements: []
14:32:55.229 [FXGL Background Thread 3 ] DEBUG Engine               - actualHeight: 480.0
14:32:55.229 [FXGL Background Thread 3 ] DEBUG Engine               - actualHeightProperty: ReadOnlyDoubleProperty [value: 480.0]
14:32:55.229 [FXGL Background Thread 3 ] DEBUG Engine               - actualWidth: 640.0
14:32:55.229 [FXGL Background Thread 3 ] DEBUG Engine               - actualWidthProperty: ReadOnlyDoubleProperty [value: 640.0]
14:32:55.229 [FXGL Background Thread 3 ] DEBUG Engine               - appIcon: fxgl_icon.png
14:32:55.229 [FXGL Background Thread 3 ] DEBUG Engine               - applicationMode: DEVELOPER
14:32:55.229 [FXGL Background Thread 3 ] DEBUG Engine               - cSSList: [fxgl_dark.css]
14:32:55.229 [FXGL Background Thread 3 ] DEBUG Engine               - collisionDetectionStrategy: BRUTE_FORCE
14:32:55.230 [FXGL Background Thread 3 ] DEBUG Engine               - configClass: Optional.empty
14:32:55.230 [FXGL Background Thread 3 ] DEBUG Engine               - credits: []
14:32:55.230 [FXGL Background Thread 3 ] DEBUG Engine               - defaultCursor: CursorInfo(imageName=fxgl_default_cursor.png, hotspotX=7.0, hotspotY=6.0)
14:32:55.230 [FXGL Background Thread 3 ] DEBUG Engine               - devBBoxColorProperty: ObjectProperty [value: 0xff0000ff]
14:32:55.230 [FXGL Background Thread 3 ] DEBUG Engine               - devEnableDebugCameraProperty: BooleanProperty [value: false]
14:32:55.230 [FXGL Background Thread 3 ] DEBUG Engine               - devSensorColorProperty: ObjectProperty [value: 0xffff00ff]
14:32:55.230 [FXGL Background Thread 3 ] DEBUG Engine               - devShowBBoxProperty: BooleanProperty [value: false]
14:32:55.230 [FXGL Background Thread 3 ] DEBUG Engine               - devShowPositionProperty: BooleanProperty [value: false]
14:32:55.230 [FXGL Background Thread 3 ] DEBUG Engine               - enabledMenuItems: []
14:32:55.230 [FXGL Background Thread 3 ] DEBUG Engine               - engineServices: [class com.almasb.fxgl.app.services.FXGLAssetLoaderService, class com.almasb.fxgl.app.FXGLApplication$GameApplicationService, class com.almasb.fxgl.app.services.FXGLDialogService, class com.almasb.fxgl.app.services.IOTaskExecutorService, class com.almasb.fxgl.io.FileSystemService, class com.almasb.fxgl.localization.LocalizationService, class com.almasb.fxgl.app.services.SystemBundleService, class com.almasb.fxgl.profile.SaveLoadService, class com.almasb.fxgl.ui.FXGLUIFactoryServiceProvider, class com.almasb.fxgl.ui.FXGLDialogFactoryServiceProvider, class com.almasb.fxgl.audio.AudioPlayer, class com.almasb.fxgl.notification.impl.NotificationServiceProvider, class com.almasb.fxgl.achievement.AchievementService, class com.almasb.fxgl.cutscene.CutsceneService, class com.almasb.fxgl.minigames.MiniGameService, class com.almasb.fxgl.net.NetService, class com.almasb.fxgl.app.services.UpdaterService, class com.almasb.fxgl.dev.DevService]
14:32:55.230 [FXGL Background Thread 3 ] DEBUG Engine               - fontGame: Abel-Regular.ttf
14:32:55.230 [FXGL Background Thread 3 ] DEBUG Engine               - fontMono: lucida_console.ttf
14:32:55.230 [FXGL Background Thread 3 ] DEBUG Engine               - fontText: Courier-Prime.ttf
14:32:55.230 [FXGL Background Thread 3 ] DEBUG Engine               - fontUI: VarelaRound-Regular.ttf
14:32:55.230 [FXGL Background Thread 3 ] DEBUG Engine               - fullScreen: BooleanProperty [value: false]
14:32:55.230 [FXGL Background Thread 3 ] DEBUG Engine               - gameDifficulty: MEDIUM
14:32:55.230 [FXGL Background Thread 3 ] DEBUG Engine               - gameDifficultyProperty: ObjectProperty [value: MEDIUM]
14:32:55.230 [FXGL Background Thread 3 ] DEBUG Engine               - globalMusicVolume: 0.5
14:32:55.231 [FXGL Background Thread 3 ] DEBUG Engine               - globalMusicVolumeProperty: DoubleProperty [value: 0.5]
14:32:55.231 [FXGL Background Thread 3 ] DEBUG Engine               - globalSoundVolume: 0.5
14:32:55.231 [FXGL Background Thread 3 ] DEBUG Engine               - globalSoundVolumeProperty: DoubleProperty [value: 0.5]
14:32:55.231 [FXGL Background Thread 3 ] DEBUG Engine               - height: 480
14:32:55.231 [FXGL Background Thread 3 ] DEBUG Engine               - is3D: false
14:32:55.231 [FXGL Background Thread 3 ] DEBUG Engine               - isAndroid: false
14:32:55.231 [FXGL Background Thread 3 ] DEBUG Engine               - isBrowser: false
14:32:55.231 [FXGL Background Thread 3 ] DEBUG Engine               - isClickFeedbackEnabled: false
14:32:55.231 [FXGL Background Thread 3 ] DEBUG Engine               - isCloseConfirmation: false
14:32:55.232 [FXGL Background Thread 3 ] DEBUG Engine               - isDesktop: true
14:32:55.232 [FXGL Background Thread 3 ] DEBUG Engine               - isDeveloperMenuEnabled: false
14:32:55.232 [FXGL Background Thread 3 ] DEBUG Engine               - isEntityPreloadEnabled: true
14:32:55.232 [FXGL Background Thread 3 ] DEBUG Engine               - isExperimentalTiledLargeMap: false
14:32:55.232 [FXGL Background Thread 3 ] DEBUG Engine               - isFileSystemWriteAllowed: true
14:32:55.232 [FXGL Background Thread 3 ] DEBUG Engine               - isFullScreenAllowed: false
14:32:55.232 [FXGL Background Thread 3 ] DEBUG Engine               - isFullScreenFromStart: false
14:32:55.232 [FXGL Background Thread 3 ] DEBUG Engine               - isGameMenuEnabled: true
14:32:55.232 [FXGL Background Thread 3 ] DEBUG Engine               - isIOS: false
14:32:55.232 [FXGL Background Thread 3 ] DEBUG Engine               - isIntroEnabled: false
14:32:55.232 [FXGL Background Thread 3 ] DEBUG Engine               - isLinux: false
14:32:55.232 [FXGL Background Thread 3 ] DEBUG Engine               - isMac: false
14:32:55.232 [FXGL Background Thread 3 ] DEBUG Engine               - isMainMenuEnabled: true
14:32:55.232 [FXGL Background Thread 3 ] DEBUG Engine               - isManualResizeEnabled: false
14:32:55.233 [FXGL Background Thread 3 ] DEBUG Engine               - isMobile: false
14:32:55.233 [FXGL Background Thread 3 ] DEBUG Engine               - isNative: false
14:32:55.233 [FXGL Background Thread 3 ] DEBUG Engine               - isPauseMusicWhenMinimized: true
14:32:55.233 [FXGL Background Thread 3 ] DEBUG Engine               - isPreserveResizeRatio: false
14:32:55.233 [FXGL Background Thread 3 ] DEBUG Engine               - isProfilingEnabled: false
14:32:55.233 [FXGL Background Thread 3 ] DEBUG Engine               - isScaleAffectedOnResize: true
14:32:55.233 [FXGL Background Thread 3 ] DEBUG Engine               - isSingleStep: false
14:32:55.233 [FXGL Background Thread 3 ] DEBUG Engine               - isUserProfileEnabled: false
14:32:55.233 [FXGL Background Thread 3 ] DEBUG Engine               - isWindows: true
14:32:55.233 [FXGL Background Thread 3 ] DEBUG Engine               - language: ObjectProperty [value: ENGLISH]
14:32:55.233 [FXGL Background Thread 3 ] DEBUG Engine               - menuKey: ESCAPE
14:32:55.233 [FXGL Background Thread 3 ] DEBUG Engine               - mouseSensitivity: 0.2
14:32:55.234 [FXGL Background Thread 3 ] DEBUG Engine               - notificationViewClass: class com.almasb.fxgl.notification.view.XboxNotificationView
14:32:55.234 [FXGL Background Thread 3 ] DEBUG Engine               - pixelsPerMeter: 50.0
14:32:55.234 [FXGL Background Thread 3 ] DEBUG Engine               - platform: WINDOWS
14:32:55.234 [FXGL Background Thread 3 ] DEBUG Engine               - prefHeightProperty: ReadOnlyDoubleProperty [value: 480.0]
14:32:55.234 [FXGL Background Thread 3 ] DEBUG Engine               - prefWidthProperty: ReadOnlyDoubleProperty [value: 640.0]
14:32:55.234 [FXGL Background Thread 3 ] DEBUG Engine               - profileDir: profiles/
14:32:55.234 [FXGL Background Thread 3 ] DEBUG Engine               - profileName: StringProperty [value: DEFAULT]
14:32:55.234 [FXGL Background Thread 3 ] DEBUG Engine               - randomSeed: -1
14:32:55.234 [FXGL Background Thread 3 ] DEBUG Engine               - runtimeInfo: RuntimeInfo(platform=WINDOWS, version=11.17, build=16.07.2021 15.46)
14:32:55.234 [FXGL Background Thread 3 ] DEBUG Engine               - saveFileExt: sav
14:32:55.234 [FXGL Background Thread 3 ] DEBUG Engine               - scaledHeightProp$fxgl: DoubleProperty [bound, value: 480.0]
14:32:55.234 [FXGL Background Thread 3 ] DEBUG Engine               - scaledWidthProp$fxgl: DoubleProperty [bound, value: 640.0]
14:32:55.234 [FXGL Background Thread 3 ] DEBUG Engine               - sceneFactory: com.almasb.fxgl.app.scene.SceneFactory@727266ca
14:32:55.235 [FXGL Background Thread 3 ] DEBUG Engine               - secondsIn24h: 60
14:32:55.235 [FXGL Background Thread 3 ] DEBUG Engine               - soundMenuBack: menu/back.wav
14:32:55.235 [FXGL Background Thread 3 ] DEBUG Engine               - soundMenuPress: menu/press.wav
14:32:55.235 [FXGL Background Thread 3 ] DEBUG Engine               - soundMenuSelect: menu/select.wav
14:32:55.235 [FXGL Background Thread 3 ] DEBUG Engine               - soundNotification: core/notification.wav
14:32:55.235 [FXGL Background Thread 3 ] DEBUG Engine               - stageStyle: DECORATED
14:32:55.235 [FXGL Background Thread 3 ] DEBUG Engine               - supportedLanguages: [ENGLISH, FRENCH, GERMAN, HUNGARIAN, RUSSIAN]
14:32:55.235 [FXGL Background Thread 3 ] DEBUG Engine               - ticksPerSecond: -1
14:32:55.235 [FXGL Background Thread 3 ] DEBUG Engine               - title: JFX Invaders
14:32:55.235 [FXGL Background Thread 3 ] DEBUG Engine               - urlGithub: https://github.com/AlmasB/FXGL
14:32:55.235 [FXGL Background Thread 3 ] DEBUG Engine               - urlLeaderboard: http://fxgl-top.herokuapp.com/
14:32:55.236 [FXGL Background Thread 3 ] DEBUG Engine               - urlPOM: https://raw.githubusercontent.com/AlmasB/FXGL/release/README.md
14:32:55.236 [FXGL Background Thread 3 ] DEBUG Engine               - userAppClass: class com.bdn.jfxinvaders.InvadersApp
14:32:55.236 [FXGL Background Thread 3 ] DEBUG Engine               - version: 0.0
14:32:55.236 [FXGL Background Thread 3 ] DEBUG Engine               - versionCheckDays: 7
14:32:55.236 [FXGL Background Thread 3 ] DEBUG Engine               - width: 640
14:32:55.236 [FXGL Background Thread 3 ] DEBUG Engine               - Logging services
14:32:55.236 [FXGL Background Thread 3 ] DEBUG Engine               - class com.almasb.fxgl.app.services.FXGLAssetLoaderService
14:32:55.236 [FXGL Background Thread 3 ] DEBUG Engine               - class com.almasb.fxgl.app.FXGLApplication$GameApplicationService
14:32:55.236 [FXGL Background Thread 3 ] DEBUG Engine               - class com.almasb.fxgl.app.services.FXGLDialogService
14:32:55.236 [FXGL Background Thread 3 ] DEBUG Engine               - class com.almasb.fxgl.app.services.IOTaskExecutorService
14:32:55.236 [FXGL Background Thread 3 ] DEBUG Engine               - class com.almasb.fxgl.io.FileSystemService
14:32:55.236 [FXGL Background Thread 3 ] DEBUG Engine               - class com.almasb.fxgl.localization.LocalizationService
14:32:55.236 [FXGL Background Thread 3 ] DEBUG Engine               - class com.almasb.fxgl.app.services.SystemBundleService
14:32:55.236 [FXGL Background Thread 3 ] DEBUG Engine               - class com.almasb.fxgl.profile.SaveLoadService
14:32:55.236 [FXGL Background Thread 3 ] DEBUG Engine               - class com.almasb.fxgl.ui.FXGLUIFactoryServiceProvider
14:32:55.236 [FXGL Background Thread 3 ] DEBUG Engine               - class com.almasb.fxgl.ui.FXGLDialogFactoryServiceProvider
14:32:55.237 [FXGL Background Thread 3 ] DEBUG Engine               - class com.almasb.fxgl.audio.AudioPlayer
14:32:55.237 [FXGL Background Thread 3 ] DEBUG Engine               - class com.almasb.fxgl.notification.impl.NotificationServiceProvider
14:32:55.237 [FXGL Background Thread 3 ] DEBUG Engine               - class com.almasb.fxgl.achievement.AchievementService
14:32:55.237 [FXGL Background Thread 3 ] DEBUG Engine               - class com.almasb.fxgl.cutscene.CutsceneService
14:32:55.237 [FXGL Background Thread 3 ] DEBUG Engine               - class com.almasb.fxgl.minigames.MiniGameService
14:32:55.237 [FXGL Background Thread 3 ] DEBUG Engine               - class com.almasb.fxgl.net.NetService
14:32:55.237 [FXGL Background Thread 3 ] DEBUG Engine               - class com.almasb.fxgl.app.services.UpdaterService
14:32:55.237 [FXGL Background Thread 3 ] DEBUG Engine               - class com.almasb.fxgl.dev.DevService
14:33:38.851 [JavaFX Application Thread] DEBUG FXGLAssetLoaderServi - Loading from file system: file:/C:/Users/georg/IdeaProjects/JFXInvaders/target/classes/assets/textures/orangealien.png
14:34:07.775 [JavaFX Application Thread] DEBUG FXGLApplication      - Exiting FXGL
14:34:07.775 [JavaFX Application Thread] DEBUG LoopRunner           - Stopping loop
14:34:07.775 [JavaFX Application Thread] DEBUG SystemBundleService  - Saving FXGL system data
14:34:07.777 [JavaFX Application Thread] DEBUG FileSystemAccess     - Writing to: C:\Users\georg\IdeaProjects\JFXInvaders\system\fxgl.bundle
14:34:07.778 [JavaFX Application Thread] DEBUG Async                - Shutting down background threads
14:34:07.778 [JavaFX Application Thread] DEBUG PrimaryStageWindow   - Closing main window
14:34:07.785 [JavaFX Application Thread] DEBUG Logger               - Closing Logger
